mode: set
github.com/clawinfra/evoclaw/cmd/evoclaw/gateway.go:12.45,13.19 1 0
github.com/clawinfra/evoclaw/cmd/evoclaw/gateway.go:13.19,16.3 2 0
github.com/clawinfra/evoclaw/cmd/evoclaw/gateway.go:18.2,20.53 2 0
github.com/clawinfra/evoclaw/cmd/evoclaw/gateway.go:20.53,23.3 2 0
github.com/clawinfra/evoclaw/cmd/evoclaw/gateway.go:25.2,25.13 1 0
github.com/clawinfra/evoclaw/cmd/evoclaw/gateway.go:26.15,27.24 1 0
github.com/clawinfra/evoclaw/cmd/evoclaw/gateway.go:28.14,29.23 1 0
github.com/clawinfra/evoclaw/cmd/evoclaw/gateway.go:30.16,31.25 1 0
github.com/clawinfra/evoclaw/cmd/evoclaw/gateway.go:32.17,33.26 1 0
github.com/clawinfra/evoclaw/cmd/evoclaw/gateway.go:34.17,35.26 1 0
github.com/clawinfra/evoclaw/cmd/evoclaw/gateway.go:36.19,37.28 1 0
github.com/clawinfra/evoclaw/cmd/evoclaw/gateway.go:38.10,39.56 1 0
github.com/clawinfra/evoclaw/cmd/evoclaw/gateway.go:43.27,47.45 2 0
github.com/clawinfra/evoclaw/cmd/evoclaw/gateway.go:47.45,49.3 1 0
github.com/clawinfra/evoclaw/cmd/evoclaw/gateway.go:51.2,54.36 2 0
github.com/clawinfra/evoclaw/cmd/evoclaw/gateway.go:54.36,56.3 1 0
github.com/clawinfra/evoclaw/cmd/evoclaw/gateway.go:58.2,63.12 5 0
github.com/clawinfra/evoclaw/cmd/evoclaw/gateway.go:66.26,68.14 2 0
github.com/clawinfra/evoclaw/cmd/evoclaw/gateway.go:68.14,71.3 2 0
github.com/clawinfra/evoclaw/cmd/evoclaw/gateway.go:73.2,77.16 3 0
github.com/clawinfra/evoclaw/cmd/evoclaw/gateway.go:77.16,79.3 1 0
github.com/clawinfra/evoclaw/cmd/evoclaw/gateway.go:81.2,81.56 1 0
github.com/clawinfra/evoclaw/cmd/evoclaw/gateway.go:81.56,83.3 1 0
github.com/clawinfra/evoclaw/cmd/evoclaw/gateway.go:86.2,86.26 1 0
github.com/clawinfra/evoclaw/cmd/evoclaw/gateway.go:86.26,88.45 2 0
github.com/clawinfra/evoclaw/cmd/evoclaw/gateway.go:88.45,92.4 3 0
github.com/clawinfra/evoclaw/cmd/evoclaw/gateway.go:96.2,97.39 2 0
github.com/clawinfra/evoclaw/cmd/evoclaw/gateway.go:97.39,99.3 1 0
github.com/clawinfra/evoclaw/cmd/evoclaw/gateway.go:101.2,103.12 3 0
github.com/clawinfra/evoclaw/cmd/evoclaw/gateway.go:106.28,109.13 2 0
github.com/clawinfra/evoclaw/cmd/evoclaw/gateway.go:109.13,114.21 3 0
github.com/clawinfra/evoclaw/cmd/evoclaw/gateway.go:114.21,117.4 2 0
github.com/clawinfra/evoclaw/cmd/evoclaw/gateway.go:119.3,119.13 1 0
github.com/clawinfra/evoclaw/cmd/evoclaw/gateway.go:122.2,123.34 2 0
github.com/clawinfra/evoclaw/cmd/evoclaw/gateway.go:126.29,130.43 2 0
github.com/clawinfra/evoclaw/cmd/evoclaw/gateway.go:130.43,131.39 1 0
github.com/clawinfra/evoclaw/cmd/evoclaw/gateway.go:131.39,133.4 1 0
github.com/clawinfra/evoclaw/cmd/evoclaw/gateway.go:134.3,134.30 1 0
github.com/clawinfra/evoclaw/cmd/evoclaw/gateway.go:138.2,138.23 1 0
github.com/clawinfra/evoclaw/cmd/evoclaw/gateway.go:141.29,143.9 1 0
github.com/clawinfra/evoclaw/cmd/evoclaw/gateway.go:144.41,145.26 1 0
github.com/clawinfra/evoclaw/cmd/evoclaw/gateway.go:146.44,147.26 1 0
github.com/clawinfra/evoclaw/cmd/evoclaw/gateway.go:148.10,149.73 1 0
github.com/clawinfra/evoclaw/cmd/evoclaw/gateway.go:153.31,154.9 1 0
github.com/clawinfra/evoclaw/cmd/evoclaw/gateway.go:155.41,156.28 1 0
github.com/clawinfra/evoclaw/cmd/evoclaw/gateway.go:157.44,158.28 1 0
github.com/clawinfra/evoclaw/cmd/evoclaw/gateway.go:159.10,160.47 1 0
github.com/clawinfra/evoclaw/cmd/evoclaw/gateway.go:166.33,169.16 3 0
github.com/clawinfra/evoclaw/cmd/evoclaw/gateway.go:169.16,171.3 1 0
github.com/clawinfra/evoclaw/cmd/evoclaw/gateway.go:173.2,174.64 2 0
github.com/clawinfra/evoclaw/cmd/evoclaw/gateway.go:174.64,176.3 1 0
github.com/clawinfra/evoclaw/cmd/evoclaw/gateway.go:179.2,180.16 2 0
github.com/clawinfra/evoclaw/cmd/evoclaw/gateway.go:180.16,182.3 1 0
github.com/clawinfra/evoclaw/cmd/evoclaw/gateway.go:185.2,185.58 1 0
github.com/clawinfra/evoclaw/cmd/evoclaw/gateway.go:185.58,187.3 1 0
github.com/clawinfra/evoclaw/cmd/evoclaw/gateway.go:189.2,189.18 1 0
github.com/clawinfra/evoclaw/cmd/evoclaw/gateway.go:192.26,194.47 1 0
github.com/clawinfra/evoclaw/cmd/evoclaw/gateway.go:194.47,196.3 1 0
github.com/clawinfra/evoclaw/cmd/evoclaw/gateway.go:198.2,198.31 1 0
github.com/clawinfra/evoclaw/cmd/evoclaw/gateway.go:201.24,209.2 1 0
github.com/clawinfra/evoclaw/cmd/evoclaw/gateway.go:211.35,214.2 2 0
github.com/clawinfra/evoclaw/cmd/evoclaw/gateway.go:216.25,249.2 1 0
github.com/clawinfra/evoclaw/cmd/evoclaw/launchd.go:71.29,76.16 3 0
github.com/clawinfra/evoclaw/cmd/evoclaw/launchd.go:76.16,78.3 1 0
github.com/clawinfra/evoclaw/cmd/evoclaw/launchd.go:79.2,83.16 3 0
github.com/clawinfra/evoclaw/cmd/evoclaw/launchd.go:83.16,85.3 1 0
github.com/clawinfra/evoclaw/cmd/evoclaw/launchd.go:88.2,93.29 4 0
github.com/clawinfra/evoclaw/cmd/evoclaw/launchd.go:93.29,95.28 2 0
github.com/clawinfra/evoclaw/cmd/evoclaw/launchd.go:95.28,97.4 1 0
github.com/clawinfra/evoclaw/cmd/evoclaw/launchd.go:101.2,101.50 1 0
github.com/clawinfra/evoclaw/cmd/evoclaw/launchd.go:101.50,103.3 1 0
github.com/clawinfra/evoclaw/cmd/evoclaw/launchd.go:105.2,115.16 3 0
github.com/clawinfra/evoclaw/cmd/evoclaw/launchd.go:115.16,117.3 1 0
github.com/clawinfra/evoclaw/cmd/evoclaw/launchd.go:120.2,123.12 3 0
github.com/clawinfra/evoclaw/cmd/evoclaw/launchd.go:123.12,126.3 1 0
github.com/clawinfra/evoclaw/cmd/evoclaw/launchd.go:126.8,129.68 2 0
github.com/clawinfra/evoclaw/cmd/evoclaw/launchd.go:129.68,131.4 1 0
github.com/clawinfra/evoclaw/cmd/evoclaw/launchd.go:135.2,136.16 2 0
github.com/clawinfra/evoclaw/cmd/evoclaw/launchd.go:136.16,138.3 1 0
github.com/clawinfra/evoclaw/cmd/evoclaw/launchd.go:139.2,139.15 1 0
github.com/clawinfra/evoclaw/cmd/evoclaw/launchd.go:139.15,139.32 1 0
github.com/clawinfra/evoclaw/cmd/evoclaw/launchd.go:141.2,141.45 1 0
github.com/clawinfra/evoclaw/cmd/evoclaw/launchd.go:141.45,143.3 1 0
github.com/clawinfra/evoclaw/cmd/evoclaw/launchd.go:145.2,149.12 3 0
github.com/clawinfra/evoclaw/cmd/evoclaw/launchd.go:149.12,151.3 1 0
github.com/clawinfra/evoclaw/cmd/evoclaw/launchd.go:151.8,153.3 1 0
github.com/clawinfra/evoclaw/cmd/evoclaw/launchd.go:155.2,155.38 1 0
github.com/clawinfra/evoclaw/cmd/evoclaw/launchd.go:155.38,159.3 3 0
github.com/clawinfra/evoclaw/cmd/evoclaw/launchd.go:159.8,161.3 1 0
github.com/clawinfra/evoclaw/cmd/evoclaw/launchd.go:164.2,165.12 2 0
github.com/clawinfra/evoclaw/cmd/evoclaw/launchd.go:165.12,169.3 3 0
github.com/clawinfra/evoclaw/cmd/evoclaw/launchd.go:169.8,173.3 3 0
github.com/clawinfra/evoclaw/cmd/evoclaw/launchd.go:174.2,176.12 2 0
github.com/clawinfra/evoclaw/cmd/evoclaw/launchd.go:179.31,185.12 4 0
github.com/clawinfra/evoclaw/cmd/evoclaw/launchd.go:185.12,187.3 1 0
github.com/clawinfra/evoclaw/cmd/evoclaw/launchd.go:187.8,190.3 2 0
github.com/clawinfra/evoclaw/cmd/evoclaw/launchd.go:193.2,197.68 3 0
github.com/clawinfra/evoclaw/cmd/evoclaw/launchd.go:197.68,199.3 1 0
github.com/clawinfra/evoclaw/cmd/evoclaw/launchd.go:201.2,202.12 2 0
github.com/clawinfra/evoclaw/cmd/evoclaw/main.go:51.13,53.2 1 0
github.com/clawinfra/evoclaw/cmd/evoclaw/main.go:55.16,63.36 5 1
github.com/clawinfra/evoclaw/cmd/evoclaw/main.go:63.36,64.15 1 1
github.com/clawinfra/evoclaw/cmd/evoclaw/main.go:64.15,66.12 2 0
github.com/clawinfra/evoclaw/cmd/evoclaw/main.go:68.3,69.44 2 1
github.com/clawinfra/evoclaw/cmd/evoclaw/main.go:69.44,70.26 1 0
github.com/clawinfra/evoclaw/cmd/evoclaw/main.go:70.26,73.5 2 0
github.com/clawinfra/evoclaw/cmd/evoclaw/main.go:78.2,79.36 2 1
github.com/clawinfra/evoclaw/cmd/evoclaw/main.go:79.36,80.15 1 1
github.com/clawinfra/evoclaw/cmd/evoclaw/main.go:80.15,82.12 2 0
github.com/clawinfra/evoclaw/cmd/evoclaw/main.go:84.3,87.87 2 1
github.com/clawinfra/evoclaw/cmd/evoclaw/main.go:87.87,88.45 1 1
github.com/clawinfra/evoclaw/cmd/evoclaw/main.go:88.45,90.5 1 0
github.com/clawinfra/evoclaw/cmd/evoclaw/main.go:91.4,91.12 1 1
github.com/clawinfra/evoclaw/cmd/evoclaw/main.go:95.3,95.36 1 1
github.com/clawinfra/evoclaw/cmd/evoclaw/main.go:95.36,98.9 3 1
github.com/clawinfra/evoclaw/cmd/evoclaw/main.go:103.2,103.18 1 1
github.com/clawinfra/evoclaw/cmd/evoclaw/main.go:103.18,104.17 1 1
github.com/clawinfra/evoclaw/cmd/evoclaw/main.go:105.31,108.34 2 1
github.com/clawinfra/evoclaw/cmd/evoclaw/main.go:108.34,110.5 1 1
github.com/clawinfra/evoclaw/cmd/evoclaw/main.go:111.4,111.20 1 1
github.com/clawinfra/evoclaw/cmd/evoclaw/main.go:111.20,113.5 1 1
github.com/clawinfra/evoclaw/cmd/evoclaw/main.go:113.10,115.5 1 1
github.com/clawinfra/evoclaw/cmd/evoclaw/main.go:116.4,116.12 1 1
github.com/clawinfra/evoclaw/cmd/evoclaw/main.go:117.37,119.12 2 1
github.com/clawinfra/evoclaw/cmd/evoclaw/main.go:120.17,122.63 1 0
github.com/clawinfra/evoclaw/cmd/evoclaw/main.go:123.19,125.65 1 0
github.com/clawinfra/evoclaw/cmd/evoclaw/main.go:126.17,128.63 1 0
github.com/clawinfra/evoclaw/cmd/evoclaw/main.go:129.21,131.67 1 0
github.com/clawinfra/evoclaw/cmd/evoclaw/main.go:132.16,134.62 1 0
github.com/clawinfra/evoclaw/cmd/evoclaw/main.go:135.15,136.49 1 0
github.com/clawinfra/evoclaw/cmd/evoclaw/main.go:137.18,139.52 1 0
github.com/clawinfra/evoclaw/cmd/evoclaw/main.go:140.18,142.67 1 0
github.com/clawinfra/evoclaw/cmd/evoclaw/main.go:142.67,145.5 2 0
github.com/clawinfra/evoclaw/cmd/evoclaw/main.go:146.4,146.12 1 0
github.com/clawinfra/evoclaw/cmd/evoclaw/main.go:147.16,147.16 0 0
github.com/clawinfra/evoclaw/cmd/evoclaw/main.go:149.11,152.12 3 1
github.com/clawinfra/evoclaw/cmd/evoclaw/main.go:157.2,158.20 2 1
github.com/clawinfra/evoclaw/cmd/evoclaw/main.go:158.20,158.49 1 1
github.com/clawinfra/evoclaw/cmd/evoclaw/main.go:159.2,163.46 5 1
github.com/clawinfra/evoclaw/cmd/evoclaw/main.go:163.46,164.26 1 1
github.com/clawinfra/evoclaw/cmd/evoclaw/main.go:164.26,166.4 1 0
github.com/clawinfra/evoclaw/cmd/evoclaw/main.go:167.3,168.11 2 1
github.com/clawinfra/evoclaw/cmd/evoclaw/main.go:171.2,171.15 1 1
github.com/clawinfra/evoclaw/cmd/evoclaw/main.go:171.15,174.3 2 1
github.com/clawinfra/evoclaw/cmd/evoclaw/main.go:176.2,176.18 1 1
github.com/clawinfra/evoclaw/cmd/evoclaw/main.go:176.18,179.3 2 1
github.com/clawinfra/evoclaw/cmd/evoclaw/main.go:182.2,182.39 1 0
github.com/clawinfra/evoclaw/cmd/evoclaw/main.go:182.39,184.3 1 0
github.com/clawinfra/evoclaw/cmd/evoclaw/main.go:187.2,188.16 2 0
github.com/clawinfra/evoclaw/cmd/evoclaw/main.go:188.16,191.3 2 0
github.com/clawinfra/evoclaw/cmd/evoclaw/main.go:194.2,194.43 1 0
github.com/clawinfra/evoclaw/cmd/evoclaw/main.go:194.43,197.3 2 0
github.com/clawinfra/evoclaw/cmd/evoclaw/main.go:200.2,206.45 3 0
github.com/clawinfra/evoclaw/cmd/evoclaw/main.go:206.45,209.3 2 0
github.com/clawinfra/evoclaw/cmd/evoclaw/main.go:211.2,211.10 1 0
github.com/clawinfra/evoclaw/cmd/evoclaw/main.go:215.21,219.2 3 1
github.com/clawinfra/evoclaw/cmd/evoclaw/main.go:222.45,237.16 5 1
github.com/clawinfra/evoclaw/cmd/evoclaw/main.go:237.16,239.3 1 1
github.com/clawinfra/evoclaw/cmd/evoclaw/main.go:240.2,250.16 5 1
github.com/clawinfra/evoclaw/cmd/evoclaw/main.go:250.16,252.3 1 0
github.com/clawinfra/evoclaw/cmd/evoclaw/main.go:253.2,256.40 2 1
github.com/clawinfra/evoclaw/cmd/evoclaw/main.go:256.40,258.3 1 0
github.com/clawinfra/evoclaw/cmd/evoclaw/main.go:261.2,261.68 1 1
github.com/clawinfra/evoclaw/cmd/evoclaw/main.go:261.68,263.3 1 0
github.com/clawinfra/evoclaw/cmd/evoclaw/main.go:266.2,267.16 2 1
github.com/clawinfra/evoclaw/cmd/evoclaw/main.go:267.16,269.3 1 0
github.com/clawinfra/evoclaw/cmd/evoclaw/main.go:270.2,276.71 3 1
github.com/clawinfra/evoclaw/cmd/evoclaw/main.go:276.71,278.3 1 0
github.com/clawinfra/evoclaw/cmd/evoclaw/main.go:281.2,281.27 1 1
github.com/clawinfra/evoclaw/cmd/evoclaw/main.go:281.27,287.3 2 1
github.com/clawinfra/evoclaw/cmd/evoclaw/main.go:290.2,291.72 2 1
github.com/clawinfra/evoclaw/cmd/evoclaw/main.go:291.72,293.3 1 0
github.com/clawinfra/evoclaw/cmd/evoclaw/main.go:296.2,299.26 2 1
github.com/clawinfra/evoclaw/cmd/evoclaw/main.go:299.26,301.3 1 1
github.com/clawinfra/evoclaw/cmd/evoclaw/main.go:304.2,308.16 5 1
github.com/clawinfra/evoclaw/cmd/evoclaw/main.go:308.16,310.3 1 0
github.com/clawinfra/evoclaw/cmd/evoclaw/main.go:310.8,311.34 1 1
github.com/clawinfra/evoclaw/cmd/evoclaw/main.go:311.34,312.62 1 1
github.com/clawinfra/evoclaw/cmd/evoclaw/main.go:312.62,314.5 1 0
github.com/clawinfra/evoclaw/cmd/evoclaw/main.go:316.3,316.57 1 1
github.com/clawinfra/evoclaw/cmd/evoclaw/main.go:316.57,318.4 1 1
github.com/clawinfra/evoclaw/cmd/evoclaw/main.go:322.2,322.76 1 1
github.com/clawinfra/evoclaw/cmd/evoclaw/main.go:322.76,324.3 1 0
github.com/clawinfra/evoclaw/cmd/evoclaw/main.go:327.2,341.16 4 1
github.com/clawinfra/evoclaw/cmd/evoclaw/main.go:341.16,343.3 1 0
github.com/clawinfra/evoclaw/cmd/evoclaw/main.go:343.8,346.3 2 1
github.com/clawinfra/evoclaw/cmd/evoclaw/main.go:348.2,348.17 1 1
github.com/clawinfra/evoclaw/cmd/evoclaw/main.go:352.75,354.16 2 1
github.com/clawinfra/evoclaw/cmd/evoclaw/main.go:354.16,355.37 1 1
github.com/clawinfra/evoclaw/cmd/evoclaw/main.go:355.37,358.41 3 1
github.com/clawinfra/evoclaw/cmd/evoclaw/main.go:358.41,360.5 1 0
github.com/clawinfra/evoclaw/cmd/evoclaw/main.go:361.4,362.19 2 1
github.com/clawinfra/evoclaw/cmd/evoclaw/main.go:364.3,364.18 1 1
github.com/clawinfra/evoclaw/cmd/evoclaw/main.go:366.2,366.17 1 1
github.com/clawinfra/evoclaw/cmd/evoclaw/main.go:370.45,371.15 1 1
github.com/clawinfra/evoclaw/cmd/evoclaw/main.go:372.15,373.25 1 1
github.com/clawinfra/evoclaw/cmd/evoclaw/main.go:374.14,375.24 1 1
github.com/clawinfra/evoclaw/cmd/evoclaw/main.go:376.14,377.24 1 1
github.com/clawinfra/evoclaw/cmd/evoclaw/main.go:378.15,379.25 1 1
github.com/clawinfra/evoclaw/cmd/evoclaw/main.go:380.10,381.24 1 1
github.com/clawinfra/evoclaw/cmd/evoclaw/main.go:387.97,388.38 1 1
github.com/clawinfra/evoclaw/cmd/evoclaw/main.go:388.38,389.54 1 1
github.com/clawinfra/evoclaw/cmd/evoclaw/main.go:389.54,392.65 1 1
github.com/clawinfra/evoclaw/cmd/evoclaw/main.go:392.65,394.5 1 0
github.com/clawinfra/evoclaw/cmd/evoclaw/main.go:394.10,396.5 1 1
github.com/clawinfra/evoclaw/cmd/evoclaw/main.go:397.4,397.12 1 1
github.com/clawinfra/evoclaw/cmd/evoclaw/main.go:400.3,400.54 1 1
github.com/clawinfra/evoclaw/cmd/evoclaw/main.go:400.54,402.4 1 0
github.com/clawinfra/evoclaw/cmd/evoclaw/main.go:404.2,404.12 1 1
github.com/clawinfra/evoclaw/cmd/evoclaw/main.go:408.98,413.26 2 1
github.com/clawinfra/evoclaw/cmd/evoclaw/main.go:413.26,416.3 2 1
github.com/clawinfra/evoclaw/cmd/evoclaw/main.go:418.2,421.44 2 1
github.com/clawinfra/evoclaw/cmd/evoclaw/main.go:421.44,422.24 1 1
github.com/clawinfra/evoclaw/cmd/evoclaw/main.go:422.24,424.12 2 1
github.com/clawinfra/evoclaw/cmd/evoclaw/main.go:427.3,433.24 2 1
github.com/clawinfra/evoclaw/cmd/evoclaw/main.go:434.14,441.18 3 1
github.com/clawinfra/evoclaw/cmd/evoclaw/main.go:441.18,446.13 2 0
github.com/clawinfra/evoclaw/cmd/evoclaw/main.go:450.4,450.46 1 1
github.com/clawinfra/evoclaw/cmd/evoclaw/main.go:450.46,455.5 1 1
github.com/clawinfra/evoclaw/cmd/evoclaw/main.go:457.4,461.5 2 1
github.com/clawinfra/evoclaw/cmd/evoclaw/main.go:463.45,467.5 1 1
github.com/clawinfra/evoclaw/cmd/evoclaw/main.go:470.11,474.5 1 1
github.com/clawinfra/evoclaw/cmd/evoclaw/main.go:478.2,478.12 1 1
github.com/clawinfra/evoclaw/cmd/evoclaw/main.go:482.94,483.58 1 1
github.com/clawinfra/evoclaw/cmd/evoclaw/main.go:483.58,488.102 3 1
github.com/clawinfra/evoclaw/cmd/evoclaw/main.go:488.102,490.4 1 1
github.com/clawinfra/evoclaw/cmd/evoclaw/main.go:492.3,492.23 1 1
github.com/clawinfra/evoclaw/cmd/evoclaw/main.go:493.20,496.30 3 1
github.com/clawinfra/evoclaw/cmd/evoclaw/main.go:497.17,498.62 1 1
github.com/clawinfra/evoclaw/cmd/evoclaw/main.go:499.17,500.72 1 1
github.com/clawinfra/evoclaw/cmd/evoclaw/main.go:501.21,502.76 1 1
github.com/clawinfra/evoclaw/cmd/evoclaw/main.go:503.11,505.76 1 1
github.com/clawinfra/evoclaw/cmd/evoclaw/main.go:508.2,508.12 1 1
github.com/clawinfra/evoclaw/cmd/evoclaw/main.go:512.103,514.67 1 1
github.com/clawinfra/evoclaw/cmd/evoclaw/main.go:514.67,518.3 3 0
github.com/clawinfra/evoclaw/cmd/evoclaw/main.go:521.2,521.23 1 1
github.com/clawinfra/evoclaw/cmd/evoclaw/main.go:521.23,534.3 3 1
github.com/clawinfra/evoclaw/cmd/evoclaw/main.go:536.2,536.12 1 1
github.com/clawinfra/evoclaw/cmd/evoclaw/main.go:540.114,541.49 1 1
github.com/clawinfra/evoclaw/cmd/evoclaw/main.go:541.49,543.35 2 1
github.com/clawinfra/evoclaw/cmd/evoclaw/main.go:543.35,544.37 1 1
github.com/clawinfra/evoclaw/cmd/evoclaw/main.go:544.37,546.10 2 1
github.com/clawinfra/evoclaw/cmd/evoclaw/main.go:553.36,555.49 1 0
github.com/clawinfra/evoclaw/cmd/evoclaw/main.go:555.49,557.3 1 0
github.com/clawinfra/evoclaw/cmd/evoclaw/main.go:560.2,561.12 2 0
github.com/clawinfra/evoclaw/cmd/evoclaw/main.go:561.12,562.61 1 0
github.com/clawinfra/evoclaw/cmd/evoclaw/main.go:562.61,564.4 1 0
github.com/clawinfra/evoclaw/cmd/evoclaw/main.go:567.2,567.12 1 0
github.com/clawinfra/evoclaw/cmd/evoclaw/main.go:571.28,585.2 13 1
github.com/clawinfra/evoclaw/cmd/evoclaw/main.go:588.38,592.6 3 0
github.com/clawinfra/evoclaw/cmd/evoclaw/main.go:592.6,596.44 2 0
github.com/clawinfra/evoclaw/cmd/evoclaw/main.go:596.44,597.12 1 0
github.com/clawinfra/evoclaw/cmd/evoclaw/main.go:601.3,602.8 2 0
github.com/clawinfra/evoclaw/cmd/evoclaw/main.go:606.2,606.26 1 0
github.com/clawinfra/evoclaw/cmd/evoclaw/main.go:606.26,608.3 1 0
github.com/clawinfra/evoclaw/cmd/evoclaw/main.go:611.2,612.47 2 0
github.com/clawinfra/evoclaw/cmd/evoclaw/main.go:612.47,614.3 1 0
github.com/clawinfra/evoclaw/cmd/evoclaw/main.go:615.2,615.50 1 0
github.com/clawinfra/evoclaw/cmd/evoclaw/main.go:615.50,617.3 1 0
github.com/clawinfra/evoclaw/cmd/evoclaw/main.go:620.2,620.48 1 0
github.com/clawinfra/evoclaw/cmd/evoclaw/main.go:620.48,622.3 1 0
github.com/clawinfra/evoclaw/cmd/evoclaw/main.go:624.2,625.12 2 0
github.com/clawinfra/evoclaw/cmd/evoclaw/signals_unix.go:14.39,16.2 1 0
github.com/clawinfra/evoclaw/cmd/evoclaw/signals_unix.go:19.68,20.13 1 0
github.com/clawinfra/evoclaw/cmd/evoclaw/signals_unix.go:21.22,24.14 3 0
github.com/clawinfra/evoclaw/cmd/evoclaw/signals_unix.go:25.23,27.14 2 0
github.com/clawinfra/evoclaw/cmd/evoclaw/signals_unix.go:29.2,29.14 1 0
github.com/clawinfra/evoclaw/cmd/evoclaw/signals_unix.go:38.55,41.2 2 0
github.com/clawinfra/evoclaw/cmd/evoclaw/signals_unix.go:43.40,44.51 1 0
github.com/clawinfra/evoclaw/cmd/evoclaw/signals_unix.go:44.51,47.3 2 0
github.com/clawinfra/evoclaw/cmd/evoclaw/signals_unix.go:49.2,50.16 2 0
github.com/clawinfra/evoclaw/cmd/evoclaw/signals_unix.go:50.16,53.3 2 0
github.com/clawinfra/evoclaw/cmd/evoclaw/signals_unix.go:55.2,55.26 1 0
github.com/clawinfra/evoclaw/cmd/evoclaw/systemd.go:54.29,59.16 3 0
github.com/clawinfra/evoclaw/cmd/evoclaw/systemd.go:59.16,61.3 1 0
github.com/clawinfra/evoclaw/cmd/evoclaw/systemd.go:64.2,65.16 2 0
github.com/clawinfra/evoclaw/cmd/evoclaw/systemd.go:65.16,67.3 1 0
github.com/clawinfra/evoclaw/cmd/evoclaw/systemd.go:68.2,72.16 3 0
github.com/clawinfra/evoclaw/cmd/evoclaw/systemd.go:72.16,74.3 1 0
github.com/clawinfra/evoclaw/cmd/evoclaw/systemd.go:77.2,82.29 4 0
github.com/clawinfra/evoclaw/cmd/evoclaw/systemd.go:82.29,85.28 2 0
github.com/clawinfra/evoclaw/cmd/evoclaw/systemd.go:85.28,87.4 1 0
github.com/clawinfra/evoclaw/cmd/evoclaw/systemd.go:90.2,101.16 3 0
github.com/clawinfra/evoclaw/cmd/evoclaw/systemd.go:101.16,103.3 1 0
github.com/clawinfra/evoclaw/cmd/evoclaw/systemd.go:106.2,109.12 3 0
github.com/clawinfra/evoclaw/cmd/evoclaw/systemd.go:109.12,112.3 1 0
github.com/clawinfra/evoclaw/cmd/evoclaw/systemd.go:112.8,117.3 3 0
github.com/clawinfra/evoclaw/cmd/evoclaw/systemd.go:120.2,121.16 2 0
github.com/clawinfra/evoclaw/cmd/evoclaw/systemd.go:121.16,123.3 1 0
github.com/clawinfra/evoclaw/cmd/evoclaw/systemd.go:124.2,124.15 1 0
github.com/clawinfra/evoclaw/cmd/evoclaw/systemd.go:124.15,124.32 1 0
github.com/clawinfra/evoclaw/cmd/evoclaw/systemd.go:126.2,126.45 1 0
github.com/clawinfra/evoclaw/cmd/evoclaw/systemd.go:126.45,128.3 1 0
github.com/clawinfra/evoclaw/cmd/evoclaw/systemd.go:130.2,134.12 3 0
github.com/clawinfra/evoclaw/cmd/evoclaw/systemd.go:134.12,136.3 1 0
github.com/clawinfra/evoclaw/cmd/evoclaw/systemd.go:136.8,138.3 1 0
github.com/clawinfra/evoclaw/cmd/evoclaw/systemd.go:140.2,140.40 1 0
github.com/clawinfra/evoclaw/cmd/evoclaw/systemd.go:140.40,142.3 1 0
github.com/clawinfra/evoclaw/cmd/evoclaw/systemd.go:145.2,146.12 2 0
github.com/clawinfra/evoclaw/cmd/evoclaw/systemd.go:146.12,150.3 3 0
github.com/clawinfra/evoclaw/cmd/evoclaw/systemd.go:150.8,154.3 3 0
github.com/clawinfra/evoclaw/cmd/evoclaw/systemd.go:156.2,156.12 1 0
github.com/clawinfra/evoclaw/cmd/evoclaw/systemd.go:159.31,165.12 4 0
github.com/clawinfra/evoclaw/cmd/evoclaw/systemd.go:165.12,167.3 1 0
github.com/clawinfra/evoclaw/cmd/evoclaw/systemd.go:167.8,170.3 2 0
github.com/clawinfra/evoclaw/cmd/evoclaw/systemd.go:173.2,174.12 2 0
github.com/clawinfra/evoclaw/cmd/evoclaw/systemd.go:174.12,177.3 2 0
github.com/clawinfra/evoclaw/cmd/evoclaw/systemd.go:177.8,180.3 2 0
github.com/clawinfra/evoclaw/cmd/evoclaw/systemd.go:181.2,184.67 2 0
github.com/clawinfra/evoclaw/cmd/evoclaw/systemd.go:184.67,186.3 1 0
github.com/clawinfra/evoclaw/cmd/evoclaw/systemd.go:189.2,190.12 2 0
github.com/clawinfra/evoclaw/cmd/evoclaw/systemd.go:190.12,192.3 1 0
github.com/clawinfra/evoclaw/cmd/evoclaw/systemd.go:192.8,194.3 1 0
github.com/clawinfra/evoclaw/cmd/evoclaw/systemd.go:195.2,198.12 3 0
