mode: atomic
github.com/clawinfra/evoclaw/cmd/init-turso/main.go:15.13,20.18 4 0
github.com/clawinfra/evoclaw/cmd/init-turso/main.go:20.18,22.3 1 0
github.com/clawinfra/evoclaw/cmd/init-turso/main.go:23.2,23.22 1 0
github.com/clawinfra/evoclaw/cmd/init-turso/main.go:23.22,25.3 1 0
github.com/clawinfra/evoclaw/cmd/init-turso/main.go:27.2,27.38 1 0
github.com/clawinfra/evoclaw/cmd/init-turso/main.go:27.38,31.3 3 0
github.com/clawinfra/evoclaw/cmd/init-turso/main.go:33.2,42.47 5 0
github.com/clawinfra/evoclaw/cmd/init-turso/main.go:42.47,44.3 1 0
github.com/clawinfra/evoclaw/cmd/init-turso/main.go:46.2,47.109 2 0
github.com/clawinfra/evoclaw/cmd/tui/main.go:32.13,38.16 4 0
github.com/clawinfra/evoclaw/cmd/tui/main.go:38.16,41.3 2 0
github.com/clawinfra/evoclaw/cmd/tui/main.go:44.2,45.16 2 0
github.com/clawinfra/evoclaw/cmd/tui/main.go:45.16,48.3 2 0
github.com/clawinfra/evoclaw/cmd/tui/main.go:49.2,66.37 7 0
github.com/clawinfra/evoclaw/cmd/tui/main.go:66.37,69.3 2 0
github.com/clawinfra/evoclaw/cmd/tui/main.go:72.2,78.36 5 0
github.com/clawinfra/evoclaw/cmd/tui/main.go:78.36,80.3 1 0
github.com/clawinfra/evoclaw/cmd/tui/main.go:84.98,85.50 1 0
github.com/clawinfra/evoclaw/cmd/tui/main.go:85.50,86.15 1 0
github.com/clawinfra/evoclaw/cmd/tui/main.go:87.20,88.63 1 0
github.com/clawinfra/evoclaw/cmd/tui/main.go:89.17,90.66 1 0
github.com/clawinfra/evoclaw/cmd/tui/main.go:91.17,92.60 1 0
github.com/clawinfra/evoclaw/cmd/tui/main.go:93.11,95.66 1 0
github.com/clawinfra/evoclaw/cmd/evoclaw-tui/main.go:42.13,54.16 9 0
github.com/clawinfra/evoclaw/cmd/evoclaw-tui/main.go:54.16,57.3 2 0
github.com/clawinfra/evoclaw/cmd/evoclaw-tui/main.go:59.2,59.22 1 0
github.com/clawinfra/evoclaw/cmd/evoclaw-tui/main.go:59.22,62.3 2 0
github.com/clawinfra/evoclaw/cmd/evoclaw-tui/main.go:65.2,66.20 2 0
github.com/clawinfra/evoclaw/cmd/evoclaw-tui/main.go:66.20,68.3 1 0
github.com/clawinfra/evoclaw/cmd/evoclaw-tui/main.go:68.8,68.29 1 0
github.com/clawinfra/evoclaw/cmd/evoclaw-tui/main.go:68.29,70.3 1 0
github.com/clawinfra/evoclaw/cmd/evoclaw-tui/main.go:70.8,72.28 2 0
github.com/clawinfra/evoclaw/cmd/evoclaw-tui/main.go:72.28,78.4 1 0
github.com/clawinfra/evoclaw/cmd/evoclaw-tui/main.go:79.3,82.41 4 0
github.com/clawinfra/evoclaw/cmd/evoclaw-tui/main.go:82.41,85.4 2 0
github.com/clawinfra/evoclaw/cmd/evoclaw-tui/main.go:86.3,86.38 1 0
github.com/clawinfra/evoclaw/cmd/evoclaw-tui/main.go:89.2,94.6 4 0
github.com/clawinfra/evoclaw/cmd/evoclaw-tui/main.go:94.6,96.22 2 0
github.com/clawinfra/evoclaw/cmd/evoclaw-tui/main.go:96.22,97.9 1 0
github.com/clawinfra/evoclaw/cmd/evoclaw-tui/main.go:100.3,101.20 2 0
github.com/clawinfra/evoclaw/cmd/evoclaw-tui/main.go:101.20,102.12 1 0
github.com/clawinfra/evoclaw/cmd/evoclaw-tui/main.go:105.3,105.45 1 0
github.com/clawinfra/evoclaw/cmd/evoclaw-tui/main.go:105.45,107.9 2 0
github.com/clawinfra/evoclaw/cmd/evoclaw-tui/main.go:111.3,112.17 2 0
github.com/clawinfra/evoclaw/cmd/evoclaw-tui/main.go:112.17,114.12 2 0
github.com/clawinfra/evoclaw/cmd/evoclaw-tui/main.go:118.3,118.85 1 0
github.com/clawinfra/evoclaw/cmd/evoclaw-tui/main.go:122.49,124.16 2 0
github.com/clawinfra/evoclaw/cmd/evoclaw-tui/main.go:124.16,126.3 1 0
github.com/clawinfra/evoclaw/cmd/evoclaw-tui/main.go:127.2,129.28 2 0
github.com/clawinfra/evoclaw/cmd/evoclaw-tui/main.go:129.28,131.3 1 0
github.com/clawinfra/evoclaw/cmd/evoclaw-tui/main.go:133.2,134.67 2 0
github.com/clawinfra/evoclaw/cmd/evoclaw-tui/main.go:134.67,136.3 1 0
github.com/clawinfra/evoclaw/cmd/evoclaw-tui/main.go:138.2,138.20 1 0
github.com/clawinfra/evoclaw/cmd/evoclaw-tui/main.go:141.72,149.16 3 0
github.com/clawinfra/evoclaw/cmd/evoclaw-tui/main.go:149.16,151.3 1 0
github.com/clawinfra/evoclaw/cmd/evoclaw-tui/main.go:153.2,154.16 2 0
github.com/clawinfra/evoclaw/cmd/evoclaw-tui/main.go:154.16,156.3 1 0
github.com/clawinfra/evoclaw/cmd/evoclaw-tui/main.go:157.2,161.16 4 0
github.com/clawinfra/evoclaw/cmd/evoclaw-tui/main.go:161.16,163.3 1 0
github.com/clawinfra/evoclaw/cmd/evoclaw-tui/main.go:164.2,166.32 2 0
github.com/clawinfra/evoclaw/cmd/evoclaw-tui/main.go:166.32,169.3 2 0
github.com/clawinfra/evoclaw/cmd/evoclaw-tui/main.go:171.2,172.69 2 0
github.com/clawinfra/evoclaw/cmd/evoclaw-tui/main.go:172.69,174.3 1 0
github.com/clawinfra/evoclaw/cmd/evoclaw-tui/main.go:176.2,176.19 1 0
github.com/clawinfra/evoclaw/cmd/evoclaw/gateway.go:12.45,13.19 1 0
github.com/clawinfra/evoclaw/cmd/evoclaw/gateway.go:13.19,16.3 2 0
github.com/clawinfra/evoclaw/cmd/evoclaw/gateway.go:18.2,20.53 2 0
github.com/clawinfra/evoclaw/cmd/evoclaw/gateway.go:20.53,23.3 2 0
github.com/clawinfra/evoclaw/cmd/evoclaw/gateway.go:25.2,25.13 1 0
github.com/clawinfra/evoclaw/cmd/evoclaw/gateway.go:26.15,27.24 1 0
github.com/clawinfra/evoclaw/cmd/evoclaw/gateway.go:28.14,29.23 1 0
github.com/clawinfra/evoclaw/cmd/evoclaw/gateway.go:30.16,31.25 1 0
github.com/clawinfra/evoclaw/cmd/evoclaw/gateway.go:32.17,33.26 1 0
github.com/clawinfra/evoclaw/cmd/evoclaw/gateway.go:34.17,35.26 1 0
github.com/clawinfra/evoclaw/cmd/evoclaw/gateway.go:36.19,37.28 1 0
github.com/clawinfra/evoclaw/cmd/evoclaw/gateway.go:38.10,39.56 1 0
github.com/clawinfra/evoclaw/cmd/evoclaw/gateway.go:43.27,47.45 2 0
github.com/clawinfra/evoclaw/cmd/evoclaw/gateway.go:47.45,49.3 1 0
github.com/clawinfra/evoclaw/cmd/evoclaw/gateway.go:51.2,54.36 2 0
github.com/clawinfra/evoclaw/cmd/evoclaw/gateway.go:54.36,56.3 1 0
github.com/clawinfra/evoclaw/cmd/evoclaw/gateway.go:58.2,63.12 5 0
github.com/clawinfra/evoclaw/cmd/evoclaw/gateway.go:66.26,68.14 2 0
github.com/clawinfra/evoclaw/cmd/evoclaw/gateway.go:68.14,71.3 2 0
github.com/clawinfra/evoclaw/cmd/evoclaw/gateway.go:73.2,77.16 3 0
github.com/clawinfra/evoclaw/cmd/evoclaw/gateway.go:77.16,79.3 1 0
github.com/clawinfra/evoclaw/cmd/evoclaw/gateway.go:81.2,81.56 1 0
github.com/clawinfra/evoclaw/cmd/evoclaw/gateway.go:81.56,83.3 1 0
github.com/clawinfra/evoclaw/cmd/evoclaw/gateway.go:86.2,86.26 1 0
github.com/clawinfra/evoclaw/cmd/evoclaw/gateway.go:86.26,88.45 2 0
github.com/clawinfra/evoclaw/cmd/evoclaw/gateway.go:88.45,92.4 3 0
github.com/clawinfra/evoclaw/cmd/evoclaw/gateway.go:96.2,97.39 2 0
github.com/clawinfra/evoclaw/cmd/evoclaw/gateway.go:97.39,99.3 1 0
github.com/clawinfra/evoclaw/cmd/evoclaw/gateway.go:101.2,103.12 3 0
github.com/clawinfra/evoclaw/cmd/evoclaw/gateway.go:106.28,109.13 2 0
github.com/clawinfra/evoclaw/cmd/evoclaw/gateway.go:109.13,114.21 3 0
github.com/clawinfra/evoclaw/cmd/evoclaw/gateway.go:114.21,117.4 2 0
github.com/clawinfra/evoclaw/cmd/evoclaw/gateway.go:119.3,119.13 1 0
github.com/clawinfra/evoclaw/cmd/evoclaw/gateway.go:122.2,123.34 2 0
github.com/clawinfra/evoclaw/cmd/evoclaw/gateway.go:126.29,130.43 2 0
github.com/clawinfra/evoclaw/cmd/evoclaw/gateway.go:130.43,131.39 1 0
github.com/clawinfra/evoclaw/cmd/evoclaw/gateway.go:131.39,133.4 1 0
github.com/clawinfra/evoclaw/cmd/evoclaw/gateway.go:134.3,134.30 1 0
github.com/clawinfra/evoclaw/cmd/evoclaw/gateway.go:138.2,138.23 1 0
github.com/clawinfra/evoclaw/cmd/evoclaw/gateway.go:141.29,143.9 1 0
github.com/clawinfra/evoclaw/cmd/evoclaw/gateway.go:144.41,145.26 1 0
github.com/clawinfra/evoclaw/cmd/evoclaw/gateway.go:146.44,147.26 1 0
github.com/clawinfra/evoclaw/cmd/evoclaw/gateway.go:148.10,149.73 1 0
github.com/clawinfra/evoclaw/cmd/evoclaw/gateway.go:153.31,154.9 1 0
github.com/clawinfra/evoclaw/cmd/evoclaw/gateway.go:155.41,156.28 1 0
github.com/clawinfra/evoclaw/cmd/evoclaw/gateway.go:157.44,158.28 1 0
github.com/clawinfra/evoclaw/cmd/evoclaw/gateway.go:159.10,160.47 1 0
github.com/clawinfra/evoclaw/cmd/evoclaw/gateway.go:166.33,169.16 3 0
github.com/clawinfra/evoclaw/cmd/evoclaw/gateway.go:169.16,171.3 1 0
github.com/clawinfra/evoclaw/cmd/evoclaw/gateway.go:173.2,174.64 2 0
github.com/clawinfra/evoclaw/cmd/evoclaw/gateway.go:174.64,176.3 1 0
github.com/clawinfra/evoclaw/cmd/evoclaw/gateway.go:179.2,180.16 2 0
github.com/clawinfra/evoclaw/cmd/evoclaw/gateway.go:180.16,182.3 1 0
github.com/clawinfra/evoclaw/cmd/evoclaw/gateway.go:185.2,185.58 1 0
github.com/clawinfra/evoclaw/cmd/evoclaw/gateway.go:185.58,187.3 1 0
github.com/clawinfra/evoclaw/cmd/evoclaw/gateway.go:189.2,189.18 1 0
github.com/clawinfra/evoclaw/cmd/evoclaw/gateway.go:192.26,194.47 1 0
github.com/clawinfra/evoclaw/cmd/evoclaw/gateway.go:194.47,196.3 1 0
github.com/clawinfra/evoclaw/cmd/evoclaw/gateway.go:198.2,198.31 1 0
github.com/clawinfra/evoclaw/cmd/evoclaw/gateway.go:201.24,209.2 1 0
github.com/clawinfra/evoclaw/cmd/evoclaw/gateway.go:211.35,214.2 2 0
github.com/clawinfra/evoclaw/cmd/evoclaw/gateway.go:216.25,249.2 1 0
github.com/clawinfra/evoclaw/cmd/evoclaw/launchd.go:71.29,76.16 3 0
github.com/clawinfra/evoclaw/cmd/evoclaw/launchd.go:76.16,78.3 1 0
github.com/clawinfra/evoclaw/cmd/evoclaw/launchd.go:79.2,83.16 3 0
github.com/clawinfra/evoclaw/cmd/evoclaw/launchd.go:83.16,85.3 1 0
github.com/clawinfra/evoclaw/cmd/evoclaw/launchd.go:88.2,93.29 4 0
github.com/clawinfra/evoclaw/cmd/evoclaw/launchd.go:93.29,95.28 2 0
github.com/clawinfra/evoclaw/cmd/evoclaw/launchd.go:95.28,97.4 1 0
github.com/clawinfra/evoclaw/cmd/evoclaw/launchd.go:101.2,101.50 1 0
github.com/clawinfra/evoclaw/cmd/evoclaw/launchd.go:101.50,103.3 1 0
github.com/clawinfra/evoclaw/cmd/evoclaw/launchd.go:105.2,115.16 3 0
github.com/clawinfra/evoclaw/cmd/evoclaw/launchd.go:115.16,117.3 1 0
github.com/clawinfra/evoclaw/cmd/evoclaw/launchd.go:120.2,123.12 3 0
github.com/clawinfra/evoclaw/cmd/evoclaw/launchd.go:123.12,126.3 1 0
github.com/clawinfra/evoclaw/cmd/evoclaw/launchd.go:126.8,129.68 2 0
github.com/clawinfra/evoclaw/cmd/evoclaw/launchd.go:129.68,131.4 1 0
github.com/clawinfra/evoclaw/cmd/evoclaw/launchd.go:135.2,136.16 2 0
github.com/clawinfra/evoclaw/cmd/evoclaw/launchd.go:136.16,138.3 1 0
github.com/clawinfra/evoclaw/cmd/evoclaw/launchd.go:139.2,141.45 2 0
github.com/clawinfra/evoclaw/cmd/evoclaw/launchd.go:141.45,143.3 1 0
github.com/clawinfra/evoclaw/cmd/evoclaw/launchd.go:145.2,149.12 3 0
github.com/clawinfra/evoclaw/cmd/evoclaw/launchd.go:149.12,151.3 1 0
github.com/clawinfra/evoclaw/cmd/evoclaw/launchd.go:151.8,153.3 1 0
github.com/clawinfra/evoclaw/cmd/evoclaw/launchd.go:155.2,155.38 1 0
github.com/clawinfra/evoclaw/cmd/evoclaw/launchd.go:155.38,159.3 3 0
github.com/clawinfra/evoclaw/cmd/evoclaw/launchd.go:159.8,161.3 1 0
github.com/clawinfra/evoclaw/cmd/evoclaw/launchd.go:164.2,165.12 2 0
github.com/clawinfra/evoclaw/cmd/evoclaw/launchd.go:165.12,169.3 3 0
github.com/clawinfra/evoclaw/cmd/evoclaw/launchd.go:169.8,173.3 3 0
github.com/clawinfra/evoclaw/cmd/evoclaw/launchd.go:174.2,176.12 2 0
github.com/clawinfra/evoclaw/cmd/evoclaw/launchd.go:179.31,185.12 4 0
github.com/clawinfra/evoclaw/cmd/evoclaw/launchd.go:185.12,187.3 1 0
github.com/clawinfra/evoclaw/cmd/evoclaw/launchd.go:187.8,190.3 2 0
github.com/clawinfra/evoclaw/cmd/evoclaw/launchd.go:193.2,197.68 3 0
github.com/clawinfra/evoclaw/cmd/evoclaw/launchd.go:197.68,199.3 1 0
github.com/clawinfra/evoclaw/cmd/evoclaw/launchd.go:201.2,202.12 2 0
github.com/clawinfra/evoclaw/cmd/evoclaw/main.go:51.13,53.2 1 0
github.com/clawinfra/evoclaw/cmd/evoclaw/main.go:55.16,63.36 5 0
github.com/clawinfra/evoclaw/cmd/evoclaw/main.go:63.36,64.15 1 0
github.com/clawinfra/evoclaw/cmd/evoclaw/main.go:64.15,66.12 2 0
github.com/clawinfra/evoclaw/cmd/evoclaw/main.go:68.3,69.44 2 0
github.com/clawinfra/evoclaw/cmd/evoclaw/main.go:69.44,70.26 1 0
github.com/clawinfra/evoclaw/cmd/evoclaw/main.go:70.26,73.5 2 0
github.com/clawinfra/evoclaw/cmd/evoclaw/main.go:78.2,79.36 2 0
github.com/clawinfra/evoclaw/cmd/evoclaw/main.go:79.36,80.15 1 0
github.com/clawinfra/evoclaw/cmd/evoclaw/main.go:80.15,82.12 2 0
github.com/clawinfra/evoclaw/cmd/evoclaw/main.go:84.3,87.87 2 0
github.com/clawinfra/evoclaw/cmd/evoclaw/main.go:87.87,88.45 1 0
github.com/clawinfra/evoclaw/cmd/evoclaw/main.go:88.45,90.5 1 0
github.com/clawinfra/evoclaw/cmd/evoclaw/main.go:91.4,91.12 1 0
github.com/clawinfra/evoclaw/cmd/evoclaw/main.go:95.3,95.36 1 0
github.com/clawinfra/evoclaw/cmd/evoclaw/main.go:95.36,98.9 3 0
github.com/clawinfra/evoclaw/cmd/evoclaw/main.go:103.2,103.18 1 0
github.com/clawinfra/evoclaw/cmd/evoclaw/main.go:103.18,104.17 1 0
github.com/clawinfra/evoclaw/cmd/evoclaw/main.go:105.17,107.63 1 0
github.com/clawinfra/evoclaw/cmd/evoclaw/main.go:108.19,110.65 1 0
github.com/clawinfra/evoclaw/cmd/evoclaw/main.go:111.17,113.63 1 0
github.com/clawinfra/evoclaw/cmd/evoclaw/main.go:114.21,116.67 1 0
github.com/clawinfra/evoclaw/cmd/evoclaw/main.go:117.16,119.62 1 0
github.com/clawinfra/evoclaw/cmd/evoclaw/main.go:120.15,121.49 1 0
github.com/clawinfra/evoclaw/cmd/evoclaw/main.go:122.18,124.67 1 0
github.com/clawinfra/evoclaw/cmd/evoclaw/main.go:124.67,127.5 2 0
github.com/clawinfra/evoclaw/cmd/evoclaw/main.go:128.4,128.12 1 0
github.com/clawinfra/evoclaw/cmd/evoclaw/main.go:129.16,129.16 0 0
github.com/clawinfra/evoclaw/cmd/evoclaw/main.go:131.11,134.12 3 0
github.com/clawinfra/evoclaw/cmd/evoclaw/main.go:139.2,142.46 4 0
github.com/clawinfra/evoclaw/cmd/evoclaw/main.go:142.46,145.3 2 0
github.com/clawinfra/evoclaw/cmd/evoclaw/main.go:147.2,147.18 1 0
github.com/clawinfra/evoclaw/cmd/evoclaw/main.go:147.18,152.3 4 0
github.com/clawinfra/evoclaw/cmd/evoclaw/main.go:155.2,155.39 1 0
github.com/clawinfra/evoclaw/cmd/evoclaw/main.go:155.39,157.3 1 0
github.com/clawinfra/evoclaw/cmd/evoclaw/main.go:160.2,161.16 2 0
github.com/clawinfra/evoclaw/cmd/evoclaw/main.go:161.16,164.3 2 0
github.com/clawinfra/evoclaw/cmd/evoclaw/main.go:167.2,167.43 1 0
github.com/clawinfra/evoclaw/cmd/evoclaw/main.go:167.43,170.3 2 0
github.com/clawinfra/evoclaw/cmd/evoclaw/main.go:173.2,176.45 2 0
github.com/clawinfra/evoclaw/cmd/evoclaw/main.go:176.45,179.3 2 0
github.com/clawinfra/evoclaw/cmd/evoclaw/main.go:181.2,181.10 1 0
github.com/clawinfra/evoclaw/cmd/evoclaw/main.go:185.45,200.16 5 0
github.com/clawinfra/evoclaw/cmd/evoclaw/main.go:200.16,202.3 1 0
github.com/clawinfra/evoclaw/cmd/evoclaw/main.go:203.2,213.16 5 0
github.com/clawinfra/evoclaw/cmd/evoclaw/main.go:213.16,215.3 1 0
github.com/clawinfra/evoclaw/cmd/evoclaw/main.go:216.2,219.40 2 0
github.com/clawinfra/evoclaw/cmd/evoclaw/main.go:219.40,221.3 1 0
github.com/clawinfra/evoclaw/cmd/evoclaw/main.go:224.2,224.68 1 0
github.com/clawinfra/evoclaw/cmd/evoclaw/main.go:224.68,226.3 1 0
github.com/clawinfra/evoclaw/cmd/evoclaw/main.go:229.2,230.16 2 0
github.com/clawinfra/evoclaw/cmd/evoclaw/main.go:230.16,232.3 1 0
github.com/clawinfra/evoclaw/cmd/evoclaw/main.go:233.2,239.71 3 0
github.com/clawinfra/evoclaw/cmd/evoclaw/main.go:239.71,241.3 1 0
github.com/clawinfra/evoclaw/cmd/evoclaw/main.go:244.2,244.27 1 0
github.com/clawinfra/evoclaw/cmd/evoclaw/main.go:244.27,250.3 2 0
github.com/clawinfra/evoclaw/cmd/evoclaw/main.go:253.2,254.72 2 0
github.com/clawinfra/evoclaw/cmd/evoclaw/main.go:254.72,256.3 1 0
github.com/clawinfra/evoclaw/cmd/evoclaw/main.go:259.2,262.26 2 0
github.com/clawinfra/evoclaw/cmd/evoclaw/main.go:262.26,264.3 1 0
github.com/clawinfra/evoclaw/cmd/evoclaw/main.go:267.2,271.16 5 0
github.com/clawinfra/evoclaw/cmd/evoclaw/main.go:271.16,273.3 1 0
github.com/clawinfra/evoclaw/cmd/evoclaw/main.go:273.8,274.34 1 0
github.com/clawinfra/evoclaw/cmd/evoclaw/main.go:274.34,275.62 1 0
github.com/clawinfra/evoclaw/cmd/evoclaw/main.go:275.62,277.5 1 0
github.com/clawinfra/evoclaw/cmd/evoclaw/main.go:279.3,279.57 1 0
github.com/clawinfra/evoclaw/cmd/evoclaw/main.go:279.57,281.4 1 0
github.com/clawinfra/evoclaw/cmd/evoclaw/main.go:285.2,285.76 1 0
github.com/clawinfra/evoclaw/cmd/evoclaw/main.go:285.76,287.3 1 0
github.com/clawinfra/evoclaw/cmd/evoclaw/main.go:290.2,304.16 4 0
github.com/clawinfra/evoclaw/cmd/evoclaw/main.go:304.16,306.3 1 0
github.com/clawinfra/evoclaw/cmd/evoclaw/main.go:306.8,309.3 2 0
github.com/clawinfra/evoclaw/cmd/evoclaw/main.go:311.2,311.17 1 0
github.com/clawinfra/evoclaw/cmd/evoclaw/main.go:315.75,317.16 2 3
github.com/clawinfra/evoclaw/cmd/evoclaw/main.go:317.16,318.37 1 2
github.com/clawinfra/evoclaw/cmd/evoclaw/main.go:318.37,321.41 3 1
github.com/clawinfra/evoclaw/cmd/evoclaw/main.go:321.41,323.5 1 0
github.com/clawinfra/evoclaw/cmd/evoclaw/main.go:324.4,325.19 2 1
github.com/clawinfra/evoclaw/cmd/evoclaw/main.go:327.3,327.18 1 1
github.com/clawinfra/evoclaw/cmd/evoclaw/main.go:329.2,329.17 1 1
github.com/clawinfra/evoclaw/cmd/evoclaw/main.go:333.45,334.15 1 6
github.com/clawinfra/evoclaw/cmd/evoclaw/main.go:335.15,336.25 1 1
github.com/clawinfra/evoclaw/cmd/evoclaw/main.go:337.14,338.24 1 1
github.com/clawinfra/evoclaw/cmd/evoclaw/main.go:339.14,340.24 1 1
github.com/clawinfra/evoclaw/cmd/evoclaw/main.go:341.15,342.25 1 1
github.com/clawinfra/evoclaw/cmd/evoclaw/main.go:343.10,344.24 1 2
github.com/clawinfra/evoclaw/cmd/evoclaw/main.go:350.97,351.38 1 1
github.com/clawinfra/evoclaw/cmd/evoclaw/main.go:351.38,352.54 1 1
github.com/clawinfra/evoclaw/cmd/evoclaw/main.go:352.54,355.65 1 0
github.com/clawinfra/evoclaw/cmd/evoclaw/main.go:355.65,357.5 1 0
github.com/clawinfra/evoclaw/cmd/evoclaw/main.go:357.10,359.5 1 0
github.com/clawinfra/evoclaw/cmd/evoclaw/main.go:360.4,360.12 1 0
github.com/clawinfra/evoclaw/cmd/evoclaw/main.go:363.3,363.54 1 1
github.com/clawinfra/evoclaw/cmd/evoclaw/main.go:363.54,365.4 1 0
github.com/clawinfra/evoclaw/cmd/evoclaw/main.go:367.2,367.12 1 1
github.com/clawinfra/evoclaw/cmd/evoclaw/main.go:371.98,376.26 2 1
github.com/clawinfra/evoclaw/cmd/evoclaw/main.go:376.26,379.3 2 1
github.com/clawinfra/evoclaw/cmd/evoclaw/main.go:381.2,384.44 2 0
github.com/clawinfra/evoclaw/cmd/evoclaw/main.go:384.44,385.24 1 0
github.com/clawinfra/evoclaw/cmd/evoclaw/main.go:385.24,387.12 2 0
github.com/clawinfra/evoclaw/cmd/evoclaw/main.go:390.3,396.24 2 0
github.com/clawinfra/evoclaw/cmd/evoclaw/main.go:397.14,404.18 3 0
github.com/clawinfra/evoclaw/cmd/evoclaw/main.go:404.18,409.13 2 0
github.com/clawinfra/evoclaw/cmd/evoclaw/main.go:413.4,413.46 1 0
github.com/clawinfra/evoclaw/cmd/evoclaw/main.go:413.46,418.5 1 0
github.com/clawinfra/evoclaw/cmd/evoclaw/main.go:420.4,424.5 2 0
github.com/clawinfra/evoclaw/cmd/evoclaw/main.go:426.45,430.5 1 0
github.com/clawinfra/evoclaw/cmd/evoclaw/main.go:433.11,437.5 1 0
github.com/clawinfra/evoclaw/cmd/evoclaw/main.go:441.2,441.12 1 0
github.com/clawinfra/evoclaw/cmd/evoclaw/main.go:445.94,446.58 1 0
github.com/clawinfra/evoclaw/cmd/evoclaw/main.go:446.58,451.102 3 0
github.com/clawinfra/evoclaw/cmd/evoclaw/main.go:451.102,453.4 1 0
github.com/clawinfra/evoclaw/cmd/evoclaw/main.go:455.3,455.23 1 0
github.com/clawinfra/evoclaw/cmd/evoclaw/main.go:456.20,459.30 3 0
github.com/clawinfra/evoclaw/cmd/evoclaw/main.go:460.17,461.62 1 0
github.com/clawinfra/evoclaw/cmd/evoclaw/main.go:462.17,463.72 1 0
github.com/clawinfra/evoclaw/cmd/evoclaw/main.go:464.21,465.76 1 0
github.com/clawinfra/evoclaw/cmd/evoclaw/main.go:466.11,468.76 1 0
github.com/clawinfra/evoclaw/cmd/evoclaw/main.go:471.2,471.12 1 0
github.com/clawinfra/evoclaw/cmd/evoclaw/main.go:475.103,477.67 1 0
github.com/clawinfra/evoclaw/cmd/evoclaw/main.go:477.67,481.3 3 0
github.com/clawinfra/evoclaw/cmd/evoclaw/main.go:484.2,484.23 1 0
github.com/clawinfra/evoclaw/cmd/evoclaw/main.go:484.23,497.3 3 0
github.com/clawinfra/evoclaw/cmd/evoclaw/main.go:499.2,499.12 1 0
github.com/clawinfra/evoclaw/cmd/evoclaw/main.go:503.114,504.49 1 0
github.com/clawinfra/evoclaw/cmd/evoclaw/main.go:504.49,506.35 2 0
github.com/clawinfra/evoclaw/cmd/evoclaw/main.go:506.35,507.37 1 0
github.com/clawinfra/evoclaw/cmd/evoclaw/main.go:507.37,509.10 2 0
github.com/clawinfra/evoclaw/cmd/evoclaw/main.go:516.36,518.49 1 0
github.com/clawinfra/evoclaw/cmd/evoclaw/main.go:518.49,520.3 1 0
github.com/clawinfra/evoclaw/cmd/evoclaw/main.go:523.2,524.12 2 0
github.com/clawinfra/evoclaw/cmd/evoclaw/main.go:524.12,525.61 1 0
github.com/clawinfra/evoclaw/cmd/evoclaw/main.go:525.61,527.4 1 0
github.com/clawinfra/evoclaw/cmd/evoclaw/main.go:530.2,530.12 1 0
github.com/clawinfra/evoclaw/cmd/evoclaw/main.go:534.28,548.2 13 1
github.com/clawinfra/evoclaw/cmd/evoclaw/main.go:551.38,555.6 3 0
github.com/clawinfra/evoclaw/cmd/evoclaw/main.go:555.6,559.44 2 0
github.com/clawinfra/evoclaw/cmd/evoclaw/main.go:559.44,560.12 1 0
github.com/clawinfra/evoclaw/cmd/evoclaw/main.go:564.3,565.8 2 0
github.com/clawinfra/evoclaw/cmd/evoclaw/main.go:569.2,569.26 1 0
github.com/clawinfra/evoclaw/cmd/evoclaw/main.go:569.26,571.3 1 0
github.com/clawinfra/evoclaw/cmd/evoclaw/main.go:574.2,575.47 2 0
github.com/clawinfra/evoclaw/cmd/evoclaw/main.go:575.47,577.3 1 0
github.com/clawinfra/evoclaw/cmd/evoclaw/main.go:578.2,578.50 1 0
github.com/clawinfra/evoclaw/cmd/evoclaw/main.go:578.50,580.3 1 0
github.com/clawinfra/evoclaw/cmd/evoclaw/main.go:583.2,583.48 1 0
github.com/clawinfra/evoclaw/cmd/evoclaw/main.go:583.48,585.3 1 0
github.com/clawinfra/evoclaw/cmd/evoclaw/main.go:587.2,588.12 2 0
github.com/clawinfra/evoclaw/cmd/evoclaw/signals_unix.go:12.39,14.2 1 0
github.com/clawinfra/evoclaw/cmd/evoclaw/signals_unix.go:17.68,18.13 1 0
github.com/clawinfra/evoclaw/cmd/evoclaw/signals_unix.go:19.22,21.14 2 0
github.com/clawinfra/evoclaw/cmd/evoclaw/signals_unix.go:22.23,24.14 2 0
github.com/clawinfra/evoclaw/cmd/evoclaw/signals_unix.go:26.2,26.14 1 0
github.com/clawinfra/evoclaw/cmd/evoclaw/systemd.go:54.29,59.16 3 0
github.com/clawinfra/evoclaw/cmd/evoclaw/systemd.go:59.16,61.3 1 0
github.com/clawinfra/evoclaw/cmd/evoclaw/systemd.go:64.2,65.16 2 0
github.com/clawinfra/evoclaw/cmd/evoclaw/systemd.go:65.16,67.3 1 0
github.com/clawinfra/evoclaw/cmd/evoclaw/systemd.go:68.2,72.16 3 0
github.com/clawinfra/evoclaw/cmd/evoclaw/systemd.go:72.16,74.3 1 0
github.com/clawinfra/evoclaw/cmd/evoclaw/systemd.go:77.2,82.29 4 0
github.com/clawinfra/evoclaw/cmd/evoclaw/systemd.go:82.29,85.28 2 0
github.com/clawinfra/evoclaw/cmd/evoclaw/systemd.go:85.28,87.4 1 0
github.com/clawinfra/evoclaw/cmd/evoclaw/systemd.go:90.2,101.16 3 0
github.com/clawinfra/evoclaw/cmd/evoclaw/systemd.go:101.16,103.3 1 0
github.com/clawinfra/evoclaw/cmd/evoclaw/systemd.go:106.2,109.12 3 0
github.com/clawinfra/evoclaw/cmd/evoclaw/systemd.go:109.12,112.3 1 0
github.com/clawinfra/evoclaw/cmd/evoclaw/systemd.go:112.8,117.3 3 0
github.com/clawinfra/evoclaw/cmd/evoclaw/systemd.go:120.2,121.16 2 0
github.com/clawinfra/evoclaw/cmd/evoclaw/systemd.go:121.16,123.3 1 0
github.com/clawinfra/evoclaw/cmd/evoclaw/systemd.go:124.2,126.45 2 0
github.com/clawinfra/evoclaw/cmd/evoclaw/systemd.go:126.45,128.3 1 0
github.com/clawinfra/evoclaw/cmd/evoclaw/systemd.go:130.2,134.12 3 0
github.com/clawinfra/evoclaw/cmd/evoclaw/systemd.go:134.12,136.3 1 0
github.com/clawinfra/evoclaw/cmd/evoclaw/systemd.go:136.8,138.3 1 0
github.com/clawinfra/evoclaw/cmd/evoclaw/systemd.go:140.2,140.40 1 0
github.com/clawinfra/evoclaw/cmd/evoclaw/systemd.go:140.40,142.3 1 0
github.com/clawinfra/evoclaw/cmd/evoclaw/systemd.go:145.2,146.12 2 0
github.com/clawinfra/evoclaw/cmd/evoclaw/systemd.go:146.12,150.3 3 0
github.com/clawinfra/evoclaw/cmd/evoclaw/systemd.go:150.8,154.3 3 0
github.com/clawinfra/evoclaw/cmd/evoclaw/systemd.go:156.2,156.12 1 0
github.com/clawinfra/evoclaw/cmd/evoclaw/systemd.go:159.31,165.12 4 0
github.com/clawinfra/evoclaw/cmd/evoclaw/systemd.go:165.12,167.3 1 0
github.com/clawinfra/evoclaw/cmd/evoclaw/systemd.go:167.8,170.3 2 0
github.com/clawinfra/evoclaw/cmd/evoclaw/systemd.go:173.2,174.12 2 0
github.com/clawinfra/evoclaw/cmd/evoclaw/systemd.go:174.12,177.3 2 0
github.com/clawinfra/evoclaw/cmd/evoclaw/systemd.go:177.8,180.3 2 0
github.com/clawinfra/evoclaw/cmd/evoclaw/systemd.go:181.2,184.67 2 0
github.com/clawinfra/evoclaw/cmd/evoclaw/systemd.go:184.67,186.3 1 0
github.com/clawinfra/evoclaw/cmd/evoclaw/systemd.go:189.2,190.12 2 0
github.com/clawinfra/evoclaw/cmd/evoclaw/systemd.go:190.12,192.3 1 0
github.com/clawinfra/evoclaw/cmd/evoclaw/systemd.go:192.8,194.3 1 0
github.com/clawinfra/evoclaw/cmd/evoclaw/systemd.go:195.2,198.12 3 0
github.com/clawinfra/evoclaw/internal/agents/memory.go:36.80,38.53 2 21
github.com/clawinfra/evoclaw/internal/agents/memory.go:38.53,40.3 1 0
github.com/clawinfra/evoclaw/internal/agents/memory.go:42.2,46.8 1 21
github.com/clawinfra/evoclaw/internal/agents/memory.go:50.63,55.8 4 34
github.com/clawinfra/evoclaw/internal/agents/memory.go:55.8,60.3 4 10
github.com/clawinfra/evoclaw/internal/agents/memory.go:63.2,64.16 2 24
github.com/clawinfra/evoclaw/internal/agents/memory.go:64.16,69.3 4 1
github.com/clawinfra/evoclaw/internal/agents/memory.go:72.2,85.12 6 23
github.com/clawinfra/evoclaw/internal/agents/memory.go:89.56,105.2 7 88
github.com/clawinfra/evoclaw/internal/agents/memory.go:108.71,116.2 5 12
github.com/clawinfra/evoclaw/internal/agents/memory.go:119.82,123.26 3 12
github.com/clawinfra/evoclaw/internal/agents/memory.go:123.26,127.3 3 1
github.com/clawinfra/evoclaw/internal/agents/memory.go:129.2,132.13 4 11
github.com/clawinfra/evoclaw/internal/agents/memory.go:136.38,143.2 5 1
github.com/clawinfra/evoclaw/internal/agents/memory.go:146.37,148.37 1 88
github.com/clawinfra/evoclaw/internal/agents/memory.go:148.37,153.3 3 2
github.com/clawinfra/evoclaw/internal/agents/memory.go:156.2,156.59 1 88
github.com/clawinfra/evoclaw/internal/agents/memory.go:156.59,160.3 2 10
github.com/clawinfra/evoclaw/internal/agents/memory.go:164.50,166.33 2 13
github.com/clawinfra/evoclaw/internal/agents/memory.go:166.33,168.3 1 113
github.com/clawinfra/evoclaw/internal/agents/memory.go:169.2,169.23 1 13
github.com/clawinfra/evoclaw/internal/agents/memory.go:173.50,175.16 2 8
github.com/clawinfra/evoclaw/internal/agents/memory.go:175.16,177.3 1 0
github.com/clawinfra/evoclaw/internal/agents/memory.go:179.2,179.35 1 8
github.com/clawinfra/evoclaw/internal/agents/memory.go:184.81,189.16 4 10
github.com/clawinfra/evoclaw/internal/agents/memory.go:189.16,191.3 1 0
github.com/clawinfra/evoclaw/internal/agents/memory.go:193.2,194.55 2 10
github.com/clawinfra/evoclaw/internal/agents/memory.go:194.55,196.3 1 1
github.com/clawinfra/evoclaw/internal/agents/memory.go:198.2,199.12 2 9
github.com/clawinfra/evoclaw/internal/agents/memory.go:203.39,207.31 3 1
github.com/clawinfra/evoclaw/internal/agents/memory.go:207.31,208.41 1 3
github.com/clawinfra/evoclaw/internal/agents/memory.go:208.41,210.4 1 0
github.com/clawinfra/evoclaw/internal/agents/memory.go:213.2,213.12 1 1
github.com/clawinfra/evoclaw/internal/agents/memory.go:217.72,220.16 3 24
github.com/clawinfra/evoclaw/internal/agents/memory.go:220.16,221.26 1 22
github.com/clawinfra/evoclaw/internal/agents/memory.go:221.26,223.4 1 0
github.com/clawinfra/evoclaw/internal/agents/memory.go:224.3,224.13 1 22
github.com/clawinfra/evoclaw/internal/agents/memory.go:227.2,228.51 2 2
github.com/clawinfra/evoclaw/internal/agents/memory.go:228.51,231.3 2 1
github.com/clawinfra/evoclaw/internal/agents/memory.go:233.2,235.13 3 1
github.com/clawinfra/evoclaw/internal/agents/memory.go:239.57,241.2 1 37
github.com/clawinfra/evoclaw/internal/agents/memory.go:244.54,251.36 4 1
github.com/clawinfra/evoclaw/internal/agents/memory.go:251.36,256.35 4 2
github.com/clawinfra/evoclaw/internal/agents/memory.go:256.35,258.53 1 2
github.com/clawinfra/evoclaw/internal/agents/memory.go:258.53,260.5 1 0
github.com/clawinfra/evoclaw/internal/agents/memory.go:261.4,262.64 2 2
github.com/clawinfra/evoclaw/internal/agents/memory.go:267.2,268.16 2 1
github.com/clawinfra/evoclaw/internal/agents/memory.go:268.16,270.3 1 0
github.com/clawinfra/evoclaw/internal/agents/memory.go:272.2,272.32 1 1
github.com/clawinfra/evoclaw/internal/agents/memory.go:272.32,273.61 1 2
github.com/clawinfra/evoclaw/internal/agents/memory.go:273.61,274.12 1 0
github.com/clawinfra/evoclaw/internal/agents/memory.go:277.3,279.17 3 2
github.com/clawinfra/evoclaw/internal/agents/memory.go:279.17,280.12 1 0
github.com/clawinfra/evoclaw/internal/agents/memory.go:283.3,283.39 1 2
github.com/clawinfra/evoclaw/internal/agents/memory.go:283.39,284.42 1 2
github.com/clawinfra/evoclaw/internal/agents/memory.go:284.42,286.5 1 0
github.com/clawinfra/evoclaw/internal/agents/memory.go:286.10,288.5 1 2
github.com/clawinfra/evoclaw/internal/agents/memory.go:292.2,292.12 1 1
github.com/clawinfra/evoclaw/internal/agents/memory.go:296.57,303.30 5 2
github.com/clawinfra/evoclaw/internal/agents/memory.go:303.30,308.3 4 2
github.com/clawinfra/evoclaw/internal/agents/memory.go:310.2,314.3 1 2
github.com/clawinfra/evoclaw/internal/agents/memory.go:319.38,322.2 1 204
github.com/clawinfra/evoclaw/internal/agents/registry.go:49.74,51.53 2 25
github.com/clawinfra/evoclaw/internal/agents/registry.go:51.53,53.3 1 1
github.com/clawinfra/evoclaw/internal/agents/registry.go:55.2,59.8 1 24
github.com/clawinfra/evoclaw/internal/agents/registry.go:63.64,67.43 3 24
github.com/clawinfra/evoclaw/internal/agents/registry.go:67.43,69.3 1 1
github.com/clawinfra/evoclaw/internal/agents/registry.go:71.2,84.38 3 23
github.com/clawinfra/evoclaw/internal/agents/registry.go:84.38,87.3 1 0
github.com/clawinfra/evoclaw/internal/agents/registry.go:89.2,90.19 2 23
github.com/clawinfra/evoclaw/internal/agents/registry.go:94.51,99.9 4 61
github.com/clawinfra/evoclaw/internal/agents/registry.go:99.9,101.3 1 2
github.com/clawinfra/evoclaw/internal/agents/registry.go:103.2,103.19 1 59
github.com/clawinfra/evoclaw/internal/agents/registry.go:107.36,112.29 4 4
github.com/clawinfra/evoclaw/internal/agents/registry.go:112.29,114.3 1 5
github.com/clawinfra/evoclaw/internal/agents/registry.go:115.2,115.15 1 4
github.com/clawinfra/evoclaw/internal/agents/registry.go:119.65,124.9 4 2
github.com/clawinfra/evoclaw/internal/agents/registry.go:124.9,126.3 1 1
github.com/clawinfra/evoclaw/internal/agents/registry.go:128.2,132.38 4 1
github.com/clawinfra/evoclaw/internal/agents/registry.go:132.38,134.3 1 0
github.com/clawinfra/evoclaw/internal/agents/registry.go:136.2,137.12 2 1
github.com/clawinfra/evoclaw/internal/agents/registry.go:141.44,146.9 4 2
github.com/clawinfra/evoclaw/internal/agents/registry.go:146.9,148.3 1 1
github.com/clawinfra/evoclaw/internal/agents/registry.go:150.2,154.63 3 1
github.com/clawinfra/evoclaw/internal/agents/registry.go:154.63,156.3 1 0
github.com/clawinfra/evoclaw/internal/agents/registry.go:158.2,159.12 2 1
github.com/clawinfra/evoclaw/internal/agents/registry.go:163.58,165.16 2 1
github.com/clawinfra/evoclaw/internal/agents/registry.go:165.16,167.3 1 0
github.com/clawinfra/evoclaw/internal/agents/registry.go:169.2,174.12 5 1
github.com/clawinfra/evoclaw/internal/agents/registry.go:178.53,180.16 2 3
github.com/clawinfra/evoclaw/internal/agents/registry.go:180.16,182.3 1 0
github.com/clawinfra/evoclaw/internal/agents/registry.go:184.2,188.12 4 3
github.com/clawinfra/evoclaw/internal/agents/registry.go:192.51,194.16 2 17
github.com/clawinfra/evoclaw/internal/agents/registry.go:194.16,196.3 1 0
github.com/clawinfra/evoclaw/internal/agents/registry.go:198.2,203.12 5 17
github.com/clawinfra/evoclaw/internal/agents/registry.go:207.49,209.16 2 3
github.com/clawinfra/evoclaw/internal/agents/registry.go:209.16,211.3 1 0
github.com/clawinfra/evoclaw/internal/agents/registry.go:213.2,218.12 5 3
github.com/clawinfra/evoclaw/internal/agents/registry.go:222.116,224.16 2 14
github.com/clawinfra/evoclaw/internal/agents/registry.go:224.16,226.3 1 0
github.com/clawinfra/evoclaw/internal/agents/registry.go:228.2,232.13 4 14
github.com/clawinfra/evoclaw/internal/agents/registry.go:232.13,234.3 1 13
github.com/clawinfra/evoclaw/internal/agents/registry.go:234.8,236.3 1 1
github.com/clawinfra/evoclaw/internal/agents/registry.go:238.2,245.12 5 14
github.com/clawinfra/evoclaw/internal/agents/registry.go:249.57,256.34 5 1
github.com/clawinfra/evoclaw/internal/agents/registry.go:256.34,261.55 4 3
github.com/clawinfra/evoclaw/internal/agents/registry.go:261.55,263.4 1 1
github.com/clawinfra/evoclaw/internal/agents/registry.go:266.2,266.18 1 1
github.com/clawinfra/evoclaw/internal/agents/registry.go:270.33,272.16 2 2
github.com/clawinfra/evoclaw/internal/agents/registry.go:272.16,273.25 1 0
github.com/clawinfra/evoclaw/internal/agents/registry.go:273.25,275.4 1 0
github.com/clawinfra/evoclaw/internal/agents/registry.go:276.3,276.48 1 0
github.com/clawinfra/evoclaw/internal/agents/registry.go:279.2,279.32 1 2
github.com/clawinfra/evoclaw/internal/agents/registry.go:279.32,280.61 1 3
github.com/clawinfra/evoclaw/internal/agents/registry.go:280.61,281.12 1 0
github.com/clawinfra/evoclaw/internal/agents/registry.go:284.3,286.17 3 3
github.com/clawinfra/evoclaw/internal/agents/registry.go:286.17,288.12 2 0
github.com/clawinfra/evoclaw/internal/agents/registry.go:291.3,292.54 2 3
github.com/clawinfra/evoclaw/internal/agents/registry.go:292.54,294.12 2 1
github.com/clawinfra/evoclaw/internal/agents/registry.go:297.3,301.72 4 2
github.com/clawinfra/evoclaw/internal/agents/registry.go:304.2,304.12 1 2
github.com/clawinfra/evoclaw/internal/agents/registry.go:308.36,312.33 3 4
github.com/clawinfra/evoclaw/internal/agents/registry.go:312.33,313.39 1 5
github.com/clawinfra/evoclaw/internal/agents/registry.go:313.39,315.4 1 2
github.com/clawinfra/evoclaw/internal/agents/registry.go:318.2,318.12 1 4
github.com/clawinfra/evoclaw/internal/agents/registry.go:322.45,327.16 4 29
github.com/clawinfra/evoclaw/internal/agents/registry.go:327.16,329.3 1 0
github.com/clawinfra/evoclaw/internal/agents/registry.go:331.2,332.55 2 29
github.com/clawinfra/evoclaw/internal/agents/registry.go:332.55,334.3 1 2
github.com/clawinfra/evoclaw/internal/agents/registry.go:336.2,336.12 1 27
github.com/clawinfra/evoclaw/internal/agents/registry.go:340.48,342.2 1 31
github.com/clawinfra/evoclaw/internal/agents/registry.go:345.37,360.2 3 1
github.com/clawinfra/evoclaw/internal/genome/genome.go:73.30,95.2 1 13
github.com/clawinfra/evoclaw/internal/genome/genome.go:98.35,100.66 1 7
github.com/clawinfra/evoclaw/internal/genome/genome.go:100.66,102.3 1 1
github.com/clawinfra/evoclaw/internal/genome/genome.go:103.2,103.58 1 6
github.com/clawinfra/evoclaw/internal/genome/genome.go:103.58,105.3 1 1
github.com/clawinfra/evoclaw/internal/genome/genome.go:106.2,106.56 1 5
github.com/clawinfra/evoclaw/internal/genome/genome.go:106.56,108.3 1 2
github.com/clawinfra/evoclaw/internal/genome/genome.go:111.2,111.34 1 3
github.com/clawinfra/evoclaw/internal/genome/genome.go:111.34,113.3 1 1
github.com/clawinfra/evoclaw/internal/genome/genome.go:115.2,115.12 1 2
github.com/clawinfra/evoclaw/internal/genome/genome.go:121.44,122.67 1 4
github.com/clawinfra/evoclaw/internal/genome/genome.go:122.67,125.3 2 2
github.com/clawinfra/evoclaw/internal/genome/genome.go:127.2,129.16 3 2
github.com/clawinfra/evoclaw/internal/genome/genome.go:129.16,131.3 1 2
github.com/clawinfra/evoclaw/internal/genome/genome.go:132.2,132.9 1 0
github.com/clawinfra/evoclaw/internal/genome/genome.go:132.9,134.3 1 0
github.com/clawinfra/evoclaw/internal/genome/genome.go:135.2,135.12 1 0
github.com/clawinfra/evoclaw/internal/genome/genome.go:139.64,147.2 1 3
github.com/clawinfra/evoclaw/internal/genome/genome.go:150.43,152.16 2 3
github.com/clawinfra/evoclaw/internal/genome/genome.go:152.16,154.3 1 0
github.com/clawinfra/evoclaw/internal/genome/genome.go:156.2,157.53 2 3
github.com/clawinfra/evoclaw/internal/genome/genome.go:157.53,159.3 1 0
github.com/clawinfra/evoclaw/internal/genome/genome.go:161.2,161.20 1 3
github.com/clawinfra/evoclaw/internal/genome/genome.go:165.58,166.42 1 5
github.com/clawinfra/evoclaw/internal/genome/genome.go:166.42,168.3 1 4
github.com/clawinfra/evoclaw/internal/genome/genome.go:169.2,169.12 1 1
github.com/clawinfra/evoclaw/internal/genome/genome.go:173.64,174.21 1 3
github.com/clawinfra/evoclaw/internal/genome/genome.go:174.21,176.3 1 1
github.com/clawinfra/evoclaw/internal/genome/genome.go:177.2,177.29 1 3
github.com/clawinfra/evoclaw/internal/genome/genome.go:181.43,183.36 2 2
github.com/clawinfra/evoclaw/internal/genome/genome.go:183.36,184.20 1 4
github.com/clawinfra/evoclaw/internal/genome/genome.go:184.20,186.4 1 1
github.com/clawinfra/evoclaw/internal/genome/genome.go:188.2,188.16 1 2
github.com/clawinfra/evoclaw/internal/genome/genome.go:192.65,195.16 2 4
github.com/clawinfra/evoclaw/internal/genome/genome.go:195.16,197.3 1 0
github.com/clawinfra/evoclaw/internal/genome/genome.go:199.2,200.49 2 4
github.com/clawinfra/evoclaw/internal/genome/genome.go:200.49,202.3 1 2
github.com/clawinfra/evoclaw/internal/genome/genome.go:204.2,204.16 1 2
github.com/clawinfra/evoclaw/internal/genome/genome.go:208.61,210.16 2 2
github.com/clawinfra/evoclaw/internal/genome/genome.go:210.16,212.3 1 0
github.com/clawinfra/evoclaw/internal/genome/genome.go:214.2,215.54 2 2
github.com/clawinfra/evoclaw/internal/genome/genome.go:215.54,217.3 1 0
github.com/clawinfra/evoclaw/internal/genome/genome.go:219.2,219.20 1 2
github.com/clawinfra/evoclaw/internal/clawchain/proxy.go:37.55,43.2 1 1
github.com/clawinfra/evoclaw/internal/clawchain/proxy.go:46.83,52.2 1 35
github.com/clawinfra/evoclaw/internal/clawchain/proxy.go:57.117,58.15 1 6
github.com/clawinfra/evoclaw/internal/clawchain/proxy.go:58.15,60.3 1 1
github.com/clawinfra/evoclaw/internal/clawchain/proxy.go:62.2,64.16 3 5
github.com/clawinfra/evoclaw/internal/clawchain/proxy.go:64.16,66.3 1 2
github.com/clawinfra/evoclaw/internal/clawchain/proxy.go:68.2,69.16 2 3
github.com/clawinfra/evoclaw/internal/clawchain/proxy.go:69.16,71.3 1 0
github.com/clawinfra/evoclaw/internal/clawchain/proxy.go:73.2,74.50 2 3
github.com/clawinfra/evoclaw/internal/clawchain/proxy.go:74.50,76.3 1 0
github.com/clawinfra/evoclaw/internal/clawchain/proxy.go:77.2,77.18 1 3
github.com/clawinfra/evoclaw/internal/clawchain/proxy.go:81.90,82.15 1 8
github.com/clawinfra/evoclaw/internal/clawchain/proxy.go:82.15,84.3 1 1
github.com/clawinfra/evoclaw/internal/clawchain/proxy.go:86.2,87.16 2 7
github.com/clawinfra/evoclaw/internal/clawchain/proxy.go:87.16,89.3 1 2
github.com/clawinfra/evoclaw/internal/clawchain/proxy.go:91.2,92.16 2 5
github.com/clawinfra/evoclaw/internal/clawchain/proxy.go:92.16,94.3 1 0
github.com/clawinfra/evoclaw/internal/clawchain/proxy.go:96.2,97.50 2 5
github.com/clawinfra/evoclaw/internal/clawchain/proxy.go:97.50,99.3 1 0
github.com/clawinfra/evoclaw/internal/clawchain/proxy.go:100.2,100.18 1 5
github.com/clawinfra/evoclaw/internal/clawchain/proxy.go:104.83,105.15 1 24
github.com/clawinfra/evoclaw/internal/clawchain/proxy.go:105.15,107.3 1 1
github.com/clawinfra/evoclaw/internal/clawchain/proxy.go:109.2,110.16 2 23
github.com/clawinfra/evoclaw/internal/clawchain/proxy.go:110.16,112.3 1 1
github.com/clawinfra/evoclaw/internal/clawchain/proxy.go:114.2,115.16 2 22
github.com/clawinfra/evoclaw/internal/clawchain/proxy.go:115.16,117.3 1 0
github.com/clawinfra/evoclaw/internal/clawchain/proxy.go:119.2,120.50 2 22
github.com/clawinfra/evoclaw/internal/clawchain/proxy.go:120.50,122.3 1 0
github.com/clawinfra/evoclaw/internal/clawchain/proxy.go:123.2,123.18 1 22
github.com/clawinfra/evoclaw/internal/clawchain/proxy.go:127.108,128.15 1 6
github.com/clawinfra/evoclaw/internal/clawchain/proxy.go:128.15,130.3 1 1
github.com/clawinfra/evoclaw/internal/clawchain/proxy.go:131.2,131.40 1 5
github.com/clawinfra/evoclaw/internal/clawchain/proxy.go:131.40,133.3 1 1
github.com/clawinfra/evoclaw/internal/clawchain/proxy.go:135.2,137.16 3 4
github.com/clawinfra/evoclaw/internal/clawchain/proxy.go:137.16,139.3 1 1
github.com/clawinfra/evoclaw/internal/clawchain/proxy.go:141.2,142.16 2 3
github.com/clawinfra/evoclaw/internal/clawchain/proxy.go:142.16,144.3 1 0
github.com/clawinfra/evoclaw/internal/clawchain/proxy.go:146.2,147.49 2 3
github.com/clawinfra/evoclaw/internal/clawchain/proxy.go:147.49,149.3 1 0
github.com/clawinfra/evoclaw/internal/clawchain/proxy.go:150.2,150.17 1 3
github.com/clawinfra/evoclaw/internal/clawchain/proxy.go:154.83,155.15 1 4
github.com/clawinfra/evoclaw/internal/clawchain/proxy.go:155.15,157.3 1 1
github.com/clawinfra/evoclaw/internal/clawchain/proxy.go:159.2,160.16 2 3
github.com/clawinfra/evoclaw/internal/clawchain/proxy.go:160.16,162.3 1 1
github.com/clawinfra/evoclaw/internal/clawchain/proxy.go:164.2,165.16 2 2
github.com/clawinfra/evoclaw/internal/clawchain/proxy.go:165.16,167.3 1 0
github.com/clawinfra/evoclaw/internal/clawchain/proxy.go:169.2,170.51 2 2
github.com/clawinfra/evoclaw/internal/clawchain/proxy.go:170.51,172.3 1 0
github.com/clawinfra/evoclaw/internal/clawchain/proxy.go:173.2,173.19 1 2
github.com/clawinfra/evoclaw/internal/clawchain/proxy.go:177.105,178.18 1 5
github.com/clawinfra/evoclaw/internal/clawchain/proxy.go:178.18,180.3 1 1
github.com/clawinfra/evoclaw/internal/clawchain/proxy.go:181.2,181.16 1 5
github.com/clawinfra/evoclaw/internal/clawchain/proxy.go:181.16,183.3 1 1
github.com/clawinfra/evoclaw/internal/clawchain/proxy.go:185.2,187.16 3 5
github.com/clawinfra/evoclaw/internal/clawchain/proxy.go:187.16,189.3 1 1
github.com/clawinfra/evoclaw/internal/clawchain/proxy.go:191.2,192.16 2 4
github.com/clawinfra/evoclaw/internal/clawchain/proxy.go:192.16,194.3 1 0
github.com/clawinfra/evoclaw/internal/clawchain/proxy.go:197.2,200.54 2 4
github.com/clawinfra/evoclaw/internal/clawchain/proxy.go:200.54,203.59 2 1
github.com/clawinfra/evoclaw/internal/clawchain/proxy.go:203.59,205.4 1 0
github.com/clawinfra/evoclaw/internal/clawchain/proxy.go:206.3,206.24 1 1
github.com/clawinfra/evoclaw/internal/clawchain/proxy.go:208.2,208.31 1 3
github.com/clawinfra/evoclaw/internal/clawchain/proxy.go:213.98,215.54 2 4
github.com/clawinfra/evoclaw/internal/clawchain/proxy.go:215.54,219.3 1 1
github.com/clawinfra/evoclaw/internal/clawchain/proxy.go:221.2,224.16 3 3
github.com/clawinfra/evoclaw/internal/clawchain/proxy.go:224.16,227.3 2 2
github.com/clawinfra/evoclaw/internal/clawchain/proxy.go:229.2,230.18 2 1
github.com/clawinfra/evoclaw/internal/clawchain/proxy.go:234.43,238.2 3 3
github.com/clawinfra/evoclaw/internal/clawchain/proxy.go:241.49,247.25 5 3
github.com/clawinfra/evoclaw/internal/clawchain/proxy.go:247.25,249.3 1 3
github.com/clawinfra/evoclaw/internal/clawchain/proxy.go:254.99,270.16 5 50
github.com/clawinfra/evoclaw/internal/clawchain/proxy.go:270.16,276.3 2 3
github.com/clawinfra/evoclaw/internal/clawchain/proxy.go:278.2,278.23 1 47
github.com/clawinfra/evoclaw/internal/clawchain/proxy.go:278.23,285.3 2 7
github.com/clawinfra/evoclaw/internal/clawchain/proxy.go:287.2,287.25 1 40
github.com/clawinfra/evoclaw/internal/clawchain/proxy.go:296.116,298.16 2 0
github.com/clawinfra/evoclaw/internal/clawchain/proxy.go:298.16,300.3 1 0
github.com/clawinfra/evoclaw/internal/clawchain/proxy.go:302.2,306.16 4 0
github.com/clawinfra/evoclaw/internal/clawchain/proxy.go:306.16,308.3 1 0
github.com/clawinfra/evoclaw/internal/clawchain/proxy.go:309.2,312.16 3 0
github.com/clawinfra/evoclaw/internal/clawchain/proxy.go:312.16,314.3 1 0
github.com/clawinfra/evoclaw/internal/clawchain/proxy.go:315.2,318.16 3 0
github.com/clawinfra/evoclaw/internal/clawchain/proxy.go:318.16,320.3 1 0
github.com/clawinfra/evoclaw/internal/clawchain/proxy.go:322.2,322.42 1 0
github.com/clawinfra/evoclaw/internal/clawchain/proxy.go:322.42,324.3 1 0
github.com/clawinfra/evoclaw/internal/clawchain/proxy.go:326.2,327.59 2 0
github.com/clawinfra/evoclaw/internal/clawchain/proxy.go:327.59,329.3 1 0
github.com/clawinfra/evoclaw/internal/clawchain/proxy.go:331.2,331.22 1 0
github.com/clawinfra/evoclaw/internal/clawchain/types.go:112.39,118.2 1 37
github.com/clawinfra/evoclaw/internal/config/chains.go:129.57,132.2 2 6
github.com/clawinfra/evoclaw/internal/config/chains.go:135.60,136.21 1 5
github.com/clawinfra/evoclaw/internal/config/chains.go:136.21,138.3 1 5
github.com/clawinfra/evoclaw/internal/config/chains.go:139.2,139.25 1 5
github.com/clawinfra/evoclaw/internal/config/chains.go:143.52,144.21 1 2
github.com/clawinfra/evoclaw/internal/config/chains.go:144.21,146.3 1 0
github.com/clawinfra/evoclaw/internal/config/chains.go:147.2,147.37 1 2
github.com/clawinfra/evoclaw/internal/config/chains.go:147.37,149.3 1 1
github.com/clawinfra/evoclaw/internal/config/chains.go:150.2,151.12 2 1
github.com/clawinfra/evoclaw/internal/config/chains.go:155.63,156.21 1 3
github.com/clawinfra/evoclaw/internal/config/chains.go:156.21,158.3 1 0
github.com/clawinfra/evoclaw/internal/config/chains.go:159.2,160.16 2 3
github.com/clawinfra/evoclaw/internal/config/chains.go:165.41,167.45 1 3
github.com/clawinfra/evoclaw/internal/config/chains.go:167.45,169.28 2 2
github.com/clawinfra/evoclaw/internal/config/chains.go:170.11,171.19 1 0
github.com/clawinfra/evoclaw/internal/config/chains.go:172.12,173.21 1 0
github.com/clawinfra/evoclaw/internal/config/chains.go:174.13,175.29 1 0
github.com/clawinfra/evoclaw/internal/config/chains.go:179.3,187.48 2 2
github.com/clawinfra/evoclaw/internal/config/chains.go:187.48,191.29 3 2
github.com/clawinfra/evoclaw/internal/config/chains.go:191.29,193.5 1 0
github.com/clawinfra/evoclaw/internal/config/chains.go:196.3,196.32 1 2
github.com/clawinfra/evoclaw/internal/config/config.go:337.30,368.2 1 21
github.com/clawinfra/evoclaw/internal/config/config.go:371.41,373.16 2 8
github.com/clawinfra/evoclaw/internal/config/config.go:373.16,375.3 1 1
github.com/clawinfra/evoclaw/internal/config/config.go:377.2,378.50 2 7
github.com/clawinfra/evoclaw/internal/config/config.go:378.50,380.3 1 2
github.com/clawinfra/evoclaw/internal/config/config.go:383.2,383.62 1 5
github.com/clawinfra/evoclaw/internal/config/config.go:383.62,385.3 1 1
github.com/clawinfra/evoclaw/internal/config/config.go:387.2,387.17 1 4
github.com/clawinfra/evoclaw/internal/config/config.go:391.42,393.47 2 9
github.com/clawinfra/evoclaw/internal/config/config.go:393.47,395.3 1 1
github.com/clawinfra/evoclaw/internal/config/config.go:397.2,398.16 2 8
github.com/clawinfra/evoclaw/internal/config/config.go:398.16,400.3 1 0
github.com/clawinfra/evoclaw/internal/config/config.go:402.2,402.39 1 8
github.com/clawinfra/evoclaw/internal/governance/adl.go:77.64,79.50 2 19
github.com/clawinfra/evoclaw/internal/governance/adl.go:79.50,81.3 1 0
github.com/clawinfra/evoclaw/internal/governance/adl.go:82.2,82.19 1 19
github.com/clawinfra/evoclaw/internal/governance/adl.go:82.19,84.3 1 8
github.com/clawinfra/evoclaw/internal/governance/adl.go:85.2,89.8 1 19
github.com/clawinfra/evoclaw/internal/governance/adl.go:92.51,94.2 1 2
github.com/clawinfra/evoclaw/internal/governance/adl.go:97.60,102.16 4 0
github.com/clawinfra/evoclaw/internal/governance/adl.go:102.16,104.3 1 0
github.com/clawinfra/evoclaw/internal/governance/adl.go:106.2,118.16 5 0
github.com/clawinfra/evoclaw/internal/governance/adl.go:118.16,120.3 1 0
github.com/clawinfra/evoclaw/internal/governance/adl.go:122.2,122.74 1 0
github.com/clawinfra/evoclaw/internal/governance/adl.go:122.74,124.3 1 0
github.com/clawinfra/evoclaw/internal/governance/adl.go:126.2,127.12 2 0
github.com/clawinfra/evoclaw/internal/governance/adl.go:132.76,137.9 4 2
github.com/clawinfra/evoclaw/internal/governance/adl.go:137.9,140.17 2 2
github.com/clawinfra/evoclaw/internal/governance/adl.go:140.17,144.30 3 2
github.com/clawinfra/evoclaw/internal/governance/adl.go:144.30,145.20 1 3
github.com/clawinfra/evoclaw/internal/governance/adl.go:145.20,147.6 1 2
github.com/clawinfra/evoclaw/internal/governance/adl.go:149.4,150.18 2 2
github.com/clawinfra/evoclaw/internal/governance/adl.go:150.18,152.5 1 0
github.com/clawinfra/evoclaw/internal/governance/adl.go:153.4,153.54 1 2
github.com/clawinfra/evoclaw/internal/governance/adl.go:155.3,156.56 2 0
github.com/clawinfra/evoclaw/internal/governance/adl.go:156.56,158.4 1 0
github.com/clawinfra/evoclaw/internal/governance/adl.go:159.3,161.16 3 0
github.com/clawinfra/evoclaw/internal/governance/adl.go:165.2,172.22 4 0
github.com/clawinfra/evoclaw/internal/governance/adl.go:172.22,174.3 1 0
github.com/clawinfra/evoclaw/internal/governance/adl.go:176.2,182.24 2 0
github.com/clawinfra/evoclaw/internal/governance/adl.go:186.80,191.9 4 0
github.com/clawinfra/evoclaw/internal/governance/adl.go:191.9,193.3 1 0
github.com/clawinfra/evoclaw/internal/governance/adl.go:195.2,195.75 1 0
github.com/clawinfra/evoclaw/internal/governance/adl.go:199.47,204.29 3 0
github.com/clawinfra/evoclaw/internal/governance/adl.go:204.29,209.40 2 0
github.com/clawinfra/evoclaw/internal/governance/adl.go:209.40,211.23 2 0
github.com/clawinfra/evoclaw/internal/governance/adl.go:211.23,213.5 1 0
github.com/clawinfra/evoclaw/internal/governance/adl.go:216.3,216.69 1 0
github.com/clawinfra/evoclaw/internal/governance/adl.go:216.69,218.39 2 0
github.com/clawinfra/evoclaw/internal/governance/adl.go:218.39,220.5 1 0
github.com/clawinfra/evoclaw/internal/governance/adl.go:224.2,224.17 1 0
github.com/clawinfra/evoclaw/internal/governance/adl.go:228.49,233.29 4 0
github.com/clawinfra/evoclaw/internal/governance/adl.go:233.29,238.53 2 0
github.com/clawinfra/evoclaw/internal/governance/adl.go:238.53,240.4 1 0
github.com/clawinfra/evoclaw/internal/governance/adl.go:242.3,242.51 1 0
github.com/clawinfra/evoclaw/internal/governance/adl.go:242.51,245.25 3 0
github.com/clawinfra/evoclaw/internal/governance/adl.go:245.25,247.5 1 0
github.com/clawinfra/evoclaw/internal/governance/adl.go:251.3,251.94 1 0
github.com/clawinfra/evoclaw/internal/governance/adl.go:251.94,253.4 1 0
github.com/clawinfra/evoclaw/internal/governance/adl.go:256.2,256.19 1 0
github.com/clawinfra/evoclaw/internal/governance/adl.go:260.76,261.24 1 0
github.com/clawinfra/evoclaw/internal/governance/adl.go:261.24,263.3 1 0
github.com/clawinfra/evoclaw/internal/governance/adl.go:265.2,268.30 3 0
github.com/clawinfra/evoclaw/internal/governance/adl.go:268.30,269.59 1 0
github.com/clawinfra/evoclaw/internal/governance/adl.go:269.59,271.4 1 0
github.com/clawinfra/evoclaw/internal/governance/adl.go:274.2,274.50 1 0
github.com/clawinfra/evoclaw/internal/governance/adl.go:278.57,291.46 5 10
github.com/clawinfra/evoclaw/internal/governance/adl.go:291.46,292.30 1 20
github.com/clawinfra/evoclaw/internal/governance/adl.go:292.30,293.34 1 68
github.com/clawinfra/evoclaw/internal/governance/adl.go:293.34,295.10 2 7
github.com/clawinfra/evoclaw/internal/governance/adl.go:299.2,299.49 1 10
github.com/clawinfra/evoclaw/internal/governance/adl.go:299.49,300.30 1 20
github.com/clawinfra/evoclaw/internal/governance/adl.go:300.30,301.34 1 84
github.com/clawinfra/evoclaw/internal/governance/adl.go:301.34,303.10 2 5
github.com/clawinfra/evoclaw/internal/governance/adl.go:307.2,307.21 1 10
github.com/clawinfra/evoclaw/internal/governance/adl.go:311.91,320.16 3 21
github.com/clawinfra/evoclaw/internal/governance/adl.go:320.16,322.3 1 0
github.com/clawinfra/evoclaw/internal/governance/adl.go:324.2,326.16 3 21
github.com/clawinfra/evoclaw/internal/governance/adl.go:326.16,328.3 1 0
github.com/clawinfra/evoclaw/internal/governance/adl.go:329.2,332.12 3 21
github.com/clawinfra/evoclaw/internal/governance/adl.go:336.56,339.16 3 12
github.com/clawinfra/evoclaw/internal/governance/adl.go:339.16,340.25 1 5
github.com/clawinfra/evoclaw/internal/governance/adl.go:340.25,342.4 1 5
github.com/clawinfra/evoclaw/internal/governance/adl.go:343.3,343.53 1 0
github.com/clawinfra/evoclaw/internal/governance/adl.go:346.2,347.76 2 7
github.com/clawinfra/evoclaw/internal/governance/adl.go:347.76,348.17 1 21
github.com/clawinfra/evoclaw/internal/governance/adl.go:348.17,349.12 1 0
github.com/clawinfra/evoclaw/internal/governance/adl.go:351.3,352.62 2 21
github.com/clawinfra/evoclaw/internal/governance/adl.go:352.62,353.12 1 0
github.com/clawinfra/evoclaw/internal/governance/adl.go:355.3,356.21 2 21
github.com/clawinfra/evoclaw/internal/governance/adl.go:356.21,358.4 1 5
github.com/clawinfra/evoclaw/internal/governance/adl.go:358.9,360.4 1 16
github.com/clawinfra/evoclaw/internal/governance/adl.go:362.2,362.28 1 7
github.com/clawinfra/evoclaw/internal/governance/adl.go:362.28,364.3 1 7
github.com/clawinfra/evoclaw/internal/governance/adl.go:365.2,365.19 1 7
github.com/clawinfra/evoclaw/internal/governance/adl.go:369.43,371.66 2 2
github.com/clawinfra/evoclaw/internal/governance/adl.go:371.66,373.3 1 0
github.com/clawinfra/evoclaw/internal/governance/adl.go:374.2,374.12 1 2
github.com/clawinfra/evoclaw/internal/governance/adl.go:378.70,380.16 2 2
github.com/clawinfra/evoclaw/internal/governance/adl.go:380.16,382.3 1 0
github.com/clawinfra/evoclaw/internal/governance/adl.go:383.2,383.29 1 2
github.com/clawinfra/evoclaw/internal/governance/adl.go:383.29,385.3 1 1
github.com/clawinfra/evoclaw/internal/governance/adl.go:386.2,386.47 1 1
github.com/clawinfra/evoclaw/internal/governance/adl.go:390.77,400.48 4 0
github.com/clawinfra/evoclaw/internal/governance/adl.go:400.48,401.49 1 0
github.com/clawinfra/evoclaw/internal/governance/adl.go:401.49,403.4 1 0
github.com/clawinfra/evoclaw/internal/governance/adl.go:406.2,406.19 1 0
github.com/clawinfra/evoclaw/internal/governance/governance.go:19.30,19.46 1 4
github.com/clawinfra/evoclaw/internal/governance/governance.go:20.30,20.46 1 2
github.com/clawinfra/evoclaw/internal/governance/governance.go:21.30,21.46 1 4
github.com/clawinfra/evoclaw/internal/governance/governance.go:22.30,22.46 1 2
github.com/clawinfra/evoclaw/internal/governance/governance.go:31.29,37.2 2 0
github.com/clawinfra/evoclaw/internal/governance/governance.go:40.47,41.23 1 11
github.com/clawinfra/evoclaw/internal/governance/governance.go:41.23,43.3 1 11
github.com/clawinfra/evoclaw/internal/governance/governance.go:45.2,48.55 2 11
github.com/clawinfra/evoclaw/internal/governance/governance.go:48.55,50.3 1 0
github.com/clawinfra/evoclaw/internal/governance/governance.go:53.2,54.16 2 11
github.com/clawinfra/evoclaw/internal/governance/governance.go:54.16,56.3 1 0
github.com/clawinfra/evoclaw/internal/governance/governance.go:59.2,60.16 2 11
github.com/clawinfra/evoclaw/internal/governance/governance.go:60.16,62.3 1 0
github.com/clawinfra/evoclaw/internal/governance/governance.go:65.2,66.16 2 11
github.com/clawinfra/evoclaw/internal/governance/governance.go:66.16,68.3 1 0
github.com/clawinfra/evoclaw/internal/governance/governance.go:71.2,72.16 2 11
github.com/clawinfra/evoclaw/internal/governance/governance.go:72.16,74.3 1 0
github.com/clawinfra/evoclaw/internal/governance/governance.go:76.2,84.8 2 11
github.com/clawinfra/evoclaw/internal/governance/governance.go:89.64,91.20 1 0
github.com/clawinfra/evoclaw/internal/governance/governance.go:91.20,92.63 1 0
github.com/clawinfra/evoclaw/internal/governance/governance.go:92.63,95.4 1 0
github.com/clawinfra/evoclaw/internal/governance/governance.go:99.2,100.16 2 0
github.com/clawinfra/evoclaw/internal/governance/governance.go:100.16,102.3 1 0
github.com/clawinfra/evoclaw/internal/governance/governance.go:104.2,104.22 1 0
github.com/clawinfra/evoclaw/internal/governance/governance.go:104.22,106.3 1 0
github.com/clawinfra/evoclaw/internal/governance/governance.go:108.2,108.12 1 0
github.com/clawinfra/evoclaw/internal/governance/governance.go:113.55,114.51 1 0
github.com/clawinfra/evoclaw/internal/governance/governance.go:114.51,116.3 1 0
github.com/clawinfra/evoclaw/internal/governance/governance.go:117.2,118.12 2 0
github.com/clawinfra/evoclaw/internal/governance/governance.go:122.67,124.2 1 0
github.com/clawinfra/evoclaw/internal/governance/governance.go:127.65,129.2 1 0
github.com/clawinfra/evoclaw/internal/governance/governance.go:132.65,134.2 1 0
github.com/clawinfra/evoclaw/internal/governance/governance.go:137.112,139.16 2 0
github.com/clawinfra/evoclaw/internal/governance/governance.go:139.16,141.3 1 0
github.com/clawinfra/evoclaw/internal/governance/governance.go:143.2,144.13 2 0
github.com/clawinfra/evoclaw/internal/governance/governance.go:144.13,146.3 1 0
github.com/clawinfra/evoclaw/internal/governance/governance.go:148.2,148.66 1 0
github.com/clawinfra/evoclaw/internal/governance/governance.go:148.66,150.3 1 0
github.com/clawinfra/evoclaw/internal/governance/governance.go:152.2,152.20 1 0
github.com/clawinfra/evoclaw/internal/governance/governance.go:156.80,158.2 1 0
github.com/clawinfra/evoclaw/internal/governance/governance.go:161.97,163.2 1 0
github.com/clawinfra/evoclaw/internal/governance/governance.go:166.77,171.16 3 0
github.com/clawinfra/evoclaw/internal/governance/governance.go:171.16,173.3 1 0
github.com/clawinfra/evoclaw/internal/governance/governance.go:173.8,175.3 1 0
github.com/clawinfra/evoclaw/internal/governance/governance.go:178.2,179.16 2 0
github.com/clawinfra/evoclaw/internal/governance/governance.go:179.16,181.3 1 0
github.com/clawinfra/evoclaw/internal/governance/governance.go:181.8,183.3 1 0
github.com/clawinfra/evoclaw/internal/governance/governance.go:186.2,187.16 2 0
github.com/clawinfra/evoclaw/internal/governance/governance.go:187.16,189.3 1 0
github.com/clawinfra/evoclaw/internal/governance/governance.go:189.8,191.3 1 0
github.com/clawinfra/evoclaw/internal/governance/governance.go:194.2,195.16 2 0
github.com/clawinfra/evoclaw/internal/governance/governance.go:195.16,200.3 1 0
github.com/clawinfra/evoclaw/internal/governance/governance.go:202.2,202.20 1 0
github.com/clawinfra/evoclaw/internal/governance/governance.go:206.68,208.2 1 24
github.com/clawinfra/evoclaw/internal/governance/governance.go:211.62,213.2 1 2
github.com/clawinfra/evoclaw/internal/governance/governance.go:216.117,218.16 2 1
github.com/clawinfra/evoclaw/internal/governance/governance.go:218.16,220.3 1 0
github.com/clawinfra/evoclaw/internal/governance/governance.go:221.2,222.13 2 1
github.com/clawinfra/evoclaw/internal/governance/governance.go:222.13,224.3 1 0
github.com/clawinfra/evoclaw/internal/governance/governance.go:225.2,225.72 1 1
github.com/clawinfra/evoclaw/internal/governance/governance.go:225.72,227.3 1 0
github.com/clawinfra/evoclaw/internal/governance/governance.go:228.2,228.20 1 1
github.com/clawinfra/evoclaw/internal/governance/governance.go:232.101,234.16 2 1
github.com/clawinfra/evoclaw/internal/governance/governance.go:234.16,236.3 1 0
github.com/clawinfra/evoclaw/internal/governance/governance.go:237.2,238.28 2 1
github.com/clawinfra/evoclaw/internal/governance/governance.go:238.28,239.17 1 2
github.com/clawinfra/evoclaw/internal/governance/governance.go:239.17,241.4 1 0
github.com/clawinfra/evoclaw/internal/governance/governance.go:241.9,243.4 1 2
github.com/clawinfra/evoclaw/internal/governance/governance.go:245.2,246.16 2 1
github.com/clawinfra/evoclaw/internal/governance/governance.go:246.16,248.3 1 0
github.com/clawinfra/evoclaw/internal/governance/governance.go:249.2,250.38 2 1
github.com/clawinfra/evoclaw/internal/governance/governance.go:254.120,256.2 1 3
github.com/clawinfra/evoclaw/internal/governance/governance.go:259.74,261.2 1 1
github.com/clawinfra/evoclaw/internal/governance/governance.go:264.87,265.57 1 2
github.com/clawinfra/evoclaw/internal/governance/governance.go:265.57,267.3 1 0
github.com/clawinfra/evoclaw/internal/governance/governance.go:268.2,268.14 1 2
github.com/clawinfra/evoclaw/internal/governance/governance.go:268.14,269.46 1 1
github.com/clawinfra/evoclaw/internal/governance/governance.go:269.46,271.4 1 0
github.com/clawinfra/evoclaw/internal/governance/governance.go:273.2,273.12 1 2
github.com/clawinfra/evoclaw/internal/governance/governance.go:287.45,289.24 2 1
github.com/clawinfra/evoclaw/internal/governance/governance.go:289.24,291.3 1 1
github.com/clawinfra/evoclaw/internal/governance/governance.go:292.2,293.23 2 1
github.com/clawinfra/evoclaw/internal/governance/governance.go:293.23,295.3 1 1
github.com/clawinfra/evoclaw/internal/governance/governance.go:296.2,297.23 2 1
github.com/clawinfra/evoclaw/internal/governance/governance.go:297.23,299.3 1 1
github.com/clawinfra/evoclaw/internal/governance/governance.go:300.2,301.23 2 1
github.com/clawinfra/evoclaw/internal/governance/governance.go:301.23,303.3 1 1
github.com/clawinfra/evoclaw/internal/governance/governance.go:304.2,305.57 1 1
github.com/clawinfra/evoclaw/internal/governance/governance.go:309.82,313.16 3 2
github.com/clawinfra/evoclaw/internal/governance/governance.go:313.16,315.3 1 2
github.com/clawinfra/evoclaw/internal/governance/governance.go:316.2,317.16 2 2
github.com/clawinfra/evoclaw/internal/governance/governance.go:317.16,319.3 1 2
github.com/clawinfra/evoclaw/internal/governance/governance.go:320.2,321.16 2 2
github.com/clawinfra/evoclaw/internal/governance/governance.go:321.16,323.3 1 2
github.com/clawinfra/evoclaw/internal/governance/governance.go:324.2,325.16 2 2
github.com/clawinfra/evoclaw/internal/governance/governance.go:325.16,327.3 1 2
github.com/clawinfra/evoclaw/internal/governance/governance.go:329.2,329.66 1 2
github.com/clawinfra/evoclaw/internal/governance/governance.go:329.66,331.3 1 0
github.com/clawinfra/evoclaw/internal/governance/governance.go:331.8,333.3 1 2
github.com/clawinfra/evoclaw/internal/governance/governance.go:335.2,335.20 1 2
github.com/clawinfra/evoclaw/internal/governance/vbr.go:54.64,56.50 2 17
github.com/clawinfra/evoclaw/internal/governance/vbr.go:56.50,58.3 1 0
github.com/clawinfra/evoclaw/internal/governance/vbr.go:59.2,59.19 1 17
github.com/clawinfra/evoclaw/internal/governance/vbr.go:59.19,61.3 1 6
github.com/clawinfra/evoclaw/internal/governance/vbr.go:62.2,66.8 1 17
github.com/clawinfra/evoclaw/internal/governance/vbr.go:69.46,71.2 1 22
github.com/clawinfra/evoclaw/internal/governance/vbr.go:74.89,78.19 3 5
github.com/clawinfra/evoclaw/internal/governance/vbr.go:79.23,82.14 3 2
github.com/clawinfra/evoclaw/internal/governance/vbr.go:82.14,84.4 1 1
github.com/clawinfra/evoclaw/internal/governance/vbr.go:86.24,88.17 2 0
github.com/clawinfra/evoclaw/internal/governance/vbr.go:88.17,91.4 2 0
github.com/clawinfra/evoclaw/internal/governance/vbr.go:91.9,97.15 5 0
github.com/clawinfra/evoclaw/internal/governance/vbr.go:97.15,100.5 2 0
github.com/clawinfra/evoclaw/internal/governance/vbr.go:100.10,102.16 2 0
github.com/clawinfra/evoclaw/internal/governance/vbr.go:102.16,104.6 1 0
github.com/clawinfra/evoclaw/internal/governance/vbr.go:108.20,112.14 4 3
github.com/clawinfra/evoclaw/internal/governance/vbr.go:112.14,114.4 1 1
github.com/clawinfra/evoclaw/internal/governance/vbr.go:116.22,120.17 3 0
github.com/clawinfra/evoclaw/internal/governance/vbr.go:120.17,123.9 3 0
github.com/clawinfra/evoclaw/internal/governance/vbr.go:126.3,128.17 3 0
github.com/clawinfra/evoclaw/internal/governance/vbr.go:128.17,131.9 3 0
github.com/clawinfra/evoclaw/internal/governance/vbr.go:134.3,135.14 2 0
github.com/clawinfra/evoclaw/internal/governance/vbr.go:135.14,137.4 1 0
github.com/clawinfra/evoclaw/internal/governance/vbr.go:139.10,140.64 1 0
github.com/clawinfra/evoclaw/internal/governance/vbr.go:143.2,144.20 2 5
github.com/clawinfra/evoclaw/internal/governance/vbr.go:148.76,160.16 5 15
github.com/clawinfra/evoclaw/internal/governance/vbr.go:160.16,162.3 1 0
github.com/clawinfra/evoclaw/internal/governance/vbr.go:163.2,166.16 3 15
github.com/clawinfra/evoclaw/internal/governance/vbr.go:166.16,168.3 1 0
github.com/clawinfra/evoclaw/internal/governance/vbr.go:170.2,170.55 1 15
github.com/clawinfra/evoclaw/internal/governance/vbr.go:170.55,172.3 1 0
github.com/clawinfra/evoclaw/internal/governance/vbr.go:174.2,175.12 2 15
github.com/clawinfra/evoclaw/internal/governance/vbr.go:179.56,184.16 4 7
github.com/clawinfra/evoclaw/internal/governance/vbr.go:184.16,185.25 1 2
github.com/clawinfra/evoclaw/internal/governance/vbr.go:185.25,187.4 1 2
github.com/clawinfra/evoclaw/internal/governance/vbr.go:188.3,188.50 1 0
github.com/clawinfra/evoclaw/internal/governance/vbr.go:190.2,194.6 4 5
github.com/clawinfra/evoclaw/internal/governance/vbr.go:194.6,196.49 2 20
github.com/clawinfra/evoclaw/internal/governance/vbr.go:196.49,197.9 1 5
github.com/clawinfra/evoclaw/internal/governance/vbr.go:199.3,200.20 2 15
github.com/clawinfra/evoclaw/internal/governance/vbr.go:200.20,202.4 1 9
github.com/clawinfra/evoclaw/internal/governance/vbr.go:202.9,204.4 1 6
github.com/clawinfra/evoclaw/internal/governance/vbr.go:207.2,207.21 1 5
github.com/clawinfra/evoclaw/internal/governance/vbr.go:207.21,209.3 1 5
github.com/clawinfra/evoclaw/internal/governance/vbr.go:210.2,214.19 4 5
github.com/clawinfra/evoclaw/internal/governance/vfm.go:79.64,81.50 2 20
github.com/clawinfra/evoclaw/internal/governance/vfm.go:81.50,83.3 1 0
github.com/clawinfra/evoclaw/internal/governance/vfm.go:84.2,84.19 1 20
github.com/clawinfra/evoclaw/internal/governance/vfm.go:84.19,86.3 1 9
github.com/clawinfra/evoclaw/internal/governance/vfm.go:87.2,92.8 1 20
github.com/clawinfra/evoclaw/internal/governance/vfm.go:95.46,97.2 1 32
github.com/clawinfra/evoclaw/internal/governance/vfm.go:99.49,101.2 1 0
github.com/clawinfra/evoclaw/internal/governance/vfm.go:104.66,111.16 5 0
github.com/clawinfra/evoclaw/internal/governance/vfm.go:111.16,113.3 1 0
github.com/clawinfra/evoclaw/internal/governance/vfm.go:115.2,115.72 1 0
github.com/clawinfra/evoclaw/internal/governance/vfm.go:115.72,117.3 1 0
github.com/clawinfra/evoclaw/internal/governance/vfm.go:119.2,120.12 2 0
github.com/clawinfra/evoclaw/internal/governance/vfm.go:124.93,126.2 1 11
github.com/clawinfra/evoclaw/internal/governance/vfm.go:129.116,131.2 1 6
github.com/clawinfra/evoclaw/internal/governance/vfm.go:134.134,150.16 5 20
github.com/clawinfra/evoclaw/internal/governance/vfm.go:150.16,152.3 1 0
github.com/clawinfra/evoclaw/internal/governance/vfm.go:153.2,156.16 3 20
github.com/clawinfra/evoclaw/internal/governance/vfm.go:156.16,158.3 1 0
github.com/clawinfra/evoclaw/internal/governance/vfm.go:160.2,160.55 1 20
github.com/clawinfra/evoclaw/internal/governance/vfm.go:160.55,162.3 1 0
github.com/clawinfra/evoclaw/internal/governance/vfm.go:165.2,167.9 3 20
github.com/clawinfra/evoclaw/internal/governance/vfm.go:167.9,174.3 2 11
github.com/clawinfra/evoclaw/internal/governance/vfm.go:175.2,181.20 7 20
github.com/clawinfra/evoclaw/internal/governance/vfm.go:181.20,183.3 1 20
github.com/clawinfra/evoclaw/internal/governance/vfm.go:185.2,188.42 2 20
github.com/clawinfra/evoclaw/internal/governance/vfm.go:188.42,189.99 1 0
github.com/clawinfra/evoclaw/internal/governance/vfm.go:189.99,195.4 1 0
github.com/clawinfra/evoclaw/internal/governance/vfm.go:198.2,198.12 1 20
github.com/clawinfra/evoclaw/internal/governance/vfm.go:202.59,207.16 4 10
github.com/clawinfra/evoclaw/internal/governance/vfm.go:207.16,208.25 1 1
github.com/clawinfra/evoclaw/internal/governance/vfm.go:208.25,213.4 1 1
github.com/clawinfra/evoclaw/internal/governance/vfm.go:214.3,214.51 1 0
github.com/clawinfra/evoclaw/internal/governance/vfm.go:216.2,224.6 4 9
github.com/clawinfra/evoclaw/internal/governance/vfm.go:224.6,226.48 2 21
github.com/clawinfra/evoclaw/internal/governance/vfm.go:226.48,227.9 1 9
github.com/clawinfra/evoclaw/internal/governance/vfm.go:229.3,235.27 7 12
github.com/clawinfra/evoclaw/internal/governance/vfm.go:235.27,237.4 1 12
github.com/clawinfra/evoclaw/internal/governance/vfm.go:238.3,238.24 1 12
github.com/clawinfra/evoclaw/internal/governance/vfm.go:238.24,239.65 1 9
github.com/clawinfra/evoclaw/internal/governance/vfm.go:239.65,241.5 1 9
github.com/clawinfra/evoclaw/internal/governance/vfm.go:245.2,245.28 1 9
github.com/clawinfra/evoclaw/internal/governance/vfm.go:245.28,247.3 1 9
github.com/clawinfra/evoclaw/internal/governance/vfm.go:248.2,248.26 1 9
github.com/clawinfra/evoclaw/internal/governance/vfm.go:248.26,250.3 1 9
github.com/clawinfra/evoclaw/internal/governance/vfm.go:251.2,251.28 1 9
github.com/clawinfra/evoclaw/internal/governance/vfm.go:251.28,253.3 1 9
github.com/clawinfra/evoclaw/internal/governance/vfm.go:254.2,256.19 2 9
github.com/clawinfra/evoclaw/internal/governance/vfm.go:260.64,265.44 4 0
github.com/clawinfra/evoclaw/internal/governance/vfm.go:265.44,268.33 2 0
github.com/clawinfra/evoclaw/internal/governance/vfm.go:268.33,270.4 1 0
github.com/clawinfra/evoclaw/internal/governance/vfm.go:271.3,271.25 1 0
github.com/clawinfra/evoclaw/internal/governance/vfm.go:274.2,278.8 1 0
github.com/clawinfra/evoclaw/internal/governance/vfm.go:282.66,284.9 2 0
github.com/clawinfra/evoclaw/internal/governance/vfm.go:284.9,287.17 2 0
github.com/clawinfra/evoclaw/internal/governance/vfm.go:287.17,288.26 1 0
github.com/clawinfra/evoclaw/internal/governance/vfm.go:288.26,290.5 1 0
github.com/clawinfra/evoclaw/internal/governance/vfm.go:291.4,291.24 1 0
github.com/clawinfra/evoclaw/internal/governance/vfm.go:293.3,294.54 2 0
github.com/clawinfra/evoclaw/internal/governance/vfm.go:294.54,296.4 1 0
github.com/clawinfra/evoclaw/internal/governance/vfm.go:297.3,299.16 3 0
github.com/clawinfra/evoclaw/internal/governance/vfm.go:302.2,303.16 2 0
github.com/clawinfra/evoclaw/internal/governance/vfm.go:303.16,305.3 1 0
github.com/clawinfra/evoclaw/internal/governance/vfm.go:307.2,310.37 3 0
github.com/clawinfra/evoclaw/internal/governance/vfm.go:314.67,319.16 4 2
github.com/clawinfra/evoclaw/internal/governance/vfm.go:319.16,320.25 1 0
github.com/clawinfra/evoclaw/internal/governance/vfm.go:320.25,322.4 1 0
github.com/clawinfra/evoclaw/internal/governance/vfm.go:323.3,323.51 1 0
github.com/clawinfra/evoclaw/internal/governance/vfm.go:325.2,329.6 4 2
github.com/clawinfra/evoclaw/internal/governance/vfm.go:329.6,331.48 2 10
github.com/clawinfra/evoclaw/internal/governance/vfm.go:331.48,332.9 1 2
github.com/clawinfra/evoclaw/internal/governance/vfm.go:334.3,335.10 2 8
github.com/clawinfra/evoclaw/internal/governance/vfm.go:335.10,338.4 2 3
github.com/clawinfra/evoclaw/internal/governance/vfm.go:339.3,341.30 3 8
github.com/clawinfra/evoclaw/internal/governance/vfm.go:344.2,345.29 2 2
github.com/clawinfra/evoclaw/internal/governance/vfm.go:345.29,347.3 1 3
github.com/clawinfra/evoclaw/internal/governance/vfm.go:348.2,348.20 1 2
github.com/clawinfra/evoclaw/internal/governance/vfm.go:360.64,362.16 2 1
github.com/clawinfra/evoclaw/internal/governance/vfm.go:362.16,364.3 1 0
github.com/clawinfra/evoclaw/internal/governance/vfm.go:366.2,367.27 2 1
github.com/clawinfra/evoclaw/internal/governance/vfm.go:367.27,368.70 1 1
github.com/clawinfra/evoclaw/internal/governance/vfm.go:368.70,375.4 1 1
github.com/clawinfra/evoclaw/internal/governance/vfm.go:377.2,377.25 1 1
github.com/clawinfra/evoclaw/internal/governance/wal.go:47.64,49.50 2 19
github.com/clawinfra/evoclaw/internal/governance/wal.go:49.50,51.3 1 0
github.com/clawinfra/evoclaw/internal/governance/wal.go:52.2,52.19 1 19
github.com/clawinfra/evoclaw/internal/governance/wal.go:52.19,54.3 1 8
github.com/clawinfra/evoclaw/internal/governance/wal.go:55.2,59.8 1 19
github.com/clawinfra/evoclaw/internal/governance/wal.go:62.46,64.2 1 72
github.com/clawinfra/evoclaw/internal/governance/wal.go:66.35,69.2 2 49
github.com/clawinfra/evoclaw/internal/governance/wal.go:72.65,86.16 5 47
github.com/clawinfra/evoclaw/internal/governance/wal.go:86.16,88.3 1 0
github.com/clawinfra/evoclaw/internal/governance/wal.go:89.2,92.16 3 47
github.com/clawinfra/evoclaw/internal/governance/wal.go:92.16,94.3 1 0
github.com/clawinfra/evoclaw/internal/governance/wal.go:96.2,96.55 1 47
github.com/clawinfra/evoclaw/internal/governance/wal.go:96.55,98.3 1 0
github.com/clawinfra/evoclaw/internal/governance/wal.go:100.2,101.12 2 47
github.com/clawinfra/evoclaw/internal/governance/wal.go:105.68,121.2 6 2
github.com/clawinfra/evoclaw/internal/governance/wal.go:124.49,129.29 4 1
github.com/clawinfra/evoclaw/internal/governance/wal.go:129.29,131.3 1 0
github.com/clawinfra/evoclaw/internal/governance/wal.go:133.2,134.16 2 1
github.com/clawinfra/evoclaw/internal/governance/wal.go:134.16,136.3 1 0
github.com/clawinfra/evoclaw/internal/governance/wal.go:137.2,139.31 2 1
github.com/clawinfra/evoclaw/internal/governance/wal.go:139.31,141.17 2 2
github.com/clawinfra/evoclaw/internal/governance/wal.go:141.17,143.4 1 0
github.com/clawinfra/evoclaw/internal/governance/wal.go:144.3,144.56 1 2
github.com/clawinfra/evoclaw/internal/governance/wal.go:144.56,146.4 1 0
github.com/clawinfra/evoclaw/internal/governance/wal.go:149.2,151.12 3 1
github.com/clawinfra/evoclaw/internal/governance/wal.go:155.58,160.16 4 7
github.com/clawinfra/evoclaw/internal/governance/wal.go:160.16,162.3 1 0
github.com/clawinfra/evoclaw/internal/governance/wal.go:164.2,165.28 2 7
github.com/clawinfra/evoclaw/internal/governance/wal.go:165.28,166.17 1 11
github.com/clawinfra/evoclaw/internal/governance/wal.go:166.17,168.4 1 10
github.com/clawinfra/evoclaw/internal/governance/wal.go:171.2,172.23 2 7
github.com/clawinfra/evoclaw/internal/governance/wal.go:176.58,181.16 4 2
github.com/clawinfra/evoclaw/internal/governance/wal.go:181.16,183.3 1 0
github.com/clawinfra/evoclaw/internal/governance/wal.go:185.2,186.25 2 2
github.com/clawinfra/evoclaw/internal/governance/wal.go:186.25,187.31 1 2
github.com/clawinfra/evoclaw/internal/governance/wal.go:187.31,190.9 3 2
github.com/clawinfra/evoclaw/internal/governance/wal.go:194.2,194.12 1 2
github.com/clawinfra/evoclaw/internal/governance/wal.go:194.12,196.3 1 0
github.com/clawinfra/evoclaw/internal/governance/wal.go:198.2,198.44 1 2
github.com/clawinfra/evoclaw/internal/governance/wal.go:202.58,207.39 4 8
github.com/clawinfra/evoclaw/internal/governance/wal.go:207.39,209.3 1 0
github.com/clawinfra/evoclaw/internal/governance/wal.go:211.2,217.28 2 8
github.com/clawinfra/evoclaw/internal/governance/wal.go:217.28,218.16 1 23
github.com/clawinfra/evoclaw/internal/governance/wal.go:218.16,220.4 1 1
github.com/clawinfra/evoclaw/internal/governance/wal.go:220.9,222.4 1 22
github.com/clawinfra/evoclaw/internal/governance/wal.go:223.3,224.42 2 23
github.com/clawinfra/evoclaw/internal/governance/wal.go:224.42,226.4 1 23
github.com/clawinfra/evoclaw/internal/governance/wal.go:228.2,230.20 2 8
github.com/clawinfra/evoclaw/internal/governance/wal.go:234.53,239.16 4 3
github.com/clawinfra/evoclaw/internal/governance/wal.go:239.16,241.3 1 0
github.com/clawinfra/evoclaw/internal/governance/wal.go:243.2,243.26 1 3
github.com/clawinfra/evoclaw/internal/governance/wal.go:243.26,245.3 1 1
github.com/clawinfra/evoclaw/internal/governance/wal.go:248.2,250.43 3 2
github.com/clawinfra/evoclaw/internal/governance/wal.go:253.66,255.16 2 20
github.com/clawinfra/evoclaw/internal/governance/wal.go:255.16,256.25 1 1
github.com/clawinfra/evoclaw/internal/governance/wal.go:256.25,258.4 1 1
github.com/clawinfra/evoclaw/internal/governance/wal.go:259.3,259.51 1 0
github.com/clawinfra/evoclaw/internal/governance/wal.go:261.2,265.21 4 19
github.com/clawinfra/evoclaw/internal/governance/wal.go:265.21,267.65 2 67
github.com/clawinfra/evoclaw/internal/governance/wal.go:267.65,268.12 1 0
github.com/clawinfra/evoclaw/internal/governance/wal.go:270.3,270.35 1 67
github.com/clawinfra/evoclaw/internal/governance/wal.go:273.2,273.31 1 19
github.com/clawinfra/evoclaw/internal/governance/wal.go:276.73,278.16 2 4
github.com/clawinfra/evoclaw/internal/governance/wal.go:278.16,280.3 1 0
github.com/clawinfra/evoclaw/internal/governance/wal.go:281.2,283.32 2 4
github.com/clawinfra/evoclaw/internal/governance/wal.go:283.32,285.17 2 18
github.com/clawinfra/evoclaw/internal/governance/wal.go:285.17,287.4 1 0
github.com/clawinfra/evoclaw/internal/governance/wal.go:288.3,288.56 1 18
github.com/clawinfra/evoclaw/internal/governance/wal.go:288.56,290.4 1 0
github.com/clawinfra/evoclaw/internal/governance/wal.go:293.2,293.12 1 4
github.com/clawinfra/evoclaw/internal/evolution/engine.go:54.111,56.21 2 4
github.com/clawinfra/evoclaw/internal/evolution/engine.go:56.21,58.3 1 1
github.com/clawinfra/evoclaw/internal/evolution/engine.go:59.2,66.3 2 4
github.com/clawinfra/evoclaw/internal/evolution/engine.go:92.61,113.2 7 60
github.com/clawinfra/evoclaw/internal/evolution/engine.go:116.58,120.2 3 116
github.com/clawinfra/evoclaw/internal/evolution/engine.go:123.59,130.2 6 19
github.com/clawinfra/evoclaw/internal/evolution/engine.go:133.79,138.9 4 106
github.com/clawinfra/evoclaw/internal/evolution/engine.go:138.9,140.3 1 2
github.com/clawinfra/evoclaw/internal/evolution/engine.go:143.2,147.22 3 104
github.com/clawinfra/evoclaw/internal/evolution/engine.go:147.22,149.3 1 3
github.com/clawinfra/evoclaw/internal/evolution/engine.go:149.8,151.3 1 101
github.com/clawinfra/evoclaw/internal/evolution/engine.go:152.2,162.18 4 104
github.com/clawinfra/evoclaw/internal/evolution/engine.go:166.84,168.78 1 11
github.com/clawinfra/evoclaw/internal/evolution/engine.go:168.78,170.3 1 0
github.com/clawinfra/evoclaw/internal/evolution/engine.go:170.8,170.21 1 11
github.com/clawinfra/evoclaw/internal/evolution/engine.go:170.21,172.3 1 0
github.com/clawinfra/evoclaw/internal/evolution/engine.go:174.2,178.9 4 11
github.com/clawinfra/evoclaw/internal/evolution/engine.go:178.9,180.3 1 1
github.com/clawinfra/evoclaw/internal/evolution/engine.go:183.2,183.54 1 10
github.com/clawinfra/evoclaw/internal/evolution/engine.go:183.54,185.3 1 0
github.com/clawinfra/evoclaw/internal/evolution/engine.go:187.2,209.35 4 10
github.com/clawinfra/evoclaw/internal/evolution/engine.go:209.35,211.3 1 5
github.com/clawinfra/evoclaw/internal/evolution/engine.go:213.2,225.21 5 10
github.com/clawinfra/evoclaw/internal/evolution/engine.go:229.47,234.30 4 5
github.com/clawinfra/evoclaw/internal/evolution/engine.go:234.30,236.3 1 3
github.com/clawinfra/evoclaw/internal/evolution/engine.go:239.2,249.12 6 2
github.com/clawinfra/evoclaw/internal/evolution/engine.go:253.72,258.9 4 107
github.com/clawinfra/evoclaw/internal/evolution/engine.go:258.9,260.3 1 2
github.com/clawinfra/evoclaw/internal/evolution/engine.go:263.2,263.21 1 105
github.com/clawinfra/evoclaw/internal/evolution/engine.go:263.21,265.3 1 4
github.com/clawinfra/evoclaw/internal/evolution/engine.go:267.2,267.31 1 101
github.com/clawinfra/evoclaw/internal/evolution/engine.go:271.57,285.2 6 115
github.com/clawinfra/evoclaw/internal/evolution/engine.go:288.57,292.34 2 420
github.com/clawinfra/evoclaw/internal/evolution/engine.go:292.34,294.3 1 206
github.com/clawinfra/evoclaw/internal/evolution/engine.go:295.2,297.18 2 420
github.com/clawinfra/evoclaw/internal/evolution/engine.go:297.18,299.3 1 0
github.com/clawinfra/evoclaw/internal/evolution/engine.go:300.2,300.18 1 420
github.com/clawinfra/evoclaw/internal/evolution/engine.go:300.18,302.3 1 60
github.com/clawinfra/evoclaw/internal/evolution/engine.go:303.2,303.15 1 420
github.com/clawinfra/evoclaw/internal/evolution/engine.go:306.44,309.16 3 135
github.com/clawinfra/evoclaw/internal/evolution/engine.go:309.16,312.3 2 0
github.com/clawinfra/evoclaw/internal/evolution/engine.go:313.2,313.36 1 135
github.com/clawinfra/evoclaw/internal/evolution/engine.go:316.35,318.16 2 60
github.com/clawinfra/evoclaw/internal/evolution/engine.go:318.16,320.3 1 0
github.com/clawinfra/evoclaw/internal/evolution/engine.go:321.2,321.32 1 60
github.com/clawinfra/evoclaw/internal/evolution/engine.go:321.32,322.61 1 3
github.com/clawinfra/evoclaw/internal/evolution/engine.go:322.61,323.12 1 0
github.com/clawinfra/evoclaw/internal/evolution/engine.go:325.3,326.17 2 3
github.com/clawinfra/evoclaw/internal/evolution/engine.go:326.17,327.12 1 0
github.com/clawinfra/evoclaw/internal/evolution/engine.go:329.3,330.50 2 3
github.com/clawinfra/evoclaw/internal/evolution/engine.go:330.50,331.12 1 1
github.com/clawinfra/evoclaw/internal/evolution/engine.go:333.3,334.77 2 2
github.com/clawinfra/evoclaw/internal/evolution/engine.go:340.66,341.67 1 5
github.com/clawinfra/evoclaw/internal/evolution/engine.go:341.67,344.3 2 5
github.com/clawinfra/evoclaw/internal/evolution/engine.go:345.2,346.16 2 0
github.com/clawinfra/evoclaw/internal/evolution/engine.go:346.16,348.3 1 0
github.com/clawinfra/evoclaw/internal/evolution/engine.go:349.2,349.9 1 0
github.com/clawinfra/evoclaw/internal/evolution/engine.go:349.9,351.3 1 0
github.com/clawinfra/evoclaw/internal/evolution/engine.go:352.2,352.12 1 0
github.com/clawinfra/evoclaw/internal/evolution/engine.go:356.68,361.2 3 21
github.com/clawinfra/evoclaw/internal/evolution/engine.go:365.74,368.16 3 40
github.com/clawinfra/evoclaw/internal/evolution/engine.go:368.16,370.3 1 19
github.com/clawinfra/evoclaw/internal/evolution/engine.go:372.2,373.54 2 21
github.com/clawinfra/evoclaw/internal/evolution/engine.go:373.54,375.3 1 0
github.com/clawinfra/evoclaw/internal/evolution/engine.go:377.2,377.21 1 21
github.com/clawinfra/evoclaw/internal/evolution/engine.go:381.76,386.2 3 18
github.com/clawinfra/evoclaw/internal/evolution/engine.go:390.82,393.16 3 20
[...]
github.com/clawinfra/evoclaw/internal/orchestrator/orchestrator.go:1085.69,1087.5 1 0
github.com/clawinfra/evoclaw/internal/orchestrator/orchestrator.go:1087.10,1089.5 1 1
github.com/clawinfra/evoclaw/internal/orchestrator/orchestrator.go:1094.2,1094.21 1 8
github.com/clawinfra/evoclaw/internal/orchestrator/orchestrator.go:1094.21,1095.13 1 1
github.com/clawinfra/evoclaw/internal/orchestrator/orchestrator.go:1095.13,1111.88 6 1
github.com/clawinfra/evoclaw/internal/orchestrator/orchestrator.go:1111.88,1113.5 1 0
github.com/clawinfra/evoclaw/internal/orchestrator/orchestrator.go:1113.10,1118.5 1 1
github.com/clawinfra/evoclaw/internal/orchestrator/orchestrator.go:1124.65,1127.47 1 17
github.com/clawinfra/evoclaw/internal/orchestrator/orchestrator.go:1127.47,1131.33 2 7
github.com/clawinfra/evoclaw/internal/orchestrator/orchestrator.go:1131.33,1134.71 2 4
github.com/clawinfra/evoclaw/internal/orchestrator/orchestrator.go:1134.71,1136.5 1 3
github.com/clawinfra/evoclaw/internal/orchestrator/orchestrator.go:1141.2,1141.32 1 14
github.com/clawinfra/evoclaw/internal/orchestrator/orchestrator.go:1141.32,1143.3 1 9
github.com/clawinfra/evoclaw/internal/orchestrator/orchestrator.go:1144.2,1144.12 1 5
github.com/clawinfra/evoclaw/internal/orchestrator/orchestrator.go:1148.40,1152.6 3 20
github.com/clawinfra/evoclaw/internal/orchestrator/orchestrator.go:1152.6,1153.10 1 21
github.com/clawinfra/evoclaw/internal/orchestrator/orchestrator.go:1154.23,1155.10 1 20
github.com/clawinfra/evoclaw/internal/orchestrator/orchestrator.go:1156.19,1157.22 1 1
github.com/clawinfra/evoclaw/internal/orchestrator/orchestrator.go:1163.41,1164.24 1 6
github.com/clawinfra/evoclaw/internal/orchestrator/orchestrator.go:1164.24,1166.3 1 2
github.com/clawinfra/evoclaw/internal/orchestrator/orchestrator.go:1168.2,1171.33 3 4
github.com/clawinfra/evoclaw/internal/orchestrator/orchestrator.go:1171.33,1178.70 6 4
github.com/clawinfra/evoclaw/internal/orchestrator/orchestrator.go:1178.70,1179.12 1 1
github.com/clawinfra/evoclaw/internal/orchestrator/orchestrator.go:1182.3,1182.20 1 3
github.com/clawinfra/evoclaw/internal/orchestrator/orchestrator.go:1182.20,1183.12 1 1
github.com/clawinfra/evoclaw/internal/orchestrator/orchestrator.go:1187.3,1187.47 1 2
github.com/clawinfra/evoclaw/internal/orchestrator/orchestrator.go:1187.47,1188.22 1 2
github.com/clawinfra/evoclaw/internal/orchestrator/orchestrator.go:1188.22,1189.13 1 0
github.com/clawinfra/evoclaw/internal/orchestrator/orchestrator.go:1193.4,1202.54 3 2
github.com/clawinfra/evoclaw/internal/orchestrator/orchestrator.go:1202.54,1204.19 2 1
github.com/clawinfra/evoclaw/internal/orchestrator/orchestrator.go:1204.19,1210.14 2 0
github.com/clawinfra/evoclaw/internal/orchestrator/orchestrator.go:1213.5,1223.19 4 1
github.com/clawinfra/evoclaw/internal/orchestrator/orchestrator.go:1223.19,1229.14 2 0
github.com/clawinfra/evoclaw/internal/orchestrator/orchestrator.go:1232.5,1232.21 1 1
github.com/clawinfra/evoclaw/internal/orchestrator/orchestrator.go:1232.21,1245.6 5 1
github.com/clawinfra/evoclaw/internal/orchestrator/orchestrator.go:1246.10,1255.38 3 1
github.com/clawinfra/evoclaw/internal/orchestrator/orchestrator.go:1255.38,1257.6 1 0
github.com/clawinfra/evoclaw/internal/orchestrator/orchestrator.go:1259.5,1261.54 3 1
github.com/clawinfra/evoclaw/internal/orchestrator/orchestrator.go:1261.54,1266.6 4 1
github.com/clawinfra/evoclaw/internal/orchestrator/orchestrator.go:1273.96,1279.30 5 5
github.com/clawinfra/evoclaw/internal/orchestrator/orchestrator.go:1279.30,1281.3 1 4
github.com/clawinfra/evoclaw/internal/orchestrator/orchestrator.go:1284.2,1293.35 3 5
github.com/clawinfra/evoclaw/internal/orchestrator/orchestrator.go:1293.35,1294.72 1 8
github.com/clawinfra/evoclaw/internal/orchestrator/orchestrator.go:1294.72,1297.4 1 4
github.com/clawinfra/evoclaw/internal/orchestrator/orchestrator.go:1300.2,1300.20 1 5
github.com/clawinfra/evoclaw/internal/orchestrator/orchestrator.go:1304.97,1305.15 1 1
github.com/clawinfra/evoclaw/internal/orchestrator/orchestrator.go:1305.15,1309.3 3 1
github.com/clawinfra/evoclaw/internal/orchestrator/orchestrator.go:1311.2,1321.52 3 1
github.com/clawinfra/evoclaw/internal/orchestrator/orchestrator.go:1321.52,1322.100 1 1
github.com/clawinfra/evoclaw/internal/orchestrator/orchestrator.go:1322.100,1329.4 2 0
github.com/clawinfra/evoclaw/internal/orchestrator/orchestrator.go:1331.3,1337.52 2 1
github.com/clawinfra/evoclaw/internal/orchestrator/orchestrator.go:1337.52,1338.14 1 1
github.com/clawinfra/evoclaw/internal/orchestrator/orchestrator.go:1338.14,1355.63 4 1
github.com/clawinfra/evoclaw/internal/orchestrator/orchestrator.go:1355.63,1357.6 1 0
github.com/clawinfra/evoclaw/internal/orchestrator/orchestrator.go:1364.79,1365.15 1 1
github.com/clawinfra/evoclaw/internal/orchestrator/orchestrator.go:1365.15,1369.3 3 1
github.com/clawinfra/evoclaw/internal/orchestrator/orchestrator.go:1371.2,1375.16 3 1
github.com/clawinfra/evoclaw/internal/orchestrator/orchestrator.go:1375.16,1378.3 2 0
github.com/clawinfra/evoclaw/internal/orchestrator/orchestrator.go:1381.2,1390.51 5 1
github.com/clawinfra/evoclaw/internal/orchestrator/orchestrator.go:1390.51,1391.13 1 0
github.com/clawinfra/evoclaw/internal/orchestrator/orchestrator.go:1391.13,1408.62 4 0
github.com/clawinfra/evoclaw/internal/orchestrator/orchestrator.go:1408.62,1410.5 1 0
github.com/clawinfra/evoclaw/internal/orchestrator/orchestrator.go:1416.79,1421.9 4 6
github.com/clawinfra/evoclaw/internal/orchestrator/orchestrator.go:1421.9,1423.3 1 3
github.com/clawinfra/evoclaw/internal/orchestrator/orchestrator.go:1425.2,1429.16 4 3
github.com/clawinfra/evoclaw/internal/orchestrator/orchestrator.go:1445.55,1450.29 4 5
github.com/clawinfra/evoclaw/internal/orchestrator/orchestrator.go:1450.29,1463.3 3 4
github.com/clawinfra/evoclaw/internal/orchestrator/orchestrator.go:1464.2,1464.15 1 5
github.com/clawinfra/evoclaw/internal/orchestrator/orchestrator.go:1468.91,1474.12 4 0
github.com/clawinfra/evoclaw/internal/orchestrator/orchestrator.go:1474.12,1478.3 3 0
github.com/clawinfra/evoclaw/internal/orchestrator/orchestrator.go:1480.2,1480.70 1 0
github.com/clawinfra/evoclaw/internal/orchestrator/orchestrator.go:1484.91,1488.13 3 0
github.com/clawinfra/evoclaw/internal/orchestrator/orchestrator.go:1488.13,1493.14 3 0
github.com/clawinfra/evoclaw/internal/orchestrator/orchestrator.go:1493.14,1498.4 2 0
github.com/clawinfra/evoclaw/internal/orchestrator/orchestrator.go:1501.3,1508.58 2 0
github.com/clawinfra/evoclaw/internal/orchestrator/orchestrator.go:1508.58,1510.4 1 0
github.com/clawinfra/evoclaw/internal/orchestrator/orchestrator.go:1512.3,1512.56 1 0
github.com/clawinfra/evoclaw/internal/orchestrator/orchestrator.go:1512.56,1514.4 1 0
github.com/clawinfra/evoclaw/internal/orchestrator/orchestrator.go:1516.3,1516.10 1 0
github.com/clawinfra/evoclaw/internal/orchestrator/orchestrator.go:1517.29,1522.5 1 0
github.com/clawinfra/evoclaw/internal/orchestrator/orchestrator.go:1523.38,1529.23 4 0
github.com/clawinfra/evoclaw/internal/orchestrator/orchestrator.go:1531.3,1531.9 1 0
github.com/clawinfra/evoclaw/internal/orchestrator/orchestrator.go:1533.2,1536.9 2 0
github.com/clawinfra/evoclaw/internal/orchestrator/orchestrator.go:1537.24,1540.4 1 0
github.com/clawinfra/evoclaw/internal/orchestrator/orchestrator.go:1541.37,1547.22 4 0
github.com/clawinfra/evoclaw/internal/orchestrator/orchestrator.go:1552.61,1553.27 1 0
github.com/clawinfra/evoclaw/internal/orchestrator/orchestrator.go:1553.27,1554.34 1 0
github.com/clawinfra/evoclaw/internal/orchestrator/orchestrator.go:1554.34,1556.4 1 0
github.com/clawinfra/evoclaw/internal/orchestrator/orchestrator.go:1558.2,1558.11 1 0
github.com/clawinfra/evoclaw/internal/orchestrator/orchestrator.go:1562.108,1576.15 7 0
github.com/clawinfra/evoclaw/internal/orchestrator/orchestrator.go:1576.15,1580.3 3 0
github.com/clawinfra/evoclaw/internal/orchestrator/orchestrator.go:1587.2,1602.9 5 0
github.com/clawinfra/evoclaw/internal/orchestrator/orchestrator.go:1602.9,1609.3 6 0
github.com/clawinfra/evoclaw/internal/orchestrator/orchestrator.go:1611.2,1611.54 1 0
github.com/clawinfra/evoclaw/internal/orchestrator/orchestrator.go:1611.54,1618.3 6 0
github.com/clawinfra/evoclaw/internal/orchestrator/orchestrator.go:1620.2,1624.9 3 0
github.com/clawinfra/evoclaw/internal/orchestrator/orchestrator.go:1625.28,1630.24 3 0
github.com/clawinfra/evoclaw/internal/orchestrator/orchestrator.go:1630.24,1638.4 7 0
github.com/clawinfra/evoclaw/internal/orchestrator/orchestrator.go:1640.3,1644.70 3 0
github.com/clawinfra/evoclaw/internal/orchestrator/orchestrator.go:1644.70,1645.56 1 0
github.com/clawinfra/evoclaw/internal/orchestrator/orchestrator.go:1645.56,1647.5 1 0
github.com/clawinfra/evoclaw/internal/orchestrator/orchestrator.go:1648.4,1648.57 1 0
github.com/clawinfra/evoclaw/internal/orchestrator/orchestrator.go:1648.57,1650.5 1 0
github.com/clawinfra/evoclaw/internal/orchestrator/orchestrator.go:1654.3,1673.10 9 0
github.com/clawinfra/evoclaw/internal/orchestrator/orchestrator.go:1674.26,1675.89 1 0
github.com/clawinfra/evoclaw/internal/orchestrator/orchestrator.go:1676.38,1677.66 1 0
github.com/clawinfra/evoclaw/internal/orchestrator/orchestrator.go:1680.17,1685.20 5 0
github.com/clawinfra/evoclaw/internal/orchestrator/orchestrator.go:1687.22,1688.9 1 0
github.com/clawinfra/evoclaw/internal/orchestrator/orchestrator.go:1693.107,1696.47 2 13
github.com/clawinfra/evoclaw/internal/orchestrator/orchestrator.go:1696.47,1698.3 1 5
github.com/clawinfra/evoclaw/internal/orchestrator/orchestrator.go:1700.2,1711.21 3 13
github.com/clawinfra/evoclaw/internal/orchestrator/orchestrator.go:1711.21,1713.3 1 3
github.com/clawinfra/evoclaw/internal/orchestrator/orchestrator.go:1715.2,1716.16 2 10
github.com/clawinfra/evoclaw/internal/orchestrator/orchestrator.go:1716.16,1718.3 1 2
github.com/clawinfra/evoclaw/internal/orchestrator/orchestrator.go:1720.2,1720.18 1 8
github.com/clawinfra/evoclaw/internal/orchestrator/orchestrator.go:1726.65,1727.26 1 0
github.com/clawinfra/evoclaw/internal/orchestrator/orchestrator.go:1727.26,1729.3 1 0
github.com/clawinfra/evoclaw/internal/orchestrator/orchestrator.go:1731.2,1732.25 2 0
github.com/clawinfra/evoclaw/internal/orchestrator/orchestrator.go:1732.25,1734.3 1 0
github.com/clawinfra/evoclaw/internal/orchestrator/orchestrator.go:1737.2,1738.34 2 0
github.com/clawinfra/evoclaw/internal/orchestrator/orchestrator.go:1738.34,1739.17 1 0
github.com/clawinfra/evoclaw/internal/orchestrator/orchestrator.go:1739.17,1741.4 1 0
github.com/clawinfra/evoclaw/internal/orchestrator/orchestrator.go:1741.9,1743.4 1 0
github.com/clawinfra/evoclaw/internal/orchestrator/orchestrator.go:1745.2,1778.21 3 0
github.com/clawinfra/evoclaw/internal/orchestrator/toolloop.go:54.65,63.2 1 0
github.com/clawinfra/evoclaw/internal/orchestrator/toolloop.go:66.112,72.16 4 0
github.com/clawinfra/evoclaw/internal/orchestrator/toolloop.go:72.16,74.3 1 0
github.com/clawinfra/evoclaw/internal/orchestrator/toolloop.go:78.2,78.61 1 0
github.com/clawinfra/evoclaw/internal/orchestrator/toolloop.go:78.61,80.3 1 0
github.com/clawinfra/evoclaw/internal/orchestrator/toolloop.go:83.2,90.64 3 0
github.com/clawinfra/evoclaw/internal/orchestrator/toolloop.go:90.64,95.17 3 0
github.com/clawinfra/evoclaw/internal/orchestrator/toolloop.go:95.17,97.4 1 0
github.com/clawinfra/evoclaw/internal/orchestrator/toolloop.go:100.3,106.25 2 0
github.com/clawinfra/evoclaw/internal/orchestrator/toolloop.go:106.25,108.4 1 0
github.com/clawinfra/evoclaw/internal/orchestrator/toolloop.go:110.3,113.26 2 0
github.com/clawinfra/evoclaw/internal/orchestrator/toolloop.go:113.26,115.9 2 0
github.com/clawinfra/evoclaw/internal/orchestrator/toolloop.go:119.3,119.38 1 0
github.com/clawinfra/evoclaw/internal/orchestrator/toolloop.go:119.38,123.18 3 0
github.com/clawinfra/evoclaw/internal/orchestrator/toolloop.go:123.18,135.43 5 0
github.com/clawinfra/evoclaw/internal/orchestrator/toolloop.go:135.43,137.6 1 0
github.com/clawinfra/evoclaw/internal/orchestrator/toolloop.go:138.5,138.13 1 0
github.com/clawinfra/evoclaw/internal/orchestrator/toolloop.go:141.4,143.38 2 0
github.com/clawinfra/evoclaw/internal/orchestrator/toolloop.go:143.38,145.5 1 0
github.com/clawinfra/evoclaw/internal/orchestrator/toolloop.go:145.10,147.42 2 0
github.com/clawinfra/evoclaw/internal/orchestrator/toolloop.go:147.42,149.6 1 0
github.com/clawinfra/evoclaw/internal/orchestrator/toolloop.go:153.4,154.40 2 0
github.com/clawinfra/evoclaw/internal/orchestrator/toolloop.go:158.2,162.16 3 0
github.com/clawinfra/evoclaw/internal/orchestrator/toolloop.go:162.16,164.3 1 0
github.com/clawinfra/evoclaw/internal/orchestrator/toolloop.go:166.2,174.17 1 0
github.com/clawinfra/evoclaw/internal/orchestrator/toolloop.go:178.122,181.21 2 0
github.com/clawinfra/evoclaw/internal/orchestrator/toolloop.go:181.21,183.3 1 0
github.com/clawinfra/evoclaw/internal/orchestrator/toolloop.go:186.2,187.47 2 0
github.com/clawinfra/evoclaw/internal/orchestrator/toolloop.go:187.47,189.3 1 0
github.com/clawinfra/evoclaw/internal/orchestrator/toolloop.go:192.2,202.16 3 0
github.com/clawinfra/evoclaw/internal/orchestrator/toolloop.go:202.16,204.3 1 0
github.com/clawinfra/evoclaw/internal/orchestrator/toolloop.go:207.2,208.27 2 0
github.com/clawinfra/evoclaw/internal/orchestrator/toolloop.go:208.27,210.3 1 0
github.com/clawinfra/evoclaw/internal/orchestrator/toolloop.go:212.2,212.29 1 0
github.com/clawinfra/evoclaw/internal/orchestrator/toolloop.go:216.96,221.34 2 0
github.com/clawinfra/evoclaw/internal/orchestrator/toolloop.go:221.34,223.3 1 0
github.com/clawinfra/evoclaw/internal/orchestrator/toolloop.go:226.2,241.16 4 0
github.com/clawinfra/evoclaw/internal/orchestrator/toolloop.go:241.16,243.3 1 0
github.com/clawinfra/evoclaw/internal/orchestrator/toolloop.go:246.2,247.9 2 0
github.com/clawinfra/evoclaw/internal/orchestrator/toolloop.go:247.9,249.3 1 0
github.com/clawinfra/evoclaw/internal/orchestrator/toolloop.go:252.2,263.65 2 0
github.com/clawinfra/evoclaw/internal/orchestrator/toolloop.go:263.65,265.3 1 0
github.com/clawinfra/evoclaw/internal/orchestrator/toolloop.go:268.2,270.16 3 0
github.com/clawinfra/evoclaw/internal/orchestrator/toolloop.go:270.16,272.3 1 0
github.com/clawinfra/evoclaw/internal/orchestrator/toolloop.go:274.2,275.20 2 0
github.com/clawinfra/evoclaw/internal/orchestrator/toolloop.go:279.101,287.76 4 0
github.com/clawinfra/evoclaw/internal/orchestrator/toolloop.go:287.76,289.3 1 0
github.com/clawinfra/evoclaw/internal/orchestrator/toolloop.go:291.2,291.9 1 0
github.com/clawinfra/evoclaw/internal/orchestrator/toolloop.go:292.30,293.21 1 0
github.com/clawinfra/evoclaw/internal/orchestrator/toolloop.go:294.20,295.60 1 0
github.com/clawinfra/evoclaw/internal/orchestrator/toolloop.go:300.89,302.30 2 0
github.com/clawinfra/evoclaw/internal/orchestrator/toolloop.go:302.30,304.3 1 0
github.com/clawinfra/evoclaw/internal/orchestrator/toolloop.go:306.2,310.3 1 0
github.com/clawinfra/evoclaw/internal/orchestrator/toolloop.go:323.113,327.19 3 0
github.com/clawinfra/evoclaw/internal/orchestrator/toolloop.go:327.19,333.3 1 0
github.com/clawinfra/evoclaw/internal/orchestrator/toolloop.go:334.2,334.17 1 0
github.com/clawinfra/evoclaw/internal/orchestrator/toolloop.go:334.17,338.19 3 0
github.com/clawinfra/evoclaw/internal/orchestrator/toolloop.go:338.19,341.4 2 0
github.com/clawinfra/evoclaw/internal/orchestrator/toolloop.go:341.9,347.4 1 0
github.com/clawinfra/evoclaw/internal/orchestrator/toolloop.go:350.2,350.40 1 0
github.com/clawinfra/evoclaw/internal/orchestrator/toolloop.go:350.40,356.3 1 0
github.com/clawinfra/evoclaw/internal/orchestrator/toolloop.go:358.2,358.61 1 0
github.com/clawinfra/evoclaw/internal/orchestrator/toolloop.go:358.61,364.3 1 0
github.com/clawinfra/evoclaw/internal/orchestrator/toolloop.go:366.2,372.16 5 0
github.com/clawinfra/evoclaw/internal/orchestrator/toolloop.go:372.16,379.3 1 0
github.com/clawinfra/evoclaw/internal/orchestrator/toolloop.go:381.2,386.8 1 0
github.com/clawinfra/evoclaw/internal/orchestrator/tools.go:68.97,69.22 1 0
github.com/clawinfra/evoclaw/internal/orchestrator/tools.go:69.22,73.3 2 0
github.com/clawinfra/evoclaw/internal/orchestrator/tools.go:75.2,80.3 1 0
github.com/clawinfra/evoclaw/internal/orchestrator/tools.go:84.64,86.39 2 0
github.com/clawinfra/evoclaw/internal/orchestrator/tools.go:86.39,89.3 2 0
github.com/clawinfra/evoclaw/internal/orchestrator/tools.go:90.2,97.16 5 0
github.com/clawinfra/evoclaw/internal/orchestrator/tools.go:97.16,99.3 1 0
github.com/clawinfra/evoclaw/internal/orchestrator/tools.go:101.2,102.37 2 0
github.com/clawinfra/evoclaw/internal/orchestrator/tools.go:102.37,103.24 1 0
github.com/clawinfra/evoclaw/internal/orchestrator/tools.go:103.24,104.12 1 0
github.com/clawinfra/evoclaw/internal/orchestrator/tools.go:107.3,112.17 4 0
github.com/clawinfra/evoclaw/internal/orchestrator/tools.go:112.17,114.12 2 0
github.com/clawinfra/evoclaw/internal/orchestrator/tools.go:117.3,117.40 1 0
github.com/clawinfra/evoclaw/internal/orchestrator/tools.go:121.2,125.32 3 0
github.com/clawinfra/evoclaw/internal/orchestrator/tools.go:125.32,127.17 2 0
github.com/clawinfra/evoclaw/internal/orchestrator/tools.go:127.17,129.12 2 0
github.com/clawinfra/evoclaw/internal/orchestrator/tools.go:131.3,131.36 1 0
github.com/clawinfra/evoclaw/internal/orchestrator/tools.go:135.2,138.21 3 0
github.com/clawinfra/evoclaw/internal/orchestrator/tools.go:142.88,144.16 2 0
github.com/clawinfra/evoclaw/internal/orchestrator/tools.go:144.16,146.3 1 0
github.com/clawinfra/evoclaw/internal/orchestrator/tools.go:148.2,152.59 2 0
github.com/clawinfra/evoclaw/internal/orchestrator/tools.go:152.59,154.3 1 0
github.com/clawinfra/evoclaw/internal/orchestrator/tools.go:156.2,156.31 1 0
github.com/clawinfra/evoclaw/internal/orchestrator/tools.go:160.83,179.53 3 0
github.com/clawinfra/evoclaw/internal/orchestrator/tools.go:179.53,184.27 2 0
github.com/clawinfra/evoclaw/internal/orchestrator/tools.go:184.27,186.4 1 0
github.com/clawinfra/evoclaw/internal/orchestrator/tools.go:187.3,187.26 1 0
github.com/clawinfra/evoclaw/internal/orchestrator/tools.go:190.2,192.38 2 0
github.com/clawinfra/evoclaw/internal/orchestrator/tools.go:192.38,194.3 1 0
github.com/clawinfra/evoclaw/internal/orchestrator/tools.go:196.2,196.20 1 0
github.com/clawinfra/evoclaw/internal/orchestrator/tools.go:200.86,203.29 2 0
github.com/clawinfra/evoclaw/internal/orchestrator/tools.go:203.29,204.27 1 0
github.com/clawinfra/evoclaw/internal/orchestrator/tools.go:204.27,206.4 1 0
github.com/clawinfra/evoclaw/internal/orchestrator/tools.go:209.2,209.17 1 0
github.com/clawinfra/evoclaw/internal/orchestrator/tools.go:213.62,215.31 1 0
github.com/clawinfra/evoclaw/internal/orchestrator/tools.go:215.31,217.3 1 0
github.com/clawinfra/evoclaw/internal/orchestrator/tools.go:220.2,220.40 1 0
github.com/clawinfra/evoclaw/internal/orchestrator/tools.go:220.40,221.39 1 0
github.com/clawinfra/evoclaw/internal/orchestrator/tools.go:221.39,222.19 1 0
github.com/clawinfra/evoclaw/internal/orchestrator/tools.go:222.19,224.5 1 0
github.com/clawinfra/evoclaw/internal/orchestrator/tools.go:229.2,229.32 1 0
github.com/clawinfra/evoclaw/internal/orchestrator/tools.go:229.32,231.3 1 0
github.com/clawinfra/evoclaw/internal/orchestrator/tools.go:233.2,233.14 1 0
github.com/clawinfra/evoclaw/internal/orchestrator/tools.go:237.70,257.43 2 0
github.com/clawinfra/evoclaw/internal/orchestrator/tools.go:257.43,259.3 1 0
github.com/clawinfra/evoclaw/internal/orchestrator/tools.go:261.2,261.25 1 0
github.com/clawinfra/evoclaw/internal/orchestrator/tools.go:265.65,267.16 2 0
github.com/clawinfra/evoclaw/internal/orchestrator/tools.go:267.16,269.3 1 0
github.com/clawinfra/evoclaw/internal/orchestrator/tools.go:271.2,272.16 2 0
github.com/clawinfra/evoclaw/internal/orchestrator/tools.go:272.16,274.3 1 0
github.com/clawinfra/evoclaw/internal/orchestrator/tools.go:276.2,276.26 1 0
github.com/clawinfra/evoclaw/internal/orchestrator/tools.go:280.42,284.2 3 0
