mode: set
github.com/clawinfra/evoclaw/cmd/init-turso/main.go:15.13,20.18 4 0
github.com/clawinfra/evoclaw/cmd/init-turso/main.go:20.18,22.3 1 0
github.com/clawinfra/evoclaw/cmd/init-turso/main.go:23.2,23.22 1 0
github.com/clawinfra/evoclaw/cmd/init-turso/main.go:23.22,25.3 1 0
github.com/clawinfra/evoclaw/cmd/init-turso/main.go:27.2,27.38 1 0
github.com/clawinfra/evoclaw/cmd/init-turso/main.go:27.38,31.3 3 0
github.com/clawinfra/evoclaw/cmd/init-turso/main.go:33.2,42.47 5 0
github.com/clawinfra/evoclaw/cmd/init-turso/main.go:42.47,44.3 1 0
github.com/clawinfra/evoclaw/cmd/init-turso/main.go:46.2,47.109 2 0
github.com/clawinfra/evoclaw/cmd/tui/main.go:32.13,38.16 4 0
github.com/clawinfra/evoclaw/cmd/tui/main.go:38.16,41.3 2 0
github.com/clawinfra/evoclaw/cmd/tui/main.go:44.2,45.16 2 0
github.com/clawinfra/evoclaw/cmd/tui/main.go:45.16,48.3 2 0
github.com/clawinfra/evoclaw/cmd/tui/main.go:49.2,66.37 7 0
github.com/clawinfra/evoclaw/cmd/tui/main.go:66.37,69.3 2 0
github.com/clawinfra/evoclaw/cmd/tui/main.go:72.2,78.36 5 0
github.com/clawinfra/evoclaw/cmd/tui/main.go:78.36,80.3 1 0
github.com/clawinfra/evoclaw/cmd/tui/main.go:84.98,85.50 1 0
github.com/clawinfra/evoclaw/cmd/tui/main.go:85.50,86.15 1 0
github.com/clawinfra/evoclaw/cmd/tui/main.go:87.20,88.63 1 0
github.com/clawinfra/evoclaw/cmd/tui/main.go:89.17,90.66 1 0
github.com/clawinfra/evoclaw/cmd/tui/main.go:91.17,92.60 1 0
github.com/clawinfra/evoclaw/cmd/tui/main.go:93.11,95.66 1 0
github.com/clawinfra/evoclaw/cmd/evoclaw/main.go:52.13,54.2 1 0
github.com/clawinfra/evoclaw/cmd/evoclaw/main.go:56.16,64.36 5 0
github.com/clawinfra/evoclaw/cmd/evoclaw/main.go:64.36,65.15 1 0
github.com/clawinfra/evoclaw/cmd/evoclaw/main.go:65.15,67.12 2 0
github.com/clawinfra/evoclaw/cmd/evoclaw/main.go:69.3,70.44 2 0
github.com/clawinfra/evoclaw/cmd/evoclaw/main.go:70.44,71.26 1 0
github.com/clawinfra/evoclaw/cmd/evoclaw/main.go:71.26,74.5 2 0
github.com/clawinfra/evoclaw/cmd/evoclaw/main.go:79.2,80.36 2 0
github.com/clawinfra/evoclaw/cmd/evoclaw/main.go:80.36,81.15 1 0
github.com/clawinfra/evoclaw/cmd/evoclaw/main.go:81.15,83.12 2 0
github.com/clawinfra/evoclaw/cmd/evoclaw/main.go:85.3,88.87 2 0
github.com/clawinfra/evoclaw/cmd/evoclaw/main.go:88.87,89.45 1 0
github.com/clawinfra/evoclaw/cmd/evoclaw/main.go:89.45,91.5 1 0
github.com/clawinfra/evoclaw/cmd/evoclaw/main.go:92.4,92.12 1 0
github.com/clawinfra/evoclaw/cmd/evoclaw/main.go:96.3,96.36 1 0
github.com/clawinfra/evoclaw/cmd/evoclaw/main.go:96.36,99.9 3 0
github.com/clawinfra/evoclaw/cmd/evoclaw/main.go:104.2,104.18 1 0
github.com/clawinfra/evoclaw/cmd/evoclaw/main.go:104.18,105.17 1 0
github.com/clawinfra/evoclaw/cmd/evoclaw/main.go:106.16,108.62 1 0
github.com/clawinfra/evoclaw/cmd/evoclaw/main.go:109.15,110.49 1 0
github.com/clawinfra/evoclaw/cmd/evoclaw/main.go:111.16,111.16 0 0
github.com/clawinfra/evoclaw/cmd/evoclaw/main.go:113.11,116.12 3 0
github.com/clawinfra/evoclaw/cmd/evoclaw/main.go:121.2,124.46 4 0
github.com/clawinfra/evoclaw/cmd/evoclaw/main.go:124.46,127.3 2 0
github.com/clawinfra/evoclaw/cmd/evoclaw/main.go:129.2,129.18 1 0
github.com/clawinfra/evoclaw/cmd/evoclaw/main.go:129.18,134.3 4 0
github.com/clawinfra/evoclaw/cmd/evoclaw/main.go:137.2,137.39 1 0
github.com/clawinfra/evoclaw/cmd/evoclaw/main.go:137.39,139.3 1 0
github.com/clawinfra/evoclaw/cmd/evoclaw/main.go:142.2,143.16 2 0
github.com/clawinfra/evoclaw/cmd/evoclaw/main.go:143.16,146.3 2 0
github.com/clawinfra/evoclaw/cmd/evoclaw/main.go:149.2,149.43 1 0
github.com/clawinfra/evoclaw/cmd/evoclaw/main.go:149.43,152.3 2 0
github.com/clawinfra/evoclaw/cmd/evoclaw/main.go:155.2,158.45 2 0
github.com/clawinfra/evoclaw/cmd/evoclaw/main.go:158.45,161.3 2 0
github.com/clawinfra/evoclaw/cmd/evoclaw/main.go:163.2,163.10 1 0
github.com/clawinfra/evoclaw/cmd/evoclaw/main.go:167.45,182.16 5 0
github.com/clawinfra/evoclaw/cmd/evoclaw/main.go:182.16,184.3 1 0
github.com/clawinfra/evoclaw/cmd/evoclaw/main.go:185.2,195.16 5 0
github.com/clawinfra/evoclaw/cmd/evoclaw/main.go:195.16,197.3 1 0
github.com/clawinfra/evoclaw/cmd/evoclaw/main.go:198.2,201.40 2 0
github.com/clawinfra/evoclaw/cmd/evoclaw/main.go:201.40,203.3 1 0
github.com/clawinfra/evoclaw/cmd/evoclaw/main.go:206.2,206.68 1 0
github.com/clawinfra/evoclaw/cmd/evoclaw/main.go:206.68,208.3 1 0
github.com/clawinfra/evoclaw/cmd/evoclaw/main.go:211.2,212.16 2 0
github.com/clawinfra/evoclaw/cmd/evoclaw/main.go:212.16,214.3 1 0
github.com/clawinfra/evoclaw/cmd/evoclaw/main.go:215.2,221.71 3 0
github.com/clawinfra/evoclaw/cmd/evoclaw/main.go:221.71,223.3 1 0
github.com/clawinfra/evoclaw/cmd/evoclaw/main.go:226.2,226.27 1 0
github.com/clawinfra/evoclaw/cmd/evoclaw/main.go:226.27,232.3 2 0
github.com/clawinfra/evoclaw/cmd/evoclaw/main.go:235.2,236.72 2 0
github.com/clawinfra/evoclaw/cmd/evoclaw/main.go:236.72,238.3 1 0
github.com/clawinfra/evoclaw/cmd/evoclaw/main.go:241.2,244.26 2 0
github.com/clawinfra/evoclaw/cmd/evoclaw/main.go:244.26,246.3 1 0
github.com/clawinfra/evoclaw/cmd/evoclaw/main.go:249.2,253.16 5 0
github.com/clawinfra/evoclaw/cmd/evoclaw/main.go:253.16,255.3 1 0
github.com/clawinfra/evoclaw/cmd/evoclaw/main.go:255.8,256.34 1 0
github.com/clawinfra/evoclaw/cmd/evoclaw/main.go:256.34,257.62 1 0
github.com/clawinfra/evoclaw/cmd/evoclaw/main.go:257.62,259.5 1 0
github.com/clawinfra/evoclaw/cmd/evoclaw/main.go:261.3,261.57 1 0
github.com/clawinfra/evoclaw/cmd/evoclaw/main.go:261.57,263.4 1 0
github.com/clawinfra/evoclaw/cmd/evoclaw/main.go:267.2,267.76 1 0
github.com/clawinfra/evoclaw/cmd/evoclaw/main.go:267.76,269.3 1 0
github.com/clawinfra/evoclaw/cmd/evoclaw/main.go:272.2,286.16 4 0
github.com/clawinfra/evoclaw/cmd/evoclaw/main.go:286.16,288.3 1 0
github.com/clawinfra/evoclaw/cmd/evoclaw/main.go:288.8,291.3 2 0
github.com/clawinfra/evoclaw/cmd/evoclaw/main.go:293.2,293.17 1 0
github.com/clawinfra/evoclaw/cmd/evoclaw/main.go:297.75,299.16 2 1
github.com/clawinfra/evoclaw/cmd/evoclaw/main.go:299.16,300.37 1 1
github.com/clawinfra/evoclaw/cmd/evoclaw/main.go:300.37,303.41 3 1
github.com/clawinfra/evoclaw/cmd/evoclaw/main.go:303.41,305.5 1 0
github.com/clawinfra/evoclaw/cmd/evoclaw/main.go:306.4,307.19 2 1
github.com/clawinfra/evoclaw/cmd/evoclaw/main.go:309.3,309.18 1 1
github.com/clawinfra/evoclaw/cmd/evoclaw/main.go:311.2,311.17 1 1
github.com/clawinfra/evoclaw/cmd/evoclaw/main.go:315.45,316.15 1 1
github.com/clawinfra/evoclaw/cmd/evoclaw/main.go:317.15,318.25 1 1
github.com/clawinfra/evoclaw/cmd/evoclaw/main.go:319.14,320.24 1 1
github.com/clawinfra/evoclaw/cmd/evoclaw/main.go:321.14,322.24 1 1
github.com/clawinfra/evoclaw/cmd/evoclaw/main.go:323.15,324.25 1 1
github.com/clawinfra/evoclaw/cmd/evoclaw/main.go:325.10,326.24 1 1
github.com/clawinfra/evoclaw/cmd/evoclaw/main.go:331.97,332.38 1 1
github.com/clawinfra/evoclaw/cmd/evoclaw/main.go:332.38,333.54 1 1
github.com/clawinfra/evoclaw/cmd/evoclaw/main.go:333.54,335.12 2 0
github.com/clawinfra/evoclaw/cmd/evoclaw/main.go:338.3,338.54 1 1
github.com/clawinfra/evoclaw/cmd/evoclaw/main.go:338.54,340.4 1 0
github.com/clawinfra/evoclaw/cmd/evoclaw/main.go:342.2,342.12 1 1
github.com/clawinfra/evoclaw/cmd/evoclaw/main.go:346.98,351.26 2 1
github.com/clawinfra/evoclaw/cmd/evoclaw/main.go:351.26,354.3 2 1
github.com/clawinfra/evoclaw/cmd/evoclaw/main.go:356.2,359.44 2 0
github.com/clawinfra/evoclaw/cmd/evoclaw/main.go:359.44,360.24 1 0
github.com/clawinfra/evoclaw/cmd/evoclaw/main.go:360.24,362.12 2 0
github.com/clawinfra/evoclaw/cmd/evoclaw/main.go:365.3,371.24 2 0
github.com/clawinfra/evoclaw/cmd/evoclaw/main.go:372.14,379.18 3 0
github.com/clawinfra/evoclaw/cmd/evoclaw/main.go:379.18,384.13 2 0
github.com/clawinfra/evoclaw/cmd/evoclaw/main.go:388.4,388.46 1 0
github.com/clawinfra/evoclaw/cmd/evoclaw/main.go:388.46,393.5 1 0
github.com/clawinfra/evoclaw/cmd/evoclaw/main.go:395.4,399.5 2 0
github.com/clawinfra/evoclaw/cmd/evoclaw/main.go:401.45,405.5 1 0
github.com/clawinfra/evoclaw/cmd/evoclaw/main.go:408.11,412.5 1 0
github.com/clawinfra/evoclaw/cmd/evoclaw/main.go:416.2,416.12 1 0
github.com/clawinfra/evoclaw/cmd/evoclaw/main.go:420.94,421.58 1 0
github.com/clawinfra/evoclaw/cmd/evoclaw/main.go:421.58,426.102 3 0
github.com/clawinfra/evoclaw/cmd/evoclaw/main.go:426.102,428.4 1 0
github.com/clawinfra/evoclaw/cmd/evoclaw/main.go:430.3,430.23 1 0
github.com/clawinfra/evoclaw/cmd/evoclaw/main.go:431.20,434.30 3 0
github.com/clawinfra/evoclaw/cmd/evoclaw/main.go:435.17,436.62 1 0
github.com/clawinfra/evoclaw/cmd/evoclaw/main.go:437.17,438.72 1 0
github.com/clawinfra/evoclaw/cmd/evoclaw/main.go:439.21,440.76 1 0
github.com/clawinfra/evoclaw/cmd/evoclaw/main.go:441.11,443.76 1 0
github.com/clawinfra/evoclaw/cmd/evoclaw/main.go:446.2,446.12 1 0
github.com/clawinfra/evoclaw/cmd/evoclaw/main.go:450.103,452.67 1 0
github.com/clawinfra/evoclaw/cmd/evoclaw/main.go:452.67,456.3 3 0
github.com/clawinfra/evoclaw/cmd/evoclaw/main.go:459.2,459.23 1 0
github.com/clawinfra/evoclaw/cmd/evoclaw/main.go:459.23,472.3 3 0
github.com/clawinfra/evoclaw/cmd/evoclaw/main.go:474.2,474.12 1 0
github.com/clawinfra/evoclaw/cmd/evoclaw/main.go:478.114,479.49 1 0
github.com/clawinfra/evoclaw/cmd/evoclaw/main.go:479.49,481.35 2 0
github.com/clawinfra/evoclaw/cmd/evoclaw/main.go:481.35,482.37 1 0
github.com/clawinfra/evoclaw/cmd/evoclaw/main.go:482.37,484.10 2 0
github.com/clawinfra/evoclaw/cmd/evoclaw/main.go:491.36,493.49 1 0
github.com/clawinfra/evoclaw/cmd/evoclaw/main.go:493.49,495.3 1 0
github.com/clawinfra/evoclaw/cmd/evoclaw/main.go:498.2,499.12 2 0
github.com/clawinfra/evoclaw/cmd/evoclaw/main.go:499.12,500.61 1 0
github.com/clawinfra/evoclaw/cmd/evoclaw/main.go:500.61,502.4 1 0
github.com/clawinfra/evoclaw/cmd/evoclaw/main.go:505.2,505.12 1 0
github.com/clawinfra/evoclaw/cmd/evoclaw/main.go:509.28,523.2 13 1
github.com/clawinfra/evoclaw/cmd/evoclaw/main.go:526.38,534.26 5 0
github.com/clawinfra/evoclaw/cmd/evoclaw/main.go:534.26,536.3 1 0
github.com/clawinfra/evoclaw/cmd/evoclaw/main.go:539.2,540.47 2 0
github.com/clawinfra/evoclaw/cmd/evoclaw/main.go:540.47,542.3 1 0
github.com/clawinfra/evoclaw/cmd/evoclaw/main.go:543.2,543.50 1 0
github.com/clawinfra/evoclaw/cmd/evoclaw/main.go:543.50,545.3 1 0
github.com/clawinfra/evoclaw/cmd/evoclaw/main.go:548.2,548.48 1 0
github.com/clawinfra/evoclaw/cmd/evoclaw/main.go:548.48,550.3 1 0
github.com/clawinfra/evoclaw/cmd/evoclaw/main.go:552.2,553.12 2 0
github.com/clawinfra/evoclaw/internal/genome/genome.go:73.30,95.2 1 1
github.com/clawinfra/evoclaw/internal/genome/genome.go:98.35,100.66 1 1
github.com/clawinfra/evoclaw/internal/genome/genome.go:100.66,102.3 1 1
github.com/clawinfra/evoclaw/internal/genome/genome.go:103.2,103.58 1 1
github.com/clawinfra/evoclaw/internal/genome/genome.go:103.58,105.3 1 1
github.com/clawinfra/evoclaw/internal/genome/genome.go:106.2,106.56 1 1
github.com/clawinfra/evoclaw/internal/genome/genome.go:106.56,108.3 1 1
github.com/clawinfra/evoclaw/internal/genome/genome.go:111.2,111.34 1 1
github.com/clawinfra/evoclaw/internal/genome/genome.go:111.34,113.3 1 1
github.com/clawinfra/evoclaw/internal/genome/genome.go:115.2,115.12 1 1
github.com/clawinfra/evoclaw/internal/genome/genome.go:121.44,122.67 1 1
github.com/clawinfra/evoclaw/internal/genome/genome.go:122.67,125.3 2 1
github.com/clawinfra/evoclaw/internal/genome/genome.go:127.2,129.16 3 1
github.com/clawinfra/evoclaw/internal/genome/genome.go:129.16,131.3 1 1
github.com/clawinfra/evoclaw/internal/genome/genome.go:132.2,132.9 1 0
github.com/clawinfra/evoclaw/internal/genome/genome.go:132.9,134.3 1 0
github.com/clawinfra/evoclaw/internal/genome/genome.go:135.2,135.12 1 0
github.com/clawinfra/evoclaw/internal/genome/genome.go:139.64,147.2 1 1
github.com/clawinfra/evoclaw/internal/genome/genome.go:150.43,152.16 2 1
github.com/clawinfra/evoclaw/internal/genome/genome.go:152.16,154.3 1 0
github.com/clawinfra/evoclaw/internal/genome/genome.go:156.2,157.53 2 1
github.com/clawinfra/evoclaw/internal/genome/genome.go:157.53,159.3 1 0
github.com/clawinfra/evoclaw/internal/genome/genome.go:161.2,161.20 1 1
github.com/clawinfra/evoclaw/internal/genome/genome.go:165.58,166.42 1 1
github.com/clawinfra/evoclaw/internal/genome/genome.go:166.42,168.3 1 1
github.com/clawinfra/evoclaw/internal/genome/genome.go:169.2,169.12 1 1
github.com/clawinfra/evoclaw/internal/genome/genome.go:173.64,174.21 1 1
github.com/clawinfra/evoclaw/internal/genome/genome.go:174.21,176.3 1 1
github.com/clawinfra/evoclaw/internal/genome/genome.go:177.2,177.29 1 1
github.com/clawinfra/evoclaw/internal/genome/genome.go:181.43,183.36 2 1
github.com/clawinfra/evoclaw/internal/genome/genome.go:183.36,184.20 1 1
github.com/clawinfra/evoclaw/internal/genome/genome.go:184.20,186.4 1 1
github.com/clawinfra/evoclaw/internal/genome/genome.go:188.2,188.16 1 1
github.com/clawinfra/evoclaw/internal/genome/genome.go:192.65,195.16 2 1
github.com/clawinfra/evoclaw/internal/genome/genome.go:195.16,197.3 1 0
github.com/clawinfra/evoclaw/internal/genome/genome.go:199.2,200.49 2 1
github.com/clawinfra/evoclaw/internal/genome/genome.go:200.49,202.3 1 1
github.com/clawinfra/evoclaw/internal/genome/genome.go:204.2,204.16 1 1
github.com/clawinfra/evoclaw/internal/genome/genome.go:208.61,210.16 2 1
github.com/clawinfra/evoclaw/internal/genome/genome.go:210.16,212.3 1 0
github.com/clawinfra/evoclaw/internal/genome/genome.go:214.2,215.54 2 1
github.com/clawinfra/evoclaw/internal/genome/genome.go:215.54,217.3 1 0
github.com/clawinfra/evoclaw/internal/genome/genome.go:219.2,219.20 1 1
github.com/clawinfra/evoclaw/internal/clawchain/proxy.go:37.55,43.2 1 1
github.com/clawinfra/evoclaw/internal/clawchain/proxy.go:46.83,52.2 1 1
github.com/clawinfra/evoclaw/internal/clawchain/proxy.go:57.117,58.15 1 1
github.com/clawinfra/evoclaw/internal/clawchain/proxy.go:58.15,60.3 1 1
github.com/clawinfra/evoclaw/internal/clawchain/proxy.go:62.2,64.16 3 1
github.com/clawinfra/evoclaw/internal/clawchain/proxy.go:64.16,66.3 1 1
github.com/clawinfra/evoclaw/internal/clawchain/proxy.go:68.2,69.16 2 1
github.com/clawinfra/evoclaw/internal/clawchain/proxy.go:69.16,71.3 1 0
github.com/clawinfra/evoclaw/internal/clawchain/proxy.go:73.2,74.50 2 1
github.com/clawinfra/evoclaw/internal/clawchain/proxy.go:74.50,76.3 1 0
github.com/clawinfra/evoclaw/internal/clawchain/proxy.go:77.2,77.18 1 1
github.com/clawinfra/evoclaw/internal/clawchain/proxy.go:81.90,82.15 1 1
github.com/clawinfra/evoclaw/internal/clawchain/proxy.go:82.15,84.3 1 1
github.com/clawinfra/evoclaw/internal/clawchain/proxy.go:86.2,87.16 2 1
github.com/clawinfra/evoclaw/internal/clawchain/proxy.go:87.16,89.3 1 1
github.com/clawinfra/evoclaw/internal/clawchain/proxy.go:91.2,92.16 2 1
github.com/clawinfra/evoclaw/internal/clawchain/proxy.go:92.16,94.3 1 0
github.com/clawinfra/evoclaw/internal/clawchain/proxy.go:96.2,97.50 2 1
github.com/clawinfra/evoclaw/internal/clawchain/proxy.go:97.50,99.3 1 0
github.com/clawinfra/evoclaw/internal/clawchain/proxy.go:100.2,100.18 1 1
github.com/clawinfra/evoclaw/internal/clawchain/proxy.go:104.83,105.15 1 1
github.com/clawinfra/evoclaw/internal/clawchain/proxy.go:105.15,107.3 1 1
github.com/clawinfra/evoclaw/internal/clawchain/proxy.go:109.2,110.16 2 1
github.com/clawinfra/evoclaw/internal/clawchain/proxy.go:110.16,112.3 1 1
github.com/clawinfra/evoclaw/internal/clawchain/proxy.go:114.2,115.16 2 1
github.com/clawinfra/evoclaw/internal/clawchain/proxy.go:115.16,117.3 1 0
github.com/clawinfra/evoclaw/internal/clawchain/proxy.go:119.2,120.50 2 1
github.com/clawinfra/evoclaw/internal/clawchain/proxy.go:120.50,122.3 1 0
github.com/clawinfra/evoclaw/internal/clawchain/proxy.go:123.2,123.18 1 1
github.com/clawinfra/evoclaw/internal/clawchain/proxy.go:127.108,128.15 1 1
github.com/clawinfra/evoclaw/internal/clawchain/proxy.go:128.15,130.3 1 1
github.com/clawinfra/evoclaw/internal/clawchain/proxy.go:131.2,131.40 1 1
github.com/clawinfra/evoclaw/internal/clawchain/proxy.go:131.40,133.3 1 1
github.com/clawinfra/evoclaw/internal/clawchain/proxy.go:135.2,137.16 3 1
github.com/clawinfra/evoclaw/internal/clawchain/proxy.go:137.16,139.3 1 1
github.com/clawinfra/evoclaw/internal/clawchain/proxy.go:141.2,142.16 2 1
github.com/clawinfra/evoclaw/internal/clawchain/proxy.go:142.16,144.3 1 0
github.com/clawinfra/evoclaw/internal/clawchain/proxy.go:146.2,147.49 2 1
github.com/clawinfra/evoclaw/internal/clawchain/proxy.go:147.49,149.3 1 0
github.com/clawinfra/evoclaw/internal/clawchain/proxy.go:150.2,150.17 1 1
github.com/clawinfra/evoclaw/internal/clawchain/proxy.go:154.83,155.15 1 1
github.com/clawinfra/evoclaw/internal/clawchain/proxy.go:155.15,157.3 1 1
github.com/clawinfra/evoclaw/internal/clawchain/proxy.go:159.2,160.16 2 1
github.com/clawinfra/evoclaw/internal/clawchain/proxy.go:160.16,162.3 1 1
github.com/clawinfra/evoclaw/internal/clawchain/proxy.go:164.2,165.16 2 1
github.com/clawinfra/evoclaw/internal/clawchain/proxy.go:165.16,167.3 1 0
github.com/clawinfra/evoclaw/internal/clawchain/proxy.go:169.2,170.51 2 1
github.com/clawinfra/evoclaw/internal/clawchain/proxy.go:170.51,172.3 1 0
github.com/clawinfra/evoclaw/internal/clawchain/proxy.go:173.2,173.19 1 1
github.com/clawinfra/evoclaw/internal/clawchain/proxy.go:177.105,178.18 1 1
github.com/clawinfra/evoclaw/internal/clawchain/proxy.go:178.18,180.3 1 1
github.com/clawinfra/evoclaw/internal/clawchain/proxy.go:181.2,181.16 1 1
github.com/clawinfra/evoclaw/internal/clawchain/proxy.go:181.16,183.3 1 1
github.com/clawinfra/evoclaw/internal/clawchain/proxy.go:185.2,187.16 3 1
github.com/clawinfra/evoclaw/internal/clawchain/proxy.go:187.16,189.3 1 1
github.com/clawinfra/evoclaw/internal/clawchain/proxy.go:191.2,192.16 2 1
github.com/clawinfra/evoclaw/internal/clawchain/proxy.go:192.16,194.3 1 0
github.com/clawinfra/evoclaw/internal/clawchain/proxy.go:197.2,200.54 2 1
github.com/clawinfra/evoclaw/internal/clawchain/proxy.go:200.54,203.59 2 1
github.com/clawinfra/evoclaw/internal/clawchain/proxy.go:203.59,205.4 1 0
github.com/clawinfra/evoclaw/internal/clawchain/proxy.go:206.3,206.24 1 1
github.com/clawinfra/evoclaw/internal/clawchain/proxy.go:208.2,208.31 1 1
github.com/clawinfra/evoclaw/internal/clawchain/proxy.go:213.98,215.54 2 1
github.com/clawinfra/evoclaw/internal/clawchain/proxy.go:215.54,219.3 1 1
github.com/clawinfra/evoclaw/internal/clawchain/proxy.go:221.2,224.16 3 1
github.com/clawinfra/evoclaw/internal/clawchain/proxy.go:224.16,227.3 2 1
github.com/clawinfra/evoclaw/internal/clawchain/proxy.go:229.2,230.18 2 1
github.com/clawinfra/evoclaw/internal/clawchain/proxy.go:234.43,238.2 3 1
github.com/clawinfra/evoclaw/internal/clawchain/proxy.go:241.49,247.25 5 1
github.com/clawinfra/evoclaw/internal/clawchain/proxy.go:247.25,249.3 1 1
github.com/clawinfra/evoclaw/internal/clawchain/proxy.go:254.99,270.16 5 1
github.com/clawinfra/evoclaw/internal/clawchain/proxy.go:270.16,276.3 2 1
github.com/clawinfra/evoclaw/internal/clawchain/proxy.go:278.2,278.23 1 1
github.com/clawinfra/evoclaw/internal/clawchain/proxy.go:278.23,285.3 2 1
github.com/clawinfra/evoclaw/internal/clawchain/proxy.go:287.2,287.25 1 1
github.com/clawinfra/evoclaw/internal/clawchain/proxy.go:296.116,298.16 2 0
github.com/clawinfra/evoclaw/internal/clawchain/proxy.go:298.16,300.3 1 0
github.com/clawinfra/evoclaw/internal/clawchain/proxy.go:302.2,306.16 4 0
github.com/clawinfra/evoclaw/internal/clawchain/proxy.go:306.16,308.3 1 0
github.com/clawinfra/evoclaw/internal/clawchain/proxy.go:309.2,312.16 3 0
github.com/clawinfra/evoclaw/internal/clawchain/proxy.go:312.16,314.3 1 0
github.com/clawinfra/evoclaw/internal/clawchain/proxy.go:315.2,318.16 3 0
github.com/clawinfra/evoclaw/internal/clawchain/proxy.go:318.16,320.3 1 0
github.com/clawinfra/evoclaw/internal/clawchain/proxy.go:322.2,322.42 1 0
github.com/clawinfra/evoclaw/internal/clawchain/proxy.go:322.42,324.3 1 0
github.com/clawinfra/evoclaw/internal/clawchain/proxy.go:326.2,327.59 2 0
github.com/clawinfra/evoclaw/internal/clawchain/proxy.go:327.59,329.3 1 0
github.com/clawinfra/evoclaw/internal/clawchain/proxy.go:331.2,331.22 1 0
github.com/clawinfra/evoclaw/internal/clawchain/types.go:112.39,118.2 1 1
github.com/clawinfra/evoclaw/internal/config/chains.go:129.57,132.2 2 1
github.com/clawinfra/evoclaw/internal/config/chains.go:135.60,136.21 1 1
github.com/clawinfra/evoclaw/internal/config/chains.go:136.21,138.3 1 1
github.com/clawinfra/evoclaw/internal/config/chains.go:139.2,139.25 1 1
github.com/clawinfra/evoclaw/internal/config/chains.go:143.52,144.21 1 1
github.com/clawinfra/evoclaw/internal/config/chains.go:144.21,146.3 1 0
github.com/clawinfra/evoclaw/internal/config/chains.go:147.2,147.37 1 1
github.com/clawinfra/evoclaw/internal/config/chains.go:147.37,149.3 1 1
github.com/clawinfra/evoclaw/internal/config/chains.go:150.2,151.12 2 1
github.com/clawinfra/evoclaw/internal/config/chains.go:155.63,156.21 1 1
github.com/clawinfra/evoclaw/internal/config/chains.go:156.21,158.3 1 0
github.com/clawinfra/evoclaw/internal/config/chains.go:159.2,160.16 2 1
github.com/clawinfra/evoclaw/internal/config/chains.go:165.41,167.45 1 1
github.com/clawinfra/evoclaw/internal/config/chains.go:167.45,169.28 2 1
github.com/clawinfra/evoclaw/internal/config/chains.go:170.11,171.19 1 0
github.com/clawinfra/evoclaw/internal/config/chains.go:172.12,173.21 1 0
github.com/clawinfra/evoclaw/internal/config/chains.go:174.13,175.29 1 0
github.com/clawinfra/evoclaw/internal/config/chains.go:179.3,187.48 2 1
github.com/clawinfra/evoclaw/internal/config/chains.go:187.48,191.29 3 1
github.com/clawinfra/evoclaw/internal/config/chains.go:191.29,193.5 1 0
github.com/clawinfra/evoclaw/internal/config/chains.go:196.3,196.32 1 1
github.com/clawinfra/evoclaw/internal/config/config.go:276.30,301.2 1 1
github.com/clawinfra/evoclaw/internal/config/config.go:304.41,306.16 2 1
github.com/clawinfra/evoclaw/internal/config/config.go:306.16,308.3 1 1
github.com/clawinfra/evoclaw/internal/config/config.go:310.2,311.50 2 1
github.com/clawinfra/evoclaw/internal/config/config.go:311.50,313.3 1 1
github.com/clawinfra/evoclaw/internal/config/config.go:316.2,316.62 1 1
github.com/clawinfra/evoclaw/internal/config/config.go:316.62,318.3 1 1
github.com/clawinfra/evoclaw/internal/config/config.go:320.2,320.17 1 1
github.com/clawinfra/evoclaw/internal/config/config.go:324.42,326.47 2 1
github.com/clawinfra/evoclaw/internal/config/config.go:326.47,328.3 1 1
github.com/clawinfra/evoclaw/internal/config/config.go:330.2,331.16 2 1
github.com/clawinfra/evoclaw/internal/config/config.go:331.16,333.3 1 0
github.com/clawinfra/evoclaw/internal/config/config.go:335.2,335.39 1 1
github.com/clawinfra/evoclaw/internal/cli/chain.go:13.57,14.20 1 1
github.com/clawinfra/evoclaw/internal/cli/chain.go:14.20,17.3 2 1
github.com/clawinfra/evoclaw/internal/cli/chain.go:19.2,20.16 2 1
github.com/clawinfra/evoclaw/internal/cli/chain.go:21.13,22.40 1 1
github.com/clawinfra/evoclaw/internal/cli/chain.go:23.14,24.41 1 1
github.com/clawinfra/evoclaw/internal/cli/chain.go:25.16,26.43 1 1
github.com/clawinfra/evoclaw/internal/cli/chain.go:27.30,29.11 2 1
github.com/clawinfra/evoclaw/internal/cli/chain.go:30.10,33.11 3 1
github.com/clawinfra/evoclaw/internal/cli/chain.go:37.23,66.2 1 1
github.com/clawinfra/evoclaw/internal/cli/chain.go:68.53,73.33 3 1
github.com/clawinfra/evoclaw/internal/cli/chain.go:73.33,75.34 2 1
github.com/clawinfra/evoclaw/internal/cli/chain.go:75.34,79.61 2 1
github.com/clawinfra/evoclaw/internal/cli/chain.go:79.61,82.5 2 1
github.com/clawinfra/evoclaw/internal/cli/chain.go:83.9,85.24 1 1
github.com/clawinfra/evoclaw/internal/cli/chain.go:85.24,87.5 1 1
github.com/clawinfra/evoclaw/internal/cli/chain.go:91.2,91.22 1 1
github.com/clawinfra/evoclaw/internal/cli/chain.go:91.22,95.3 3 1
github.com/clawinfra/evoclaw/internal/cli/chain.go:98.2,105.45 7 1
github.com/clawinfra/evoclaw/internal/cli/chain.go:105.45,108.3 2 0
github.com/clawinfra/evoclaw/internal/cli/chain.go:111.2,112.16 2 1
github.com/clawinfra/evoclaw/internal/cli/chain.go:112.16,115.3 2 1
github.com/clawinfra/evoclaw/internal/cli/chain.go:118.2,126.14 3 1
github.com/clawinfra/evoclaw/internal/cli/chain.go:126.14,132.3 5 1
github.com/clawinfra/evoclaw/internal/cli/chain.go:135.2,135.22 1 1
github.com/clawinfra/evoclaw/internal/cli/chain.go:135.22,137.3 1 1
github.com/clawinfra/evoclaw/internal/cli/chain.go:138.2,138.19 1 1
github.com/clawinfra/evoclaw/internal/cli/chain.go:138.19,140.3 1 1
github.com/clawinfra/evoclaw/internal/cli/chain.go:141.2,141.19 1 1
github.com/clawinfra/evoclaw/internal/cli/chain.go:141.19,143.3 1 1
github.com/clawinfra/evoclaw/internal/cli/chain.go:144.2,144.19 1 1
github.com/clawinfra/evoclaw/internal/cli/chain.go:144.19,146.3 1 1
github.com/clawinfra/evoclaw/internal/cli/chain.go:147.2,147.21 1 1
github.com/clawinfra/evoclaw/internal/cli/chain.go:147.21,149.3 1 1
github.com/clawinfra/evoclaw/internal/cli/chain.go:152.2,152.15 1 1
github.com/clawinfra/evoclaw/internal/cli/chain.go:152.15,154.26 1 1
github.com/clawinfra/evoclaw/internal/cli/chain.go:154.26,156.4 1 1
github.com/clawinfra/evoclaw/internal/cli/chain.go:157.3,157.28 1 1
github.com/clawinfra/evoclaw/internal/cli/chain.go:157.28,159.4 1 1
github.com/clawinfra/evoclaw/internal/cli/chain.go:163.2,163.25 1 1
github.com/clawinfra/evoclaw/internal/cli/chain.go:163.25,166.3 2 1
github.com/clawinfra/evoclaw/internal/cli/chain.go:167.2,167.27 1 1
github.com/clawinfra/evoclaw/internal/cli/chain.go:167.27,170.3 2 0
github.com/clawinfra/evoclaw/internal/cli/chain.go:173.2,173.53 1 1
github.com/clawinfra/evoclaw/internal/cli/chain.go:173.53,176.3 2 1
github.com/clawinfra/evoclaw/internal/cli/chain.go:179.2,182.45 2 1
github.com/clawinfra/evoclaw/internal/cli/chain.go:182.45,185.3 2 0
github.com/clawinfra/evoclaw/internal/cli/chain.go:188.2,189.14 2 1
github.com/clawinfra/evoclaw/internal/cli/chain.go:189.14,192.3 2 1
github.com/clawinfra/evoclaw/internal/cli/chain.go:193.2,193.27 1 1
github.com/clawinfra/evoclaw/internal/cli/chain.go:193.27,195.3 1 1
github.com/clawinfra/evoclaw/internal/cli/chain.go:196.2,197.27 2 1
github.com/clawinfra/evoclaw/internal/cli/chain.go:197.27,199.3 1 1
github.com/clawinfra/evoclaw/internal/cli/chain.go:200.2,202.10 2 1
github.com/clawinfra/evoclaw/internal/cli/chain.go:205.54,208.16 2 1
github.com/clawinfra/evoclaw/internal/cli/chain.go:208.16,211.3 2 1
github.com/clawinfra/evoclaw/internal/cli/chain.go:214.2,216.26 2 1
github.com/clawinfra/evoclaw/internal/cli/chain.go:216.26,220.3 3 1
github.com/clawinfra/evoclaw/internal/cli/chain.go:222.2,225.44 3 1
github.com/clawinfra/evoclaw/internal/cli/chain.go:225.44,227.24 2 1
github.com/clawinfra/evoclaw/internal/cli/chain.go:227.24,229.4 1 1
github.com/clawinfra/evoclaw/internal/cli/chain.go:232.3,233.28 2 1
github.com/clawinfra/evoclaw/internal/cli/chain.go:233.28,235.4 1 1
github.com/clawinfra/evoclaw/internal/cli/chain.go:237.3,238.17 2 1
github.com/clawinfra/evoclaw/internal/cli/chain.go:238.17,240.4 1 0
github.com/clawinfra/evoclaw/internal/cli/chain.go:242.3,242.74 1 1
github.com/clawinfra/evoclaw/internal/cli/chain.go:245.2,248.10 3 1
github.com/clawinfra/evoclaw/internal/cli/chain.go:251.56,252.19 1 1
github.com/clawinfra/evoclaw/internal/cli/chain.go:252.19,256.3 3 1
github.com/clawinfra/evoclaw/internal/cli/chain.go:258.2,262.16 3 1
github.com/clawinfra/evoclaw/internal/cli/chain.go:262.16,265.3 2 1
github.com/clawinfra/evoclaw/internal/cli/chain.go:268.2,268.49 1 1
github.com/clawinfra/evoclaw/internal/cli/chain.go:268.49,271.3 2 1
github.com/clawinfra/evoclaw/internal/cli/chain.go:274.2,274.45 1 1
github.com/clawinfra/evoclaw/internal/cli/chain.go:274.45,277.3 2 0
github.com/clawinfra/evoclaw/internal/cli/chain.go:279.2,280.10 2 1
github.com/clawinfra/evoclaw/internal/cli/init.go:14.37,23.20 8 1
github.com/clawinfra/evoclaw/internal/cli/init.go:23.20,40.3 3 0
github.com/clawinfra/evoclaw/internal/cli/init.go:42.2,42.39 1 1
github.com/clawinfra/evoclaw/internal/cli/init.go:42.39,44.3 1 0
github.com/clawinfra/evoclaw/internal/cli/init.go:47.2,47.48 1 1
github.com/clawinfra/evoclaw/internal/cli/init.go:47.48,52.39 5 0
github.com/clawinfra/evoclaw/internal/cli/init.go:52.39,55.4 2 0
github.com/clawinfra/evoclaw/internal/cli/init.go:58.2,60.21 2 1
github.com/clawinfra/evoclaw/internal/cli/init.go:60.21,61.42 1 1
github.com/clawinfra/evoclaw/internal/cli/init.go:61.42,64.4 2 1
github.com/clawinfra/evoclaw/internal/cli/init.go:65.3,65.45 1 1
github.com/clawinfra/evoclaw/internal/cli/init.go:65.45,68.4 2 1
github.com/clawinfra/evoclaw/internal/cli/init.go:69.3,69.78 1 1
github.com/clawinfra/evoclaw/internal/cli/init.go:70.8,73.17 3 0
github.com/clawinfra/evoclaw/internal/cli/init.go:73.17,76.4 2 0
github.com/clawinfra/evoclaw/internal/cli/init.go:79.2,79.46 1 1
github.com/clawinfra/evoclaw/internal/cli/init.go:79.46,82.3 2 0
github.com/clawinfra/evoclaw/internal/cli/init.go:84.2,91.10 8 1
github.com/clawinfra/evoclaw/internal/cli/init.go:94.62,116.20 16 0
github.com/clawinfra/evoclaw/internal/cli/init.go:116.20,118.3 1 0
github.com/clawinfra/evoclaw/internal/cli/init.go:121.2,122.26 2 0
github.com/clawinfra/evoclaw/internal/cli/init.go:122.26,124.19 2 0
github.com/clawinfra/evoclaw/internal/cli/init.go:124.19,126.4 1 0
github.com/clawinfra/evoclaw/internal/cli/init.go:130.2,134.25 5 0
github.com/clawinfra/evoclaw/internal/cli/init.go:134.25,136.3 1 0
github.com/clawinfra/evoclaw/internal/cli/init.go:138.2,140.80 3 0
github.com/clawinfra/evoclaw/internal/cli/init.go:140.80,142.3 1 0
github.com/clawinfra/evoclaw/internal/cli/init.go:145.2,145.16 1 0
github.com/clawinfra/evoclaw/internal/cli/init.go:145.16,148.83 3 0
github.com/clawinfra/evoclaw/internal/cli/init.go:148.83,150.4 1 0
github.com/clawinfra/evoclaw/internal/cli/init.go:153.2,155.20 2 0
github.com/clawinfra/evoclaw/internal/cli/init.go:155.20,160.3 1 0
github.com/clawinfra/evoclaw/internal/cli/init.go:162.2,162.17 1 0
github.com/clawinfra/evoclaw/internal/cli/init.go:165.68,166.22 1 0
github.com/clawinfra/evoclaw/internal/cli/init.go:166.22,168.3 1 0
github.com/clawinfra/evoclaw/internal/cli/init.go:168.8,170.3 1 0
github.com/clawinfra/evoclaw/internal/cli/init.go:171.2,173.17 3 0
github.com/clawinfra/evoclaw/internal/cli/init.go:173.17,175.3 1 0
github.com/clawinfra/evoclaw/internal/cli/init.go:176.2,176.14 1 0
github.com/clawinfra/evoclaw/internal/cli/init.go:179.45,181.15 2 1
github.com/clawinfra/evoclaw/internal/cli/init.go:182.24,183.21 1 1
github.com/clawinfra/evoclaw/internal/cli/init.go:184.21,185.18 1 1
github.com/clawinfra/evoclaw/internal/cli/init.go:186.25,187.22 1 1
github.com/clawinfra/evoclaw/internal/cli/init.go:188.21,189.18 1 1
github.com/clawinfra/evoclaw/internal/cli/init.go:190.10,191.12 1 1
github.com/clawinfra/evoclaw/internal/cli/init.go:195.118,201.18 3 1
github.com/clawinfra/evoclaw/internal/cli/init.go:202.19,221.4 2 1
github.com/clawinfra/evoclaw/internal/cli/init.go:222.16,241.4 2 1
github.com/clawinfra/evoclaw/internal/cli/init.go:242.20,261.4 2 1
github.com/clawinfra/evoclaw/internal/cli/init.go:262.16,280.4 2 1
github.com/clawinfra/evoclaw/internal/cli/init.go:284.2,297.21 3 1
github.com/clawinfra/evoclaw/internal/cli/init.go:297.21,299.3 1 1
github.com/clawinfra/evoclaw/internal/cli/init.go:300.2,300.17 1 1
github.com/clawinfra/evoclaw/internal/cli/init.go:300.17,302.3 1 1
github.com/clawinfra/evoclaw/internal/cli/init.go:304.2,304.12 1 1
github.com/clawinfra/evoclaw/internal/agents/memory.go:36.80,38.53 2 1
github.com/clawinfra/evoclaw/internal/agents/memory.go:38.53,40.3 1 0
github.com/clawinfra/evoclaw/internal/agents/memory.go:42.2,46.8 1 1
github.com/clawinfra/evoclaw/internal/agents/memory.go:50.63,55.8 4 1
github.com/clawinfra/evoclaw/internal/agents/memory.go:55.8,60.3 4 1
github.com/clawinfra/evoclaw/internal/agents/memory.go:63.2,64.16 2 1
github.com/clawinfra/evoclaw/internal/agents/memory.go:64.16,69.3 4 1
github.com/clawinfra/evoclaw/internal/agents/memory.go:72.2,85.12 6 1
github.com/clawinfra/evoclaw/internal/agents/memory.go:89.56,105.2 7 1
github.com/clawinfra/evoclaw/internal/agents/memory.go:108.71,116.2 5 1
github.com/clawinfra/evoclaw/internal/agents/memory.go:119.82,123.26 3 1
github.com/clawinfra/evoclaw/internal/agents/memory.go:123.26,127.3 3 1
github.com/clawinfra/evoclaw/internal/agents/memory.go:129.2,132.13 4 1
github.com/clawinfra/evoclaw/internal/agents/memory.go:136.38,143.2 5 1
github.com/clawinfra/evoclaw/internal/agents/memory.go:146.37,148.37 1 1
github.com/clawinfra/evoclaw/internal/agents/memory.go:148.37,153.3 3 1
github.com/clawinfra/evoclaw/internal/agents/memory.go:156.2,156.59 1 1
github.com/clawinfra/evoclaw/internal/agents/memory.go:156.59,160.3 2 1
github.com/clawinfra/evoclaw/internal/agents/memory.go:164.50,166.33 2 1
github.com/clawinfra/evoclaw/internal/agents/memory.go:166.33,168.3 1 1
github.com/clawinfra/evoclaw/internal/agents/memory.go:169.2,169.23 1 1
github.com/clawinfra/evoclaw/internal/agents/memory.go:173.50,175.16 2 1
github.com/clawinfra/evoclaw/internal/agents/memory.go:175.16,177.3 1 0
github.com/clawinfra/evoclaw/internal/agents/memory.go:179.2,179.35 1 1
github.com/clawinfra/evoclaw/internal/agents/memory.go:184.81,189.16 4 1
github.com/clawinfra/evoclaw/internal/agents/memory.go:189.16,191.3 1 0
github.com/clawinfra/evoclaw/internal/agents/memory.go:193.2,194.55 2 1
github.com/clawinfra/evoclaw/internal/agents/memory.go:194.55,196.3 1 1
github.com/clawinfra/evoclaw/internal/agents/memory.go:198.2,199.12 2 1
github.com/clawinfra/evoclaw/internal/agents/memory.go:203.39,207.31 3 1
github.com/clawinfra/evoclaw/internal/agents/memory.go:207.31,208.41 1 1
github.com/clawinfra/evoclaw/internal/agents/memory.go:208.41,210.4 1 0
github.com/clawinfra/evoclaw/internal/agents/memory.go:213.2,213.12 1 1
github.com/clawinfra/evoclaw/internal/agents/memory.go:217.72,220.16 3 1
github.com/clawinfra/evoclaw/internal/agents/memory.go:220.16,221.26 1 1
github.com/clawinfra/evoclaw/internal/agents/memory.go:221.26,223.4 1 0
github.com/clawinfra/evoclaw/internal/agents/memory.go:224.3,224.13 1 1
github.com/clawinfra/evoclaw/internal/agents/memory.go:227.2,228.51 2 1
github.com/clawinfra/evoclaw/internal/agents/memory.go:228.51,231.3 2 1
github.com/clawinfra/evoclaw/internal/agents/memory.go:233.2,235.13 3 1
github.com/clawinfra/evoclaw/internal/agents/memory.go:239.57,241.2 1 1
github.com/clawinfra/evoclaw/internal/agents/memory.go:244.54,251.36 4 1
github.com/clawinfra/evoclaw/internal/agents/memory.go:251.36,256.35 4 1
github.com/clawinfra/evoclaw/internal/agents/memory.go:256.35,258.53 1 1
github.com/clawinfra/evoclaw/internal/agents/memory.go:258.53,260.5 1 0
github.com/clawinfra/evoclaw/internal/agents/memory.go:261.4,262.64 2 1
github.com/clawinfra/evoclaw/internal/agents/memory.go:267.2,268.16 2 1
github.com/clawinfra/evoclaw/internal/agents/memory.go:268.16,270.3 1 0
github.com/clawinfra/evoclaw/internal/agents/memory.go:272.2,272.32 1 1
github.com/clawinfra/evoclaw/internal/agents/memory.go:272.32,273.61 1 1
github.com/clawinfra/evoclaw/internal/agents/memory.go:273.61,274.12 1 0
github.com/clawinfra/evoclaw/internal/agents/memory.go:277.3,279.17 3 1
github.com/clawinfra/evoclaw/internal/agents/memory.go:279.17,280.12 1 0
github.com/clawinfra/evoclaw/internal/agents/memory.go:283.3,283.39 1 1
github.com/clawinfra/evoclaw/internal/agents/memory.go:283.39,284.42 1 1
github.com/clawinfra/evoclaw/internal/agents/memory.go:284.42,286.5 1 0
github.com/clawinfra/evoclaw/internal/agents/memory.go:286.10,288.5 1 1
github.com/clawinfra/evoclaw/internal/agents/memory.go:292.2,292.12 1 1
github.com/clawinfra/evoclaw/internal/agents/memory.go:296.57,303.30 5 1
github.com/clawinfra/evoclaw/internal/agents/memory.go:303.30,308.3 4 1
github.com/clawinfra/evoclaw/internal/agents/memory.go:310.2,314.3 1 1
github.com/clawinfra/evoclaw/internal/agents/memory.go:319.38,322.2 1 1
github.com/clawinfra/evoclaw/internal/agents/registry.go:49.74,51.53 2 1
github.com/clawinfra/evoclaw/internal/agents/registry.go:51.53,53.3 1 1
github.com/clawinfra/evoclaw/internal/agents/registry.go:55.2,59.8 1 1
github.com/clawinfra/evoclaw/internal/agents/registry.go:63.64,67.43 3 1
github.com/clawinfra/evoclaw/internal/agents/registry.go:67.43,69.3 1 1
github.com/clawinfra/evoclaw/internal/agents/registry.go:71.2,84.38 3 1
github.com/clawinfra/evoclaw/internal/agents/registry.go:84.38,87.3 1 0
github.com/clawinfra/evoclaw/internal/agents/registry.go:89.2,90.19 2 1
github.com/clawinfra/evoclaw/internal/agents/registry.go:94.51,99.9 4 1
github.com/clawinfra/evoclaw/internal/agents/registry.go:99.9,101.3 1 1
github.com/clawinfra/evoclaw/internal/agents/registry.go:103.2,103.19 1 1
github.com/clawinfra/evoclaw/internal/agents/registry.go:107.36,112.29 4 1
github.com/clawinfra/evoclaw/internal/agents/registry.go:112.29,114.3 1 1
github.com/clawinfra/evoclaw/internal/agents/registry.go:115.2,115.15 1 1
github.com/clawinfra/evoclaw/internal/agents/registry.go:119.65,124.9 4 1
github.com/clawinfra/evoclaw/internal/agents/registry.go:124.9,126.3 1 1
github.com/clawinfra/evoclaw/internal/agents/registry.go:128.2,132.38 4 1
github.com/clawinfra/evoclaw/internal/agents/registry.go:132.38,134.3 1 0
github.com/clawinfra/evoclaw/internal/agents/registry.go:136.2,137.12 2 1
github.com/clawinfra/evoclaw/internal/agents/registry.go:141.44,146.9 4 1
github.com/clawinfra/evoclaw/internal/agents/registry.go:146.9,148.3 1 1
github.com/clawinfra/evoclaw/internal/agents/registry.go:150.2,154.63 3 1
github.com/clawinfra/evoclaw/internal/agents/registry.go:154.63,156.3 1 0
github.com/clawinfra/evoclaw/internal/agents/registry.go:158.2,159.12 2 1
github.com/clawinfra/evoclaw/internal/agents/registry.go:163.58,165.16 2 1
github.com/clawinfra/evoclaw/internal/agents/registry.go:165.16,167.3 1 0
github.com/clawinfra/evoclaw/internal/agents/registry.go:169.2,174.12 5 1
github.com/clawinfra/evoclaw/internal/agents/registry.go:178.53,180.16 2 1
github.com/clawinfra/evoclaw/internal/agents/registry.go:180.16,182.3 1 0
github.com/clawinfra/evoclaw/internal/agents/registry.go:184.2,188.12 4 1
github.com/clawinfra/evoclaw/internal/agents/registry.go:192.51,194.16 2 1
github.com/clawinfra/evoclaw/internal/agents/registry.go:194.16,196.3 1 0
github.com/clawinfra/evoclaw/internal/agents/registry.go:198.2,203.12 5 1
github.com/clawinfra/evoclaw/internal/agents/registry.go:207.49,209.16 2 1
github.com/clawinfra/evoclaw/internal/agents/registry.go:209.16,211.3 1 0
github.com/clawinfra/evoclaw/internal/agents/registry.go:213.2,218.12 5 1
github.com/clawinfra/evoclaw/internal/agents/registry.go:222.116,224.16 2 1
github.com/clawinfra/evoclaw/internal/agents/registry.go:224.16,226.3 1 0
github.com/clawinfra/evoclaw/internal/agents/registry.go:228.2,232.13 4 1
github.com/clawinfra/evoclaw/internal/agents/registry.go:232.13,234.3 1 1
github.com/clawinfra/evoclaw/internal/agents/registry.go:234.8,236.3 1 1
github.com/clawinfra/evoclaw/internal/agents/registry.go:238.2,245.12 5 1
github.com/clawinfra/evoclaw/internal/agents/registry.go:249.57,256.34 5 1
github.com/clawinfra/evoclaw/internal/agents/registry.go:256.34,261.55 4 1
github.com/clawinfra/evoclaw/internal/agents/registry.go:261.55,263.4 1 1
github.com/clawinfra/evoclaw/internal/agents/registry.go:266.2,266.18 1 1
github.com/clawinfra/evoclaw/internal/agents/registry.go:270.33,272.16 2 1
github.com/clawinfra/evoclaw/internal/agents/registry.go:272.16,273.25 1 0
github.com/clawinfra/evoclaw/internal/agents/registry.go:273.25,275.4 1 0
github.com/clawinfra/evoclaw/internal/agents/registry.go:276.3,276.48 1 0
github.com/clawinfra/evoclaw/internal/agents/registry.go:279.2,279.32 1 1
github.com/clawinfra/evoclaw/internal/agents/registry.go:279.32,280.61 1 1
github.com/clawinfra/evoclaw/internal/agents/registry.go:280.61,281.12 1 0
github.com/clawinfra/evoclaw/internal/agents/registry.go:284.3,286.17 3 1
github.com/clawinfra/evoclaw/internal/agents/registry.go:286.17,288.12 2 0
github.com/clawinfra/evoclaw/internal/agents/registry.go:291.3,292.54 2 1
github.com/clawinfra/evoclaw/internal/agents/registry.go:292.54,294.12 2 1
github.com/clawinfra/evoclaw/internal/agents/registry.go:297.3,301.72 4 1
github.com/clawinfra/evoclaw/internal/agents/registry.go:304.2,304.12 1 1
github.com/clawinfra/evoclaw/internal/agents/registry.go:308.36,312.33 3 1
github.com/clawinfra/evoclaw/internal/agents/registry.go:312.33,313.39 1 1
github.com/clawinfra/evoclaw/internal/agents/registry.go:313.39,315.4 1 1
github.com/clawinfra/evoclaw/internal/agents/registry.go:318.2,318.12 1 1
github.com/clawinfra/evoclaw/internal/agents/registry.go:322.45,327.16 4 1
github.com/clawinfra/evoclaw/internal/agents/registry.go:327.16,329.3 1 0
github.com/clawinfra/evoclaw/internal/agents/registry.go:331.2,332.55 2 1
github.com/clawinfra/evoclaw/internal/agents/registry.go:332.55,334.3 1 1
github.com/clawinfra/evoclaw/internal/agents/registry.go:336.2,336.12 1 1
github.com/clawinfra/evoclaw/internal/agents/registry.go:340.48,342.2 1 1
github.com/clawinfra/evoclaw/internal/agents/registry.go:345.37,360.2 3 1
github.com/clawinfra/evoclaw/internal/evolution/engine.go:54.111,56.21 2 1
github.com/clawinfra/evoclaw/internal/evolution/engine.go:56.21,58.3 1 1
github.com/clawinfra/evoclaw/internal/evolution/engine.go:59.2,66.3 2 1
github.com/clawinfra/evoclaw/internal/evolution/engine.go:92.61,113.2 7 1
github.com/clawinfra/evoclaw/internal/evolution/engine.go:116.58,120.2 3 1
github.com/clawinfra/evoclaw/internal/evolution/engine.go:123.59,130.2 6 1
github.com/clawinfra/evoclaw/internal/evolution/engine.go:133.79,138.9 4 1
github.com/clawinfra/evoclaw/internal/evolution/engine.go:138.9,140.3 1 1
github.com/clawinfra/evoclaw/internal/evolution/engine.go:143.2,147.22 3 1
github.com/clawinfra/evoclaw/internal/evolution/engine.go:147.22,149.3 1 1
github.com/clawinfra/evoclaw/internal/evolution/engine.go:149.8,151.3 1 1
github.com/clawinfra/evoclaw/internal/evolution/engine.go:152.2,162.18 4 1
github.com/clawinfra/evoclaw/internal/evolution/engine.go:166.84,168.78 1 1
github.com/clawinfra/evoclaw/internal/evolution/engine.go:168.78,170.3 1 0
github.com/clawinfra/evoclaw/internal/evolution/engine.go:170.8,170.21 1 1
github.com/clawinfra/evoclaw/internal/evolution/engine.go:170.21,172.3 1 0
github.com/clawinfra/evoclaw/internal/evolution/engine.go:174.2,178.9 4 1
github.com/clawinfra/evoclaw/internal/evolution/engine.go:178.9,180.3 1 1
github.com/clawinfra/evoclaw/internal/evolution/engine.go:183.2,183.54 1 1
github.com/clawinfra/evoclaw/internal/evolution/engine.go:183.54,185.3 1 0
github.com/clawinfra/evoclaw/internal/evolution/engine.go:187.2,209.35 4 1
github.com/clawinfra/evoclaw/internal/evolution/engine.go:209.35,211.3 1 1
github.com/clawinfra/evoclaw/internal/evolution/engine.go:213.2,225.21 5 1
github.com/clawinfra/evoclaw/internal/evolution/engine.go:229.47,234.30 4 1
github.com/clawinfra/evoclaw/internal/evolution/engine.go:234.30,236.3 1 1
github.com/clawinfra/evoclaw/internal/evolution/engine.go:239.2,249.12 6 1
github.com/clawinfra/evoclaw/internal/evolution/engine.go:253.72,258.9 4 1
github.com/clawinfra/evoclaw/internal/evolution/engine.go:258.9,260.3 1 1
github.com/clawinfra/evoclaw/internal/evolution/engine.go:263.2,263.21 1 1
github.com/clawinfra/evoclaw/internal/evolution/engine.go:263.21,265.3 1 1
github.com/clawinfra/evoclaw/internal/evolution/engine.go:267.2,267.31 1 1
github.com/clawinfra/evoclaw/internal/evolution/engine.go:271.57,285.2 6 1
github.com/clawinfra/evoclaw/internal/evolution/engine.go:288.57,292.34 2 1
github.com/clawinfra/evoclaw/internal/evolution/engine.go:292.34,294.3 1 1
github.com/clawinfra/evoclaw/internal/evolution/engine.go:295.2,297.18 2 1
github.com/clawinfra/evoclaw/internal/evolution/engine.go:297.18,299.3 1 0
github.com/clawinfra/evoclaw/internal/evolution/engine.go:300.2,300.18 1 1
github.com/clawinfra/evoclaw/internal/evolution/engine.go:300.18,302.3 1 1
github.com/clawinfra/evoclaw/internal/evolution/engine.go:303.2,303.15 1 1
github.com/clawinfra/evoclaw/internal/evolution/engine.go:306.44,309.16 3 1
github.com/clawinfra/evoclaw/internal/evolution/engine.go:309.16,312.3 2 0
github.com/clawinfra/evoclaw/internal/evolution/engine.go:313.2,313.36 1 1
github.com/clawinfra/evoclaw/internal/evolution/engine.go:316.35,318.16 2 1
github.com/clawinfra/evoclaw/internal/evolution/engine.go:318.16,320.3 1 0
github.com/clawinfra/evoclaw/internal/evolution/engine.go:321.2,321.32 1 1
github.com/clawinfra/evoclaw/internal/evolution/engine.go:321.32,322.61 1 1
github.com/clawinfra/evoclaw/internal/evolution/engine.go:322.61,323.12 1 0
github.com/clawinfra/evoclaw/internal/evolution/engine.go:325.3,326.17 2 1
github.com/clawinfra/evoclaw/internal/evolution/engine.go:326.17,327.12 1 0
github.com/clawinfra/evoclaw/internal/evolution/engine.go:329.3,330.50 2 1
github.com/clawinfra/evoclaw/internal/evolution/engine.go:330.50,331.12 1 1
github.com/clawinfra/evoclaw/internal/evolution/engine.go:333.3,334.77 2 1
github.com/clawinfra/evoclaw/internal/evolution/engine.go:340.66,341.67 1 1
github.com/clawinfra/evoclaw/internal/evolution/engine.go:341.67,344.3 2 1
github.com/clawinfra/evoclaw/internal/evolution/engine.go:345.2,346.16 2 0
github.com/clawinfra/evoclaw/internal/evolution/engine.go:346.16,348.3 1 0
github.com/clawinfra/evoclaw/internal/evolution/engine.go:349.2,349.9 1 0
github.com/clawinfra/evoclaw/internal/evolution/engine.go:349.9,351.3 1 0
github.com/clawinfra/evoclaw/internal/evolution/engine.go:352.2,352.12 1 0
github.com/clawinfra/evoclaw/internal/evolution/engine.go:356.68,361.2 3 1
github.com/clawinfra/evoclaw/internal/evolution/engine.go:365.74,368.16 3 1
github.com/clawinfra/evoclaw/internal/evolution/engine.go:368.16,370.3 1 1
github.com/clawinfra/evoclaw/internal/evolution/engine.go:372.2,373.54 2 1
github.com/clawinfra/evoclaw/internal/evolution/engine.go:373.54,375.3 1 0
github.com/clawinfra/evoclaw/internal/evolution/engine.go:377.2,377.21 1 1
github.com/clawinfra/evoclaw/internal/evolution/engine.go:381.76,386.2 3 1
github.com/clawinfra/evoclaw/internal/evolution/engine.go:390.82,393.16 3 1
github.com/clawinfra/evoclaw/internal/evolution/engine.go:393.16,395.3 1 0
github.com/clawinfra/evoclaw/internal/evolution/engine.go:397.2,397.55 1 1
github.com/clawinfra/evoclaw/internal/evolution/engine.go:397.55,399.3 1 0
github.com/clawinfra/evoclaw/internal/evolution/engine.go:401.2,402.12 2 1
github.com/clawinfra/evoclaw/internal/evolution/engine.go:406.104,408.16 2 1
github.com/clawinfra/evoclaw/internal/evolution/engine.go:408.16,410.3 1 0
github.com/clawinfra/evoclaw/internal/evolution/engine.go:412.2,413.9 2 1
github.com/clawinfra/evoclaw/internal/evolution/engine.go:413.9,415.3 1 1
github.com/clawinfra/evoclaw/internal/evolution/engine.go:418.2,422.24 3 1
github.com/clawinfra/evoclaw/internal/evolution/engine.go:422.24,424.3 1 0
github.com/clawinfra/evoclaw/internal/evolution/engine.go:424.8,426.3 1 1
github.com/clawinfra/evoclaw/internal/evolution/engine.go:428.2,430.56 2 1
github.com/clawinfra/evoclaw/internal/evolution/engine.go:430.56,432.3 1 0
github.com/clawinfra/evoclaw/internal/evolution/engine.go:434.2,440.27 2 1
github.com/clawinfra/evoclaw/internal/evolution/engine.go:444.85,446.78 1 1
github.com/clawinfra/evoclaw/internal/evolution/engine.go:446.78,448.3 1 0
github.com/clawinfra/evoclaw/internal/evolution/engine.go:448.8,448.21 1 1
github.com/clawinfra/evoclaw/internal/evolution/engine.go:448.21,450.3 1 0
github.com/clawinfra/evoclaw/internal/evolution/engine.go:452.2,453.16 2 1
github.com/clawinfra/evoclaw/internal/evolution/engine.go:453.16,455.3 1 0
github.com/clawinfra/evoclaw/internal/evolution/engine.go:458.2,458.44 1 1
github.com/clawinfra/evoclaw/internal/evolution/engine.go:458.44,460.3 1 1
github.com/clawinfra/evoclaw/internal/evolution/engine.go:463.2,463.58 1 1
github.com/clawinfra/evoclaw/internal/evolution/engine.go:463.58,465.3 1 0
github.com/clawinfra/evoclaw/internal/evolution/engine.go:467.2,468.9 2 1
github.com/clawinfra/evoclaw/internal/evolution/engine.go:468.9,470.3 1 1
github.com/clawinfra/evoclaw/internal/evolution/engine.go:473.2,474.33 2 1
github.com/clawinfra/evoclaw/internal/evolution/engine.go:474.33,475.26 1 1
github.com/clawinfra/evoclaw/internal/evolution/engine.go:476.16,477.68 1 1
github.com/clawinfra/evoclaw/internal/evolution/engine.go:478.12,479.82 1 0
github.com/clawinfra/evoclaw/internal/evolution/engine.go:480.13,482.59 1 1
github.com/clawinfra/evoclaw/internal/evolution/engine.go:482.59,484.5 1 0
github.com/clawinfra/evoclaw/internal/evolution/engine.go:484.10,486.5 1 1
github.com/clawinfra/evoclaw/internal/evolution/engine.go:487.11,488.24 1 0
github.com/clawinfra/evoclaw/internal/evolution/engine.go:492.2,498.56 5 1
github.com/clawinfra/evoclaw/internal/evolution/engine.go:498.56,500.3 1 0
github.com/clawinfra/evoclaw/internal/evolution/engine.go:502.2,509.12 2 1
github.com/clawinfra/evoclaw/internal/evolution/engine.go:513.113,515.16 2 1
github.com/clawinfra/evoclaw/internal/evolution/engine.go:515.16,517.3 1 0
github.com/clawinfra/evoclaw/internal/evolution/engine.go:519.2,520.9 2 1
github.com/clawinfra/evoclaw/internal/evolution/engine.go:520.9,522.3 1 1
github.com/clawinfra/evoclaw/internal/evolution/engine.go:524.2,524.20 1 1
github.com/clawinfra/evoclaw/internal/evolution/engine.go:524.20,526.3 1 1
github.com/clawinfra/evoclaw/internal/evolution/engine.go:529.2,529.32 1 1
github.com/clawinfra/evoclaw/internal/evolution/engine.go:529.32,531.3 1 0
github.com/clawinfra/evoclaw/internal/evolution/engine.go:533.2,533.40 1 1
github.com/clawinfra/evoclaw/internal/evolution/engine.go:548.86,553.16 4 1
github.com/clawinfra/evoclaw/internal/evolution/engine.go:553.16,556.3 2 1
github.com/clawinfra/evoclaw/internal/evolution/engine.go:558.2,559.9 2 1
github.com/clawinfra/evoclaw/internal/evolution/engine.go:559.9,561.3 1 1
github.com/clawinfra/evoclaw/internal/evolution/engine.go:568.2,573.34 4 1
github.com/clawinfra/evoclaw/internal/evolution/engine.go:573.34,575.3 1 1
github.com/clawinfra/evoclaw/internal/evolution/engine.go:575.8,577.42 2 1
github.com/clawinfra/evoclaw/internal/evolution/engine.go:577.42,578.66 1 1
github.com/clawinfra/evoclaw/internal/evolution/engine.go:578.66,580.5 1 1
github.com/clawinfra/evoclaw/internal/evolution/engine.go:582.3,582.79 1 1
github.com/clawinfra/evoclaw/internal/evolution/engine.go:585.2,595.21 3 1
github.com/clawinfra/evoclaw/internal/evolution/engine.go:599.61,604.16 4 1
github.com/clawinfra/evoclaw/internal/evolution/engine.go:604.16,606.3 1 1
github.com/clawinfra/evoclaw/internal/evolution/engine.go:609.2,609.58 1 1
github.com/clawinfra/evoclaw/internal/evolution/engine.go:609.58,611.3 1 0
github.com/clawinfra/evoclaw/internal/evolution/engine.go:614.2,616.41 3 1
github.com/clawinfra/evoclaw/internal/evolution/engine.go:616.41,617.43 1 1
github.com/clawinfra/evoclaw/internal/evolution/engine.go:617.43,620.4 2 1
github.com/clawinfra/evoclaw/internal/evolution/engine.go:623.2,623.50 1 1
github.com/clawinfra/evoclaw/internal/evolution/engine.go:623.50,626.3 2 0
github.com/clawinfra/evoclaw/internal/evolution/engine.go:629.2,629.37 1 1
github.com/clawinfra/evoclaw/internal/evolution/engine.go:629.37,633.22 3 1
github.com/clawinfra/evoclaw/internal/evolution/engine.go:633.22,635.4 1 0
github.com/clawinfra/evoclaw/internal/evolution/engine.go:636.3,644.4 3 1
github.com/clawinfra/evoclaw/internal/evolution/engine.go:647.2,647.46 1 1
github.com/clawinfra/evoclaw/internal/evolution/engine.go:651.76,653.16 2 1
github.com/clawinfra/evoclaw/internal/evolution/engine.go:653.16,655.3 1 1
github.com/clawinfra/evoclaw/internal/evolution/engine.go:657.2,658.27 2 1
github.com/clawinfra/evoclaw/internal/evolution/engine.go:658.27,660.3 1 0
github.com/clawinfra/evoclaw/internal/evolution/engine.go:666.2,666.72 1 1
github.com/clawinfra/evoclaw/internal/evolution/engine.go:666.72,675.3 2 0
github.com/clawinfra/evoclaw/internal/evolution/engine.go:677.2,677.14 1 1
github.com/clawinfra/evoclaw/internal/evolution/engine.go:681.75,683.16 2 1
github.com/clawinfra/evoclaw/internal/evolution/engine.go:683.16,685.3 1 1
github.com/clawinfra/evoclaw/internal/evolution/engine.go:687.2,688.26 2 1
github.com/clawinfra/evoclaw/internal/evolution/engine.go:688.26,690.3 1 0
github.com/clawinfra/evoclaw/internal/evolution/engine.go:695.2,696.41 2 1
github.com/clawinfra/evoclaw/internal/evolution/engine.go:696.41,697.67 1 0
github.com/clawinfra/evoclaw/internal/evolution/engine.go:697.67,699.9 2 0
github.com/clawinfra/evoclaw/internal/evolution/engine.go:703.2,703.20 1 1
github.com/clawinfra/evoclaw/internal/evolution/engine.go:703.20,710.3 2 1
github.com/clawinfra/evoclaw/internal/evolution/engine.go:712.2,712.14 1 0
github.com/clawinfra/evoclaw/internal/evolution/engine.go:716.89,718.16 2 1
github.com/clawinfra/evoclaw/internal/evolution/engine.go:718.16,720.3 1 1
github.com/clawinfra/evoclaw/internal/evolution/engine.go:723.2,725.38 3 1
github.com/clawinfra/evoclaw/internal/evolution/engine.go:725.38,726.20 1 1
github.com/clawinfra/evoclaw/internal/evolution/engine.go:726.20,729.4 2 1
github.com/clawinfra/evoclaw/internal/evolution/engine.go:732.2,732.23 1 1
github.com/clawinfra/evoclaw/internal/evolution/engine.go:732.23,734.3 1 0
github.com/clawinfra/evoclaw/internal/evolution/engine.go:736.2,752.25 5 1
github.com/clawinfra/evoclaw/internal/evolution/engine.go:768.107,780.32 4 1
github.com/clawinfra/evoclaw/internal/evolution/engine.go:780.32,782.3 1 1
github.com/clawinfra/evoclaw/internal/evolution/engine.go:784.2,787.36 2 1
github.com/clawinfra/evoclaw/internal/evolution/engine.go:787.36,789.3 1 1
github.com/clawinfra/evoclaw/internal/evolution/engine.go:791.2,797.12 2 1
github.com/clawinfra/evoclaw/internal/evolution/engine.go:801.69,806.28 4 1
github.com/clawinfra/evoclaw/internal/evolution/engine.go:806.28,813.3 1 1
github.com/clawinfra/evoclaw/internal/evolution/engine.go:816.2,821.34 5 1
github.com/clawinfra/evoclaw/internal/evolution/engine.go:821.34,822.44 1 1
github.com/clawinfra/evoclaw/internal/evolution/engine.go:822.44,824.4 1 1
github.com/clawinfra/evoclaw/internal/evolution/engine.go:825.3,825.30 1 1
github.com/clawinfra/evoclaw/internal/evolution/engine.go:825.30,827.4 1 1
github.com/clawinfra/evoclaw/internal/evolution/engine.go:828.3,828.46 1 1
github.com/clawinfra/evoclaw/internal/evolution/engine.go:828.46,830.4 1 1
github.com/clawinfra/evoclaw/internal/evolution/engine.go:833.2,838.3 1 1
github.com/clawinfra/evoclaw/internal/evolution/engine.go:842.60,865.2 4 1
github.com/clawinfra/evoclaw/internal/evolution/engine.go:868.90,870.78 1 1
github.com/clawinfra/evoclaw/internal/evolution/engine.go:870.78,872.3 1 0
github.com/clawinfra/evoclaw/internal/evolution/engine.go:872.8,872.21 1 1
github.com/clawinfra/evoclaw/internal/evolution/engine.go:872.21,874.3 1 0
github.com/clawinfra/evoclaw/internal/evolution/engine.go:876.2,880.16 4 1
github.com/clawinfra/evoclaw/internal/evolution/engine.go:880.16,882.3 1 1
github.com/clawinfra/evoclaw/internal/evolution/engine.go:885.2,888.58 2 1
github.com/clawinfra/evoclaw/internal/evolution/engine.go:888.58,890.3 1 0
github.com/clawinfra/evoclaw/internal/evolution/engine.go:893.2,896.45 2 1
github.com/clawinfra/evoclaw/internal/evolution/engine.go:896.45,897.16 1 1
github.com/clawinfra/evoclaw/internal/evolution/engine.go:897.16,900.4 1 1
github.com/clawinfra/evoclaw/internal/evolution/engine.go:900.9,903.43 2 0
github.com/clawinfra/evoclaw/internal/evolution/engine.go:903.43,905.5 1 0
github.com/clawinfra/evoclaw/internal/evolution/engine.go:910.2,910.50 1 1
github.com/clawinfra/evoclaw/internal/evolution/engine.go:910.50,911.16 1 1
github.com/clawinfra/evoclaw/internal/evolution/engine.go:911.16,913.4 1 0
github.com/clawinfra/evoclaw/internal/evolution/engine.go:913.9,915.39 2 1
github.com/clawinfra/evoclaw/internal/evolution/engine.go:915.39,917.5 1 0
github.com/clawinfra/evoclaw/internal/evolution/engine.go:922.2,922.49 1 1
github.com/clawinfra/evoclaw/internal/evolution/engine.go:922.49,923.16 1 1
github.com/clawinfra/evoclaw/internal/evolution/engine.go:923.16,925.4 1 1
github.com/clawinfra/evoclaw/internal/evolution/engine.go:925.9,927.38 2 0
github.com/clawinfra/evoclaw/internal/evolution/engine.go:927.38,929.5 1 0
github.com/clawinfra/evoclaw/internal/evolution/engine.go:934.2,938.28 4 1
github.com/clawinfra/evoclaw/internal/evolution/engine.go:938.28,940.32 1 0
github.com/clawinfra/evoclaw/internal/evolution/engine.go:940.32,941.29 1 0
github.com/clawinfra/evoclaw/internal/evolution/engine.go:941.29,949.10 3 0
github.com/clawinfra/evoclaw/internal/evolution/engine.go:954.2,954.62 1 1
github.com/clawinfra/evoclaw/internal/evolution/engine.go:954.62,956.3 1 0
github.com/clawinfra/evoclaw/internal/evolution/engine.go:958.2,966.12 2 1
github.com/clawinfra/evoclaw/internal/evolution/engine.go:975.102,977.16 2 1
github.com/clawinfra/evoclaw/internal/evolution/engine.go:977.16,979.3 1 0
github.com/clawinfra/evoclaw/internal/evolution/engine.go:981.2,982.9 2 1
github.com/clawinfra/evoclaw/internal/evolution/engine.go:982.9,984.3 1 1
github.com/clawinfra/evoclaw/internal/evolution/engine.go:986.2,994.14 6 1
github.com/clawinfra/evoclaw/internal/evolution/engine.go:994.14,995.52 1 1
github.com/clawinfra/evoclaw/internal/evolution/engine.go:995.52,997.4 1 0
github.com/clawinfra/evoclaw/internal/evolution/engine.go:1000.2,1008.22 2 1
github.com/clawinfra/evoclaw/internal/evolution/engine.go:1017.58,1022.9 4 1
github.com/clawinfra/evoclaw/internal/evolution/engine.go:1022.9,1024.3 1 1
github.com/clawinfra/evoclaw/internal/evolution/engine.go:1025.2,1025.27 1 1
github.com/clawinfra/evoclaw/internal/evolution/engine.go:1030.71,1031.24 1 1
github.com/clawinfra/evoclaw/internal/evolution/engine.go:1031.24,1033.3 1 1
github.com/clawinfra/evoclaw/internal/evolution/engine.go:1034.2,1034.51 1 1
github.com/clawinfra/evoclaw/internal/evolution/engine.go:1038.88,1043.21 4 1
github.com/clawinfra/evoclaw/internal/evolution/engine.go:1043.21,1045.3 1 1
github.com/clawinfra/evoclaw/internal/evolution/engine.go:1047.2,1047.22 1 1
github.com/clawinfra/evoclaw/internal/evolution/firewall.go:33.45,41.2 1 1
github.com/clawinfra/evoclaw/internal/evolution/firewall.go:57.66,62.2 1 1
github.com/clawinfra/evoclaw/internal/evolution/firewall.go:65.67,73.9 6 1
github.com/clawinfra/evoclaw/internal/evolution/firewall.go:73.9,76.3 2 1
github.com/clawinfra/evoclaw/internal/evolution/firewall.go:79.2,80.35 2 1
github.com/clawinfra/evoclaw/internal/evolution/firewall.go:80.35,81.22 1 1
github.com/clawinfra/evoclaw/internal/evolution/firewall.go:81.22,83.4 1 1
github.com/clawinfra/evoclaw/internal/evolution/firewall.go:85.2,87.42 2 1
github.com/clawinfra/evoclaw/internal/evolution/firewall.go:87.42,89.3 1 1
github.com/clawinfra/evoclaw/internal/evolution/firewall.go:91.2,92.13 2 1
github.com/clawinfra/evoclaw/internal/evolution/firewall.go:96.62,102.16 5 1
github.com/clawinfra/evoclaw/internal/evolution/firewall.go:102.16,104.3 1 1
github.com/clawinfra/evoclaw/internal/evolution/firewall.go:106.2,107.35 2 1
github.com/clawinfra/evoclaw/internal/evolution/firewall.go:107.35,108.22 1 1
github.com/clawinfra/evoclaw/internal/evolution/firewall.go:108.22,110.4 1 1
github.com/clawinfra/evoclaw/internal/evolution/firewall.go:112.2,113.13 2 1
github.com/clawinfra/evoclaw/internal/evolution/firewall.go:113.13,115.3 1 0
github.com/clawinfra/evoclaw/internal/evolution/firewall.go:116.2,116.12 1 1
github.com/clawinfra/evoclaw/internal/evolution/firewall.go:136.94,142.2 1 1
github.com/clawinfra/evoclaw/internal/evolution/firewall.go:145.78,150.9 4 1
github.com/clawinfra/evoclaw/internal/evolution/firewall.go:150.9,152.3 1 1
github.com/clawinfra/evoclaw/internal/evolution/firewall.go:154.2,154.18 1 1
github.com/clawinfra/evoclaw/internal/evolution/firewall.go:155.21,156.32 1 1
github.com/clawinfra/evoclaw/internal/evolution/firewall.go:157.19,158.45 1 1
github.com/clawinfra/evoclaw/internal/evolution/firewall.go:158.45,161.4 2 1
github.com/clawinfra/evoclaw/internal/evolution/firewall.go:162.3,162.87 1 1
github.com/clawinfra/evoclaw/internal/evolution/firewall.go:163.23,164.51 1 0
github.com/clawinfra/evoclaw/internal/evolution/firewall.go:166.2,166.17 1 0
github.com/clawinfra/evoclaw/internal/evolution/firewall.go:170.103,175.9 4 1
github.com/clawinfra/evoclaw/internal/evolution/firewall.go:175.9,178.3 2 1
github.com/clawinfra/evoclaw/internal/evolution/firewall.go:180.2,182.21 2 1
github.com/clawinfra/evoclaw/internal/evolution/firewall.go:182.21,184.3 1 0
github.com/clawinfra/evoclaw/internal/evolution/firewall.go:186.2,187.32 2 1
github.com/clawinfra/evoclaw/internal/evolution/firewall.go:187.32,191.3 3 1
github.com/clawinfra/evoclaw/internal/evolution/firewall.go:194.2,194.33 1 1
github.com/clawinfra/evoclaw/internal/evolution/firewall.go:194.33,195.31 1 1
github.com/clawinfra/evoclaw/internal/evolution/firewall.go:195.31,197.4 1 1
github.com/clawinfra/evoclaw/internal/evolution/firewall.go:197.9,201.4 3 0
github.com/clawinfra/evoclaw/internal/evolution/firewall.go:204.2,204.14 1 1
github.com/clawinfra/evoclaw/internal/evolution/firewall.go:208.72,212.15 4 1
github.com/clawinfra/evoclaw/internal/evolution/firewall.go:212.15,214.3 1 1
github.com/clawinfra/evoclaw/internal/evolution/firewall.go:216.2,216.71 1 1
github.com/clawinfra/evoclaw/internal/evolution/firewall.go:216.71,218.3 1 0
github.com/clawinfra/evoclaw/internal/evolution/firewall.go:219.2,219.17 1 1
github.com/clawinfra/evoclaw/internal/evolution/firewall.go:223.49,227.2 3 1
github.com/clawinfra/evoclaw/internal/evolution/firewall.go:243.53,245.32 2 1
github.com/clawinfra/evoclaw/internal/evolution/firewall.go:245.32,247.3 1 1
github.com/clawinfra/evoclaw/internal/evolution/firewall.go:250.52,251.28 1 1
github.com/clawinfra/evoclaw/internal/evolution/firewall.go:251.28,253.3 1 0
github.com/clawinfra/evoclaw/internal/evolution/firewall.go:254.2,254.43 1 1
github.com/clawinfra/evoclaw/internal/evolution/firewall.go:265.56,270.2 1 1
github.com/clawinfra/evoclaw/internal/evolution/firewall.go:273.101,274.19 1 1
github.com/clawinfra/evoclaw/internal/evolution/firewall.go:274.19,276.3 1 0
github.com/clawinfra/evoclaw/internal/evolution/firewall.go:279.2,280.16 2 1
github.com/clawinfra/evoclaw/internal/evolution/firewall.go:280.16,282.3 1 0
github.com/clawinfra/evoclaw/internal/evolution/firewall.go:283.2,284.54 2 1
github.com/clawinfra/evoclaw/internal/evolution/firewall.go:284.54,286.3 1 0
github.com/clawinfra/evoclaw/internal/evolution/firewall.go:288.2,292.9 4 1
github.com/clawinfra/evoclaw/internal/evolution/firewall.go:292.9,295.3 2 1
github.com/clawinfra/evoclaw/internal/evolution/firewall.go:297.2,303.12 2 1
github.com/clawinfra/evoclaw/internal/evolution/firewall.go:307.75,312.35 4 1
github.com/clawinfra/evoclaw/internal/evolution/firewall.go:312.35,314.3 1 1
github.com/clawinfra/evoclaw/internal/evolution/firewall.go:316.2,317.17 2 1
github.com/clawinfra/evoclaw/internal/evolution/firewall.go:317.17,319.3 1 0
github.com/clawinfra/evoclaw/internal/evolution/firewall.go:321.2,321.25 1 1
github.com/clawinfra/evoclaw/internal/evolution/firewall.go:325.69,329.15 4 1
github.com/clawinfra/evoclaw/internal/evolution/firewall.go:329.15,331.3 1 1
github.com/clawinfra/evoclaw/internal/evolution/firewall.go:332.2,333.17 2 1
github.com/clawinfra/evoclaw/internal/evolution/firewall.go:333.17,335.3 1 0
github.com/clawinfra/evoclaw/internal/evolution/firewall.go:336.2,336.23 1 1
github.com/clawinfra/evoclaw/internal/evolution/firewall.go:340.60,344.15 4 1
github.com/clawinfra/evoclaw/internal/evolution/firewall.go:344.15,346.3 1 1
github.com/clawinfra/evoclaw/internal/evolution/firewall.go:347.2,347.26 1 1
github.com/clawinfra/evoclaw/internal/evolution/firewall.go:351.49,356.16 4 0
github.com/clawinfra/evoclaw/internal/evolution/firewall.go:356.16,358.3 1 0
github.com/clawinfra/evoclaw/internal/evolution/firewall.go:359.2,359.80 1 0
github.com/clawinfra/evoclaw/internal/evolution/firewall.go:363.49,368.16 4 1
github.com/clawinfra/evoclaw/internal/evolution/firewall.go:368.16,369.25 1 1
github.com/clawinfra/evoclaw/internal/evolution/firewall.go:369.25,371.4 1 1
github.com/clawinfra/evoclaw/internal/evolution/firewall.go:372.3,372.13 1 0
github.com/clawinfra/evoclaw/internal/evolution/firewall.go:375.2,376.54 2 0
github.com/clawinfra/evoclaw/internal/evolution/firewall.go:376.54,378.3 1 0
github.com/clawinfra/evoclaw/internal/evolution/firewall.go:379.2,379.28 1 0
github.com/clawinfra/evoclaw/internal/evolution/firewall.go:379.28,381.3 1 0
github.com/clawinfra/evoclaw/internal/evolution/firewall.go:382.2,383.12 2 0
github.com/clawinfra/evoclaw/internal/evolution/firewall.go:407.66,414.2 1 1
github.com/clawinfra/evoclaw/internal/evolution/firewall.go:418.85,419.24 1 1
github.com/clawinfra/evoclaw/internal/evolution/firewall.go:419.24,421.3 1 1
github.com/clawinfra/evoclaw/internal/evolution/firewall.go:424.2,425.14 2 1
github.com/clawinfra/evoclaw/internal/evolution/firewall.go:425.14,427.3 1 1
github.com/clawinfra/evoclaw/internal/evolution/firewall.go:430.2,430.40 1 1
github.com/clawinfra/evoclaw/internal/evolution/firewall.go:430.40,432.3 1 1
github.com/clawinfra/evoclaw/internal/evolution/firewall.go:434.2,434.26 1 1
github.com/clawinfra/evoclaw/internal/evolution/firewall.go:438.102,439.24 1 1
github.com/clawinfra/evoclaw/internal/evolution/firewall.go:439.24,441.3 1 1
github.com/clawinfra/evoclaw/internal/evolution/firewall.go:443.2,444.13 2 1
github.com/clawinfra/evoclaw/internal/evolution/firewall.go:444.13,448.3 1 1
github.com/clawinfra/evoclaw/internal/evolution/firewall.go:449.2,449.12 1 1
github.com/clawinfra/evoclaw/internal/evolution/firewall.go:453.79,462.17 3 1
github.com/clawinfra/evoclaw/internal/evolution/firewall.go:462.17,464.3 1 1
github.com/clawinfra/evoclaw/internal/evolution/firewall.go:465.2,465.15 1 1
github.com/clawinfra/evoclaw/internal/models/anthropic.go:62.73,64.19 2 1
github.com/clawinfra/evoclaw/internal/models/anthropic.go:64.19,66.3 1 0
github.com/clawinfra/evoclaw/internal/models/anthropic.go:67.2,74.3 1 1
github.com/clawinfra/evoclaw/internal/models/anthropic.go:77.43,78.18 1 1
github.com/clawinfra/evoclaw/internal/models/anthropic.go:78.18,80.3 1 0
github.com/clawinfra/evoclaw/internal/models/anthropic.go:81.2,81.20 1 1
github.com/clawinfra/evoclaw/internal/models/anthropic.go:85.50,87.2 1 0
github.com/clawinfra/evoclaw/internal/models/anthropic.go:89.53,89.72 1 1
github.com/clawinfra/evoclaw/internal/models/anthropic.go:91.121,94.33 2 1
github.com/clawinfra/evoclaw/internal/models/anthropic.go:94.33,99.3 1 1
github.com/clawinfra/evoclaw/internal/models/anthropic.go:101.2,102.20 2 1
github.com/clawinfra/evoclaw/internal/models/anthropic.go:102.20,104.3 1 1
github.com/clawinfra/evoclaw/internal/models/anthropic.go:106.2,114.16 3 1
github.com/clawinfra/evoclaw/internal/models/anthropic.go:114.16,116.3 1 0
github.com/clawinfra/evoclaw/internal/models/anthropic.go:118.2,119.16 2 1
github.com/clawinfra/evoclaw/internal/models/anthropic.go:119.16,121.3 1 0
github.com/clawinfra/evoclaw/internal/models/anthropic.go:123.2,128.16 5 1
github.com/clawinfra/evoclaw/internal/models/anthropic.go:128.16,130.3 1 0
github.com/clawinfra/evoclaw/internal/models/anthropic.go:131.2,134.16 3 1
github.com/clawinfra/evoclaw/internal/models/anthropic.go:134.16,136.3 1 0
github.com/clawinfra/evoclaw/internal/models/anthropic.go:138.2,138.28 1 1
github.com/clawinfra/evoclaw/internal/models/anthropic.go:138.28,140.59 2 1
github.com/clawinfra/evoclaw/internal/models/anthropic.go:140.59,142.4 1 0
github.com/clawinfra/evoclaw/internal/models/anthropic.go:143.3,144.61 1 1
github.com/clawinfra/evoclaw/internal/models/anthropic.go:147.2,148.59 2 1
github.com/clawinfra/evoclaw/internal/models/anthropic.go:148.59,150.3 1 0
github.com/clawinfra/evoclaw/internal/models/anthropic.go:152.2,153.36 2 1
github.com/clawinfra/evoclaw/internal/models/anthropic.go:153.36,154.23 1 1
github.com/clawinfra/evoclaw/internal/models/anthropic.go:154.23,156.4 1 1
github.com/clawinfra/evoclaw/internal/models/anthropic.go:159.2,165.8 1 1
github.com/clawinfra/evoclaw/internal/models/ollama.go:51.67,53.19 2 1
github.com/clawinfra/evoclaw/internal/models/ollama.go:53.19,55.3 1 1
github.com/clawinfra/evoclaw/internal/models/ollama.go:56.2,62.3 1 1
github.com/clawinfra/evoclaw/internal/models/ollama.go:65.40,65.59 1 1
github.com/clawinfra/evoclaw/internal/models/ollama.go:67.50,67.69 1 1
github.com/clawinfra/evoclaw/internal/models/ollama.go:69.118,73.28 2 1
github.com/clawinfra/evoclaw/internal/models/ollama.go:73.28,78.3 1 1
github.com/clawinfra/evoclaw/internal/models/ollama.go:80.2,80.33 1 1
github.com/clawinfra/evoclaw/internal/models/ollama.go:80.33,85.3 1 1
github.com/clawinfra/evoclaw/internal/models/ollama.go:87.2,98.16 3 1
github.com/clawinfra/evoclaw/internal/models/ollama.go:98.16,100.3 1 0
github.com/clawinfra/evoclaw/internal/models/ollama.go:102.2,103.16 2 1
github.com/clawinfra/evoclaw/internal/models/ollama.go:103.16,105.3 1 0
github.com/clawinfra/evoclaw/internal/models/ollama.go:106.2,109.16 3 1
github.com/clawinfra/evoclaw/internal/models/ollama.go:109.16,111.3 1 0
github.com/clawinfra/evoclaw/internal/models/ollama.go:112.2,115.16 3 1
github.com/clawinfra/evoclaw/internal/models/ollama.go:115.16,117.3 1 0
github.com/clawinfra/evoclaw/internal/models/ollama.go:119.2,119.28 1 1
github.com/clawinfra/evoclaw/internal/models/ollama.go:119.28,121.3 1 1
github.com/clawinfra/evoclaw/internal/models/ollama.go:123.2,124.59 2 1
github.com/clawinfra/evoclaw/internal/models/ollama.go:124.59,126.3 1 0
github.com/clawinfra/evoclaw/internal/models/ollama.go:128.2,134.8 1 1
github.com/clawinfra/evoclaw/internal/models/openai.go:65.80,67.19 2 1
github.com/clawinfra/evoclaw/internal/models/openai.go:67.19,69.3 1 0
github.com/clawinfra/evoclaw/internal/models/openai.go:70.2,78.3 1 1
github.com/clawinfra/evoclaw/internal/models/openai.go:81.40,81.57 1 1
github.com/clawinfra/evoclaw/internal/models/openai.go:83.50,83.69 1 1
github.com/clawinfra/evoclaw/internal/models/openai.go:85.118,90.28 2 1
github.com/clawinfra/evoclaw/internal/models/openai.go:90.28,95.3 1 1
github.com/clawinfra/evoclaw/internal/models/openai.go:97.2,97.33 1 1
github.com/clawinfra/evoclaw/internal/models/openai.go:97.33,102.3 1 1
github.com/clawinfra/evoclaw/internal/models/openai.go:104.2,113.16 3 1
github.com/clawinfra/evoclaw/internal/models/openai.go:113.16,115.3 1 0
github.com/clawinfra/evoclaw/internal/models/openai.go:117.2,118.16 2 1
github.com/clawinfra/evoclaw/internal/models/openai.go:118.16,120.3 1 0
github.com/clawinfra/evoclaw/internal/models/openai.go:122.2,126.16 4 1
github.com/clawinfra/evoclaw/internal/models/openai.go:126.16,128.3 1 0
github.com/clawinfra/evoclaw/internal/models/openai.go:129.2,132.16 3 1
github.com/clawinfra/evoclaw/internal/models/openai.go:132.16,134.3 1 0
github.com/clawinfra/evoclaw/internal/models/openai.go:136.2,136.28 1 1
github.com/clawinfra/evoclaw/internal/models/openai.go:136.28,138.59 2 1
github.com/clawinfra/evoclaw/internal/models/openai.go:138.59,140.4 1 0
github.com/clawinfra/evoclaw/internal/models/openai.go:141.3,142.61 1 1
github.com/clawinfra/evoclaw/internal/models/openai.go:145.2,146.59 2 1
github.com/clawinfra/evoclaw/internal/models/openai.go:146.59,148.3 1 0
github.com/clawinfra/evoclaw/internal/models/openai.go:150.2,150.31 1 1
github.com/clawinfra/evoclaw/internal/models/openai.go:150.31,152.3 1 0
github.com/clawinfra/evoclaw/internal/models/openai.go:154.2,162.8 2 1
github.com/clawinfra/evoclaw/internal/models/router.go:47.45,56.2 1 1
github.com/clawinfra/evoclaw/internal/models/router.go:59.65,67.35 5 1
github.com/clawinfra/evoclaw/internal/models/router.go:67.35,80.3 3 1
github.com/clawinfra/evoclaw/internal/models/router.go:82.2,85.3 1 1
github.com/clawinfra/evoclaw/internal/models/router.go:89.145,92.16 2 1
github.com/clawinfra/evoclaw/internal/models/router.go:92.16,94.3 1 1
github.com/clawinfra/evoclaw/internal/models/router.go:96.2,103.35 2 1
github.com/clawinfra/evoclaw/internal/models/router.go:103.35,106.19 3 1
github.com/clawinfra/evoclaw/internal/models/router.go:106.19,108.4 1 1
github.com/clawinfra/evoclaw/internal/models/router.go:109.3,109.69 1 1
github.com/clawinfra/evoclaw/internal/models/router.go:113.2,113.69 1 1
github.com/clawinfra/evoclaw/internal/models/router.go:117.132,120.16 2 1
github.com/clawinfra/evoclaw/internal/models/router.go:120.16,122.3 1 1
github.com/clawinfra/evoclaw/internal/models/router.go:125.2,132.9 5 1
github.com/clawinfra/evoclaw/internal/models/router.go:132.9,134.3 1 0
github.com/clawinfra/evoclaw/internal/models/router.go:137.2,138.16 2 1
github.com/clawinfra/evoclaw/internal/models/router.go:138.16,140.3 1 1
github.com/clawinfra/evoclaw/internal/models/router.go:143.2,145.18 2 1
github.com/clawinfra/evoclaw/internal/models/router.go:149.91,151.21 2 1
github.com/clawinfra/evoclaw/internal/models/router.go:151.21,153.3 1 1
github.com/clawinfra/evoclaw/internal/models/router.go:155.2,162.9 6 1
github.com/clawinfra/evoclaw/internal/models/router.go:162.9,164.3 1 1
github.com/clawinfra/evoclaw/internal/models/router.go:166.2,166.33 1 1
github.com/clawinfra/evoclaw/internal/models/router.go:170.100,175.9 4 1
github.com/clawinfra/evoclaw/internal/models/router.go:175.9,178.3 2 1
github.com/clawinfra/evoclaw/internal/models/router.go:180.2,195.3 7 1
github.com/clawinfra/evoclaw/internal/models/router.go:199.53,204.9 4 1
github.com/clawinfra/evoclaw/internal/models/router.go:204.9,206.3 1 1
github.com/clawinfra/evoclaw/internal/models/router.go:209.2,214.3 1 1
github.com/clawinfra/evoclaw/internal/models/router.go:218.54,223.38 4 1
github.com/clawinfra/evoclaw/internal/models/router.go:223.38,230.3 1 1
github.com/clawinfra/evoclaw/internal/models/router.go:231.2,231.15 1 1
github.com/clawinfra/evoclaw/internal/models/router.go:235.63,240.9 4 1
github.com/clawinfra/evoclaw/internal/models/router.go:240.9,242.3 1 1
github.com/clawinfra/evoclaw/internal/models/router.go:244.2,244.18 1 1
github.com/clawinfra/evoclaw/internal/models/router.go:248.44,253.32 4 1
github.com/clawinfra/evoclaw/internal/models/router.go:253.32,255.3 1 1
github.com/clawinfra/evoclaw/internal/models/router.go:256.2,256.15 1 1
github.com/clawinfra/evoclaw/internal/models/router.go:260.85,261.20 1 1
github.com/clawinfra/evoclaw/internal/models/router.go:262.16,263.24 1 1
github.com/clawinfra/evoclaw/internal/models/router.go:264.17,265.25 1 1
github.com/clawinfra/evoclaw/internal/models/router.go:266.18,267.26 1 1
github.com/clawinfra/evoclaw/internal/models/router.go:268.10,269.25 1 1
github.com/clawinfra/evoclaw/internal/onchain/adapter.go:36.37,37.12 1 1
github.com/clawinfra/evoclaw/internal/onchain/adapter.go:38.17,39.16 1 1
github.com/clawinfra/evoclaw/internal/onchain/adapter.go:40.22,41.21 1 1
github.com/clawinfra/evoclaw/internal/onchain/adapter.go:42.10,43.19 1 1
github.com/clawinfra/evoclaw/internal/onchain/adapter.go:130.59,135.2 1 1
github.com/clawinfra/evoclaw/internal/onchain/adapter.go:139.56,146.38 5 1
github.com/clawinfra/evoclaw/internal/onchain/adapter.go:146.38,149.3 2 1
github.com/clawinfra/evoclaw/internal/onchain/adapter.go:149.8,151.3 1 1
github.com/clawinfra/evoclaw/internal/onchain/adapter.go:155.67,160.9 4 1
github.com/clawinfra/evoclaw/internal/onchain/adapter.go:160.9,162.3 1 1
github.com/clawinfra/evoclaw/internal/onchain/adapter.go:163.2,163.21 1 1
github.com/clawinfra/evoclaw/internal/onchain/adapter.go:168.48,172.20 3 1
github.com/clawinfra/evoclaw/internal/onchain/adapter.go:172.20,174.3 1 1
github.com/clawinfra/evoclaw/internal/onchain/adapter.go:175.2,175.29 1 1
github.com/clawinfra/evoclaw/internal/onchain/adapter.go:179.47,184.29 4 1
github.com/clawinfra/evoclaw/internal/onchain/adapter.go:184.29,186.3 1 1
github.com/clawinfra/evoclaw/internal/onchain/adapter.go:187.2,187.15 1 1
github.com/clawinfra/evoclaw/internal/onchain/adapter.go:191.63,195.38 3 1
github.com/clawinfra/evoclaw/internal/onchain/adapter.go:195.38,196.46 1 1
github.com/clawinfra/evoclaw/internal/onchain/adapter.go:196.46,199.4 2 0
github.com/clawinfra/evoclaw/internal/onchain/adapter.go:200.3,200.48 1 1
github.com/clawinfra/evoclaw/internal/onchain/adapter.go:202.2,202.12 1 1
github.com/clawinfra/evoclaw/internal/onchain/adapter.go:206.36,210.38 3 1
github.com/clawinfra/evoclaw/internal/onchain/adapter.go:210.38,211.41 1 1
github.com/clawinfra/evoclaw/internal/onchain/adapter.go:211.41,213.4 1 0
github.com/clawinfra/evoclaw/internal/onchain/adapter.go:227.86,232.2 1 1
github.com/clawinfra/evoclaw/internal/onchain/adapter.go:243.30,246.16 2 1
github.com/clawinfra/evoclaw/internal/onchain/adapter.go:246.16,248.3 1 1
github.com/clawinfra/evoclaw/internal/onchain/adapter.go:251.2,252.16 2 1
github.com/clawinfra/evoclaw/internal/onchain/adapter.go:252.16,261.3 2 1
github.com/clawinfra/evoclaw/internal/onchain/adapter.go:263.2,271.22 3 1
github.com/clawinfra/evoclaw/internal/onchain/adapter.go:271.22,283.23 3 1
github.com/clawinfra/evoclaw/internal/onchain/adapter.go:283.23,287.4 1 0
github.com/clawinfra/evoclaw/internal/onchain/adapter.go:287.9,292.4 1 1
github.com/clawinfra/evoclaw/internal/onchain/adapter.go:295.2,295.20 1 1
github.com/clawinfra/evoclaw/internal/onchain/adapter.go:299.86,301.22 2 1
github.com/clawinfra/evoclaw/internal/onchain/adapter.go:301.22,304.3 2 1
github.com/clawinfra/evoclaw/internal/onchain/adapter.go:306.2,307.12 2 1
github.com/clawinfra/evoclaw/internal/onchain/bsc.go:58.72,59.22 1 1
github.com/clawinfra/evoclaw/internal/onchain/bsc.go:59.22,61.3 1 1
github.com/clawinfra/evoclaw/internal/onchain/bsc.go:62.2,62.22 1 1
github.com/clawinfra/evoclaw/internal/onchain/bsc.go:62.22,64.3 1 1
github.com/clawinfra/evoclaw/internal/onchain/bsc.go:66.2,77.26 2 1
github.com/clawinfra/evoclaw/internal/onchain/bsc.go:77.26,80.17 3 1
github.com/clawinfra/evoclaw/internal/onchain/bsc.go:80.17,82.4 1 1
github.com/clawinfra/evoclaw/internal/onchain/bsc.go:83.3,84.64 2 1
github.com/clawinfra/evoclaw/internal/onchain/bsc.go:87.2,93.20 2 1
github.com/clawinfra/evoclaw/internal/onchain/bsc.go:104.19,114.2 3 1
github.com/clawinfra/evoclaw/internal/onchain/bsc.go:117.72,121.16 3 1
github.com/clawinfra/evoclaw/internal/onchain/bsc.go:121.16,123.3 1 1
github.com/clawinfra/evoclaw/internal/onchain/bsc.go:125.2,125.23 1 1
github.com/clawinfra/evoclaw/internal/onchain/bsc.go:125.23,128.3 2 1
github.com/clawinfra/evoclaw/internal/onchain/bsc.go:130.2,130.15 1 0
github.com/clawinfra/evoclaw/internal/onchain/bsc.go:154.90,168.16 4 1
github.com/clawinfra/evoclaw/internal/onchain/bsc.go:168.16,170.3 1 0
github.com/clawinfra/evoclaw/internal/onchain/bsc.go:172.2,173.16 2 1
github.com/clawinfra/evoclaw/internal/onchain/bsc.go:173.16,175.3 1 0
github.com/clawinfra/evoclaw/internal/onchain/bsc.go:176.2,179.16 3 1
github.com/clawinfra/evoclaw/internal/onchain/bsc.go:179.16,181.3 1 0
github.com/clawinfra/evoclaw/internal/onchain/bsc.go:182.2,185.16 3 1
github.com/clawinfra/evoclaw/internal/onchain/bsc.go:185.16,187.3 1 0
github.com/clawinfra/evoclaw/internal/onchain/bsc.go:189.2,190.59 2 1
github.com/clawinfra/evoclaw/internal/onchain/bsc.go:190.59,192.3 1 0
github.com/clawinfra/evoclaw/internal/onchain/bsc.go:194.2,194.26 1 1
github.com/clawinfra/evoclaw/internal/onchain/bsc.go:194.26,196.3 1 1
github.com/clawinfra/evoclaw/internal/onchain/bsc.go:199.2,200.67 2 1
github.com/clawinfra/evoclaw/internal/onchain/bsc.go:200.67,202.3 1 0
github.com/clawinfra/evoclaw/internal/onchain/bsc.go:204.2,205.36 2 1
github.com/clawinfra/evoclaw/internal/onchain/bsc.go:210.48,213.2 2 1
github.com/clawinfra/evoclaw/internal/onchain/bsc.go:215.35,219.2 3 1
github.com/clawinfra/evoclaw/internal/onchain/bsc.go:221.34,222.18 1 1
github.com/clawinfra/evoclaw/internal/onchain/bsc.go:222.18,224.3 1 1
github.com/clawinfra/evoclaw/internal/onchain/bsc.go:225.2,227.15 3 1
github.com/clawinfra/evoclaw/internal/onchain/bsc.go:235.38,236.27 1 1
github.com/clawinfra/evoclaw/internal/onchain/bsc.go:237.10,238.15 1 1
github.com/clawinfra/evoclaw/internal/onchain/bsc.go:239.10,240.23 1 1
github.com/clawinfra/evoclaw/internal/onchain/bsc.go:241.11,242.17 1 1
github.com/clawinfra/evoclaw/internal/onchain/bsc.go:243.12,244.25 1 1
[...]
github.com/clawinfra/evoclaw/internal/memory/warm.go:134.2,134.22 1 1
github.com/clawinfra/evoclaw/internal/memory/warm.go:134.22,136.3 1 1
github.com/clawinfra/evoclaw/internal/memory/warm.go:138.2,138.16 1 1
github.com/clawinfra/evoclaw/internal/memory/warm.go:142.46,146.41 3 1
github.com/clawinfra/evoclaw/internal/memory/warm.go:146.41,148.3 1 0
github.com/clawinfra/evoclaw/internal/memory/warm.go:150.2,151.12 2 1
github.com/clawinfra/evoclaw/internal/memory/warm.go:155.44,160.34 4 1
github.com/clawinfra/evoclaw/internal/memory/warm.go:160.34,162.3 1 1
github.com/clawinfra/evoclaw/internal/memory/warm.go:164.2,164.16 1 1
github.com/clawinfra/evoclaw/internal/memory/warm.go:169.50,175.35 4 1
github.com/clawinfra/evoclaw/internal/memory/warm.go:175.35,179.84 3 1
github.com/clawinfra/evoclaw/internal/memory/warm.go:179.84,182.4 2 1
github.com/clawinfra/evoclaw/internal/memory/warm.go:185.2,185.16 1 1
github.com/clawinfra/evoclaw/internal/memory/warm.go:189.74,197.34 3 1
github.com/clawinfra/evoclaw/internal/memory/warm.go:197.34,200.3 2 1
github.com/clawinfra/evoclaw/internal/memory/warm.go:203.2,203.42 1 1
github.com/clawinfra/evoclaw/internal/memory/warm.go:203.42,205.3 1 1
github.com/clawinfra/evoclaw/internal/memory/warm.go:208.2,209.29 2 1
github.com/clawinfra/evoclaw/internal/memory/warm.go:209.29,210.32 1 1
github.com/clawinfra/evoclaw/internal/memory/warm.go:210.32,211.9 1 1
github.com/clawinfra/evoclaw/internal/memory/warm.go:214.3,216.26 3 1
github.com/clawinfra/evoclaw/internal/memory/warm.go:219.2,219.30 1 1
github.com/clawinfra/evoclaw/internal/memory/warm.go:219.30,221.3 1 1
github.com/clawinfra/evoclaw/internal/memory/warm.go:223.2,223.12 1 1
github.com/clawinfra/evoclaw/internal/memory/warm.go:227.63,234.2 1 1
github.com/clawinfra/evoclaw/internal/memory/warm.go:237.50,239.34 2 1
github.com/clawinfra/evoclaw/internal/memory/warm.go:239.34,241.3 1 1
github.com/clawinfra/evoclaw/internal/memory/warm.go:242.2,242.14 1 1
github.com/clawinfra/evoclaw/internal/memory/warm.go:246.62,249.16 2 1
github.com/clawinfra/evoclaw/internal/memory/warm.go:249.16,251.3 1 0
github.com/clawinfra/evoclaw/internal/memory/warm.go:252.2,252.18 1 1
github.com/clawinfra/evoclaw/internal/memory/warm.go:256.36,260.2 3 1
github.com/clawinfra/evoclaw/internal/memory/warm.go:263.34,267.2 3 1
github.com/clawinfra/evoclaw/internal/memory/warm.go:270.43,281.24 4 1
github.com/clawinfra/evoclaw/internal/memory/warm.go:281.24,282.35 1 1
github.com/clawinfra/evoclaw/internal/memory/warm.go:282.35,283.79 1 1
github.com/clawinfra/evoclaw/internal/memory/warm.go:283.79,285.5 1 1
github.com/clawinfra/evoclaw/internal/memory/warm.go:286.4,286.78 1 1
github.com/clawinfra/evoclaw/internal/memory/warm.go:286.78,288.5 1 1
github.com/clawinfra/evoclaw/internal/memory/warm.go:293.2,294.34 2 1
github.com/clawinfra/evoclaw/internal/memory/warm.go:294.34,296.3 1 1
github.com/clawinfra/evoclaw/internal/memory/warm.go:299.2,300.41 2 1
github.com/clawinfra/evoclaw/internal/memory/warm.go:300.41,302.3 1 1
github.com/clawinfra/evoclaw/internal/memory/warm.go:303.2,303.42 1 1
github.com/clawinfra/evoclaw/internal/memory/warm.go:303.42,305.3 1 0
github.com/clawinfra/evoclaw/internal/memory/warm.go:307.2,309.14 2 1
github.com/clawinfra/evoclaw/internal/memory/warm.go:329.74,334.34 4 1
github.com/clawinfra/evoclaw/internal/memory/warm.go:334.34,335.36 1 1
github.com/clawinfra/evoclaw/internal/memory/warm.go:335.36,338.4 2 1
github.com/clawinfra/evoclaw/internal/memory/warm.go:341.2,341.16 1 1
github.com/clawinfra/evoclaw/internal/memory/warm.go:345.50,350.2 3 1
github.com/clawinfra/evoclaw/internal/memory/warm.go:353.53,358.55 4 1
github.com/clawinfra/evoclaw/internal/memory/warm.go:358.55,360.3 1 0
github.com/clawinfra/evoclaw/internal/memory/warm.go:362.2,363.12 2 1
github.com/clawinfra/evoclaw/internal/memory/warm.go:367.30,371.2 3 1
github.com/clawinfra/evoclaw/internal/orchestrator/orchestrator.go:132.65,145.2 2 1
github.com/clawinfra/evoclaw/internal/orchestrator/orchestrator.go:148.52,153.2 4 1
github.com/clawinfra/evoclaw/internal/orchestrator/orchestrator.go:156.58,161.2 4 1
github.com/clawinfra/evoclaw/internal/orchestrator/orchestrator.go:164.62,169.2 4 1
github.com/clawinfra/evoclaw/internal/orchestrator/orchestrator.go:172.38,180.35 2 1
github.com/clawinfra/evoclaw/internal/orchestrator/orchestrator.go:180.35,182.41 2 1
github.com/clawinfra/evoclaw/internal/orchestrator/orchestrator.go:182.41,184.4 1 1
github.com/clawinfra/evoclaw/internal/orchestrator/orchestrator.go:188.2,188.35 1 1
github.com/clawinfra/evoclaw/internal/orchestrator/orchestrator.go:188.35,199.3 2 1
github.com/clawinfra/evoclaw/internal/orchestrator/orchestrator.go:202.2,206.32 3 1
github.com/clawinfra/evoclaw/internal/orchestrator/orchestrator.go:206.32,208.3 1 1
github.com/clawinfra/evoclaw/internal/orchestrator/orchestrator.go:211.2,211.29 1 1
github.com/clawinfra/evoclaw/internal/orchestrator/orchestrator.go:211.29,213.3 1 1
github.com/clawinfra/evoclaw/internal/orchestrator/orchestrator.go:216.2,216.27 1 1
github.com/clawinfra/evoclaw/internal/orchestrator/orchestrator.go:216.27,217.41 1 1
github.com/clawinfra/evoclaw/internal/orchestrator/orchestrator.go:217.41,219.4 1 1
github.com/clawinfra/evoclaw/internal/orchestrator/orchestrator.go:223.2,223.29 1 1
github.com/clawinfra/evoclaw/internal/orchestrator/orchestrator.go:223.29,224.43 1 1
github.com/clawinfra/evoclaw/internal/orchestrator/orchestrator.go:224.43,226.4 1 1
github.com/clawinfra/evoclaw/internal/orchestrator/orchestrator.go:230.2,230.26 1 1
github.com/clawinfra/evoclaw/internal/orchestrator/orchestrator.go:230.26,231.40 1 1
github.com/clawinfra/evoclaw/internal/orchestrator/orchestrator.go:231.40,233.4 1 1
github.com/clawinfra/evoclaw/internal/orchestrator/orchestrator.go:236.2,237.12 2 1
github.com/clawinfra/evoclaw/internal/orchestrator/orchestrator.go:241.46,243.16 2 1
github.com/clawinfra/evoclaw/internal/orchestrator/orchestrator.go:243.16,245.3 1 0
github.com/clawinfra/evoclaw/internal/orchestrator/orchestrator.go:248.2,248.46 1 1
github.com/clawinfra/evoclaw/internal/orchestrator/orchestrator.go:248.46,250.3 1 1
github.com/clawinfra/evoclaw/internal/orchestrator/orchestrator.go:253.2,253.41 1 0
github.com/clawinfra/evoclaw/internal/orchestrator/orchestrator.go:253.41,255.3 1 0
github.com/clawinfra/evoclaw/internal/orchestrator/orchestrator.go:257.2,263.12 3 0
github.com/clawinfra/evoclaw/internal/orchestrator/orchestrator.go:267.58,269.2 1 1
github.com/clawinfra/evoclaw/internal/orchestrator/orchestrator.go:272.52,274.2 1 1
github.com/clawinfra/evoclaw/internal/orchestrator/orchestrator.go:277.43,283.27 3 1
github.com/clawinfra/evoclaw/internal/orchestrator/orchestrator.go:283.27,286.3 2 1
github.com/clawinfra/evoclaw/internal/orchestrator/orchestrator.go:286.8,289.3 2 0
github.com/clawinfra/evoclaw/internal/orchestrator/orchestrator.go:290.2,293.41 2 1
github.com/clawinfra/evoclaw/internal/orchestrator/orchestrator.go:293.41,296.3 2 1
github.com/clawinfra/evoclaw/internal/orchestrator/orchestrator.go:296.8,296.46 1 0
github.com/clawinfra/evoclaw/internal/orchestrator/orchestrator.go:296.46,299.3 2 0
github.com/clawinfra/evoclaw/internal/orchestrator/orchestrator.go:299.8,301.3 1 0
github.com/clawinfra/evoclaw/internal/orchestrator/orchestrator.go:304.2,304.36 1 1
github.com/clawinfra/evoclaw/internal/orchestrator/orchestrator.go:304.36,306.3 1 0
github.com/clawinfra/evoclaw/internal/orchestrator/orchestrator.go:307.2,307.36 1 1
github.com/clawinfra/evoclaw/internal/orchestrator/orchestrator.go:307.36,309.3 1 0
github.com/clawinfra/evoclaw/internal/orchestrator/orchestrator.go:310.2,310.39 1 1
github.com/clawinfra/evoclaw/internal/orchestrator/orchestrator.go:310.39,312.3 1 0
github.com/clawinfra/evoclaw/internal/orchestrator/orchestrator.go:313.2,313.37 1 1
github.com/clawinfra/evoclaw/internal/orchestrator/orchestrator.go:313.37,315.3 1 0
github.com/clawinfra/evoclaw/internal/orchestrator/orchestrator.go:316.2,316.41 1 1
github.com/clawinfra/evoclaw/internal/orchestrator/orchestrator.go:316.41,318.3 1 0
github.com/clawinfra/evoclaw/internal/orchestrator/orchestrator.go:319.2,319.43 1 1
github.com/clawinfra/evoclaw/internal/orchestrator/orchestrator.go:319.43,321.3 1 0
github.com/clawinfra/evoclaw/internal/orchestrator/orchestrator.go:322.2,322.46 1 1
github.com/clawinfra/evoclaw/internal/orchestrator/orchestrator.go:322.46,324.3 1 0
github.com/clawinfra/evoclaw/internal/orchestrator/orchestrator.go:326.2,327.16 2 1
github.com/clawinfra/evoclaw/internal/orchestrator/orchestrator.go:327.16,329.3 1 0
github.com/clawinfra/evoclaw/internal/orchestrator/orchestrator.go:331.2,331.41 1 1
github.com/clawinfra/evoclaw/internal/orchestrator/orchestrator.go:331.41,333.3 1 1
github.com/clawinfra/evoclaw/internal/orchestrator/orchestrator.go:335.2,339.43 3 0
github.com/clawinfra/evoclaw/internal/orchestrator/orchestrator.go:339.43,341.3 1 0
github.com/clawinfra/evoclaw/internal/orchestrator/orchestrator.go:343.2,343.92 1 0
github.com/clawinfra/evoclaw/internal/orchestrator/orchestrator.go:343.92,345.22 2 0
github.com/clawinfra/evoclaw/internal/orchestrator/orchestrator.go:345.22,347.4 1 0
github.com/clawinfra/evoclaw/internal/orchestrator/orchestrator.go:348.3,355.17 2 0
github.com/clawinfra/evoclaw/internal/orchestrator/orchestrator.go:355.17,357.4 1 0
github.com/clawinfra/evoclaw/internal/orchestrator/orchestrator.go:358.3,358.27 1 0
github.com/clawinfra/evoclaw/internal/orchestrator/orchestrator.go:361.2,368.12 2 0
github.com/clawinfra/evoclaw/internal/orchestrator/orchestrator.go:372.44,383.16 4 1
github.com/clawinfra/evoclaw/internal/orchestrator/orchestrator.go:383.16,385.3 1 0
github.com/clawinfra/evoclaw/internal/orchestrator/orchestrator.go:387.2,389.58 2 1
github.com/clawinfra/evoclaw/internal/orchestrator/orchestrator.go:389.58,391.3 1 1
github.com/clawinfra/evoclaw/internal/orchestrator/orchestrator.go:393.2,399.12 2 0
github.com/clawinfra/evoclaw/internal/orchestrator/orchestrator.go:403.66,405.2 1 1
github.com/clawinfra/evoclaw/internal/orchestrator/orchestrator.go:408.37,413.21 3 1
github.com/clawinfra/evoclaw/internal/orchestrator/orchestrator.go:413.21,415.3 1 0
github.com/clawinfra/evoclaw/internal/orchestrator/orchestrator.go:418.2,418.24 1 1
github.com/clawinfra/evoclaw/internal/orchestrator/orchestrator.go:418.24,419.44 1 0
github.com/clawinfra/evoclaw/internal/orchestrator/orchestrator.go:419.44,421.4 1 0
github.com/clawinfra/evoclaw/internal/orchestrator/orchestrator.go:424.2,424.35 1 1
github.com/clawinfra/evoclaw/internal/orchestrator/orchestrator.go:424.35,425.35 1 1
github.com/clawinfra/evoclaw/internal/orchestrator/orchestrator.go:425.35,427.4 1 1
github.com/clawinfra/evoclaw/internal/orchestrator/orchestrator.go:430.2,430.12 1 1
github.com/clawinfra/evoclaw/internal/orchestrator/orchestrator.go:434.48,435.6 1 1
github.com/clawinfra/evoclaw/internal/orchestrator/orchestrator.go:435.6,436.10 1 1
github.com/clawinfra/evoclaw/internal/orchestrator/orchestrator.go:437.23,438.10 1 1
github.com/clawinfra/evoclaw/internal/orchestrator/orchestrator.go:439.30,441.18 2 1
github.com/clawinfra/evoclaw/internal/orchestrator/orchestrator.go:447.40,448.6 1 1
github.com/clawinfra/evoclaw/internal/orchestrator/orchestrator.go:448.6,449.10 1 1
github.com/clawinfra/evoclaw/internal/orchestrator/orchestrator.go:450.23,451.10 1 1
github.com/clawinfra/evoclaw/internal/orchestrator/orchestrator.go:452.25,453.24 1 1
github.com/clawinfra/evoclaw/internal/orchestrator/orchestrator.go:459.40,460.6 1 1
github.com/clawinfra/evoclaw/internal/orchestrator/orchestrator.go:460.6,461.10 1 1
github.com/clawinfra/evoclaw/internal/orchestrator/orchestrator.go:462.23,463.10 1 1
github.com/clawinfra/evoclaw/internal/orchestrator/orchestrator.go:464.27,469.11 4 1
github.com/clawinfra/evoclaw/internal/orchestrator/orchestrator.go:469.11,471.13 2 1
github.com/clawinfra/evoclaw/internal/orchestrator/orchestrator.go:474.4,474.47 1 1
github.com/clawinfra/evoclaw/internal/orchestrator/orchestrator.go:474.47,479.5 1 1
github.com/clawinfra/evoclaw/internal/orchestrator/orchestrator.go:485.51,494.19 3 1
github.com/clawinfra/evoclaw/internal/orchestrator/orchestrator.go:494.19,497.3 2 1
github.com/clawinfra/evoclaw/internal/orchestrator/orchestrator.go:499.2,503.9 4 1
github.com/clawinfra/evoclaw/internal/orchestrator/orchestrator.go:503.9,506.3 2 0
github.com/clawinfra/evoclaw/internal/orchestrator/orchestrator.go:509.2,512.42 2 1
github.com/clawinfra/evoclaw/internal/orchestrator/orchestrator.go:516.56,520.27 1 1
github.com/clawinfra/evoclaw/internal/orchestrator/orchestrator.go:520.27,522.3 1 1
github.com/clawinfra/evoclaw/internal/orchestrator/orchestrator.go:523.2,523.11 1 1
github.com/clawinfra/evoclaw/internal/orchestrator/orchestrator.go:527.75,532.27 1 1
github.com/clawinfra/evoclaw/internal/orchestrator/orchestrator.go:532.27,534.3 1 1
github.com/clawinfra/evoclaw/internal/orchestrator/orchestrator.go:535.2,535.37 1 1
github.com/clawinfra/evoclaw/internal/orchestrator/orchestrator.go:539.87,548.15 7 1
github.com/clawinfra/evoclaw/internal/orchestrator/orchestrator.go:548.15,552.3 3 1
github.com/clawinfra/evoclaw/internal/orchestrator/orchestrator.go:555.2,567.21 3 1
github.com/clawinfra/evoclaw/internal/orchestrator/orchestrator.go:567.21,570.3 2 1
github.com/clawinfra/evoclaw/internal/orchestrator/orchestrator.go:573.2,574.16 2 1
github.com/clawinfra/evoclaw/internal/orchestrator/orchestrator.go:574.16,581.3 6 1
github.com/clawinfra/evoclaw/internal/orchestrator/orchestrator.go:583.2,599.24 10 1
github.com/clawinfra/evoclaw/internal/orchestrator/orchestrator.go:599.24,608.36 3 1
github.com/clawinfra/evoclaw/internal/orchestrator/orchestrator.go:608.36,610.4 1 0
github.com/clawinfra/evoclaw/internal/orchestrator/orchestrator.go:612.3,612.46 1 1
github.com/clawinfra/evoclaw/internal/orchestrator/orchestrator.go:616.2,632.28 3 1
github.com/clawinfra/evoclaw/internal/orchestrator/orchestrator.go:632.28,633.13 1 1
github.com/clawinfra/evoclaw/internal/orchestrator/orchestrator.go:633.13,643.67 3 1
github.com/clawinfra/evoclaw/internal/orchestrator/orchestrator.go:643.67,645.5 1 0
github.com/clawinfra/evoclaw/internal/orchestrator/orchestrator.go:650.2,650.51 1 1
github.com/clawinfra/evoclaw/internal/orchestrator/orchestrator.go:650.51,651.13 1 1
github.com/clawinfra/evoclaw/internal/orchestrator/orchestrator.go:651.13,656.31 5 1
github.com/clawinfra/evoclaw/internal/orchestrator/orchestrator.go:656.31,661.5 4 1
github.com/clawinfra/evoclaw/internal/orchestrator/orchestrator.go:662.4,695.69 7 1
github.com/clawinfra/evoclaw/internal/orchestrator/orchestrator.go:695.69,697.5 1 0
github.com/clawinfra/evoclaw/internal/orchestrator/orchestrator.go:697.10,699.5 1 1
github.com/clawinfra/evoclaw/internal/orchestrator/orchestrator.go:704.2,704.21 1 1
github.com/clawinfra/evoclaw/internal/orchestrator/orchestrator.go:704.21,705.13 1 1
github.com/clawinfra/evoclaw/internal/orchestrator/orchestrator.go:705.13,721.88 6 1
github.com/clawinfra/evoclaw/internal/orchestrator/orchestrator.go:721.88,723.5 1 0
github.com/clawinfra/evoclaw/internal/orchestrator/orchestrator.go:723.10,728.5 1 1
github.com/clawinfra/evoclaw/internal/orchestrator/orchestrator.go:734.65,738.32 1 1
github.com/clawinfra/evoclaw/internal/orchestrator/orchestrator.go:738.32,740.3 1 1
github.com/clawinfra/evoclaw/internal/orchestrator/orchestrator.go:741.2,741.12 1 1
github.com/clawinfra/evoclaw/internal/orchestrator/orchestrator.go:745.40,749.6 3 1
github.com/clawinfra/evoclaw/internal/orchestrator/orchestrator.go:749.6,750.10 1 1
github.com/clawinfra/evoclaw/internal/orchestrator/orchestrator.go:751.23,752.10 1 1
github.com/clawinfra/evoclaw/internal/orchestrator/orchestrator.go:753.19,754.22 1 1
github.com/clawinfra/evoclaw/internal/orchestrator/orchestrator.go:760.41,761.24 1 1
github.com/clawinfra/evoclaw/internal/orchestrator/orchestrator.go:761.24,763.3 1 1
github.com/clawinfra/evoclaw/internal/orchestrator/orchestrator.go:765.2,768.33 3 1
github.com/clawinfra/evoclaw/internal/orchestrator/orchestrator.go:768.33,775.70 6 1
github.com/clawinfra/evoclaw/internal/orchestrator/orchestrator.go:775.70,776.12 1 1
github.com/clawinfra/evoclaw/internal/orchestrator/orchestrator.go:779.3,779.20 1 1
github.com/clawinfra/evoclaw/internal/orchestrator/orchestrator.go:779.20,780.12 1 1
github.com/clawinfra/evoclaw/internal/orchestrator/orchestrator.go:784.3,784.47 1 1
github.com/clawinfra/evoclaw/internal/orchestrator/orchestrator.go:784.47,785.22 1 1
github.com/clawinfra/evoclaw/internal/orchestrator/orchestrator.go:785.22,786.13 1 0
github.com/clawinfra/evoclaw/internal/orchestrator/orchestrator.go:790.4,799.54 3 1
github.com/clawinfra/evoclaw/internal/orchestrator/orchestrator.go:799.54,801.19 2 1
github.com/clawinfra/evoclaw/internal/orchestrator/orchestrator.go:801.19,807.14 2 0
github.com/clawinfra/evoclaw/internal/orchestrator/orchestrator.go:810.5,820.19 4 1
github.com/clawinfra/evoclaw/internal/orchestrator/orchestrator.go:820.19,826.14 2 0
github.com/clawinfra/evoclaw/internal/orchestrator/orchestrator.go:829.5,829.21 1 1
github.com/clawinfra/evoclaw/internal/orchestrator/orchestrator.go:829.21,842.6 5 1
github.com/clawinfra/evoclaw/internal/orchestrator/orchestrator.go:843.10,852.38 3 1
github.com/clawinfra/evoclaw/internal/orchestrator/orchestrator.go:852.38,854.6 1 0
github.com/clawinfra/evoclaw/internal/orchestrator/orchestrator.go:856.5,858.54 3 1
github.com/clawinfra/evoclaw/internal/orchestrator/orchestrator.go:858.54,863.6 4 1
github.com/clawinfra/evoclaw/internal/orchestrator/orchestrator.go:870.96,876.30 5 1
github.com/clawinfra/evoclaw/internal/orchestrator/orchestrator.go:876.30,878.3 1 1
github.com/clawinfra/evoclaw/internal/orchestrator/orchestrator.go:881.2,890.35 3 1
github.com/clawinfra/evoclaw/internal/orchestrator/orchestrator.go:890.35,891.72 1 1
github.com/clawinfra/evoclaw/internal/orchestrator/orchestrator.go:891.72,894.4 1 1
github.com/clawinfra/evoclaw/internal/orchestrator/orchestrator.go:897.2,897.20 1 1
github.com/clawinfra/evoclaw/internal/orchestrator/orchestrator.go:901.97,902.15 1 1
github.com/clawinfra/evoclaw/internal/orchestrator/orchestrator.go:902.15,906.3 3 1
github.com/clawinfra/evoclaw/internal/orchestrator/orchestrator.go:908.2,918.52 3 1
github.com/clawinfra/evoclaw/internal/orchestrator/orchestrator.go:918.52,919.100 1 1
github.com/clawinfra/evoclaw/internal/orchestrator/orchestrator.go:919.100,926.4 2 0
github.com/clawinfra/evoclaw/internal/orchestrator/orchestrator.go:928.3,934.52 2 1
github.com/clawinfra/evoclaw/internal/orchestrator/orchestrator.go:934.52,935.14 1 1
github.com/clawinfra/evoclaw/internal/orchestrator/orchestrator.go:935.14,952.63 4 1
github.com/clawinfra/evoclaw/internal/orchestrator/orchestrator.go:952.63,954.6 1 0
github.com/clawinfra/evoclaw/internal/orchestrator/orchestrator.go:961.79,962.15 1 1
github.com/clawinfra/evoclaw/internal/orchestrator/orchestrator.go:962.15,966.3 3 1
github.com/clawinfra/evoclaw/internal/orchestrator/orchestrator.go:968.2,972.16 3 1
github.com/clawinfra/evoclaw/internal/orchestrator/orchestrator.go:972.16,975.3 2 0
github.com/clawinfra/evoclaw/internal/orchestrator/orchestrator.go:978.2,987.51 5 1
github.com/clawinfra/evoclaw/internal/orchestrator/orchestrator.go:987.51,988.13 1 0
github.com/clawinfra/evoclaw/internal/orchestrator/orchestrator.go:988.13,1005.62 4 0
github.com/clawinfra/evoclaw/internal/orchestrator/orchestrator.go:1005.62,1007.5 1 0
github.com/clawinfra/evoclaw/internal/orchestrator/orchestrator.go:1013.79,1018.9 4 1
github.com/clawinfra/evoclaw/internal/orchestrator/orchestrator.go:1018.9,1020.3 1 1
github.com/clawinfra/evoclaw/internal/orchestrator/orchestrator.go:1022.2,1026.16 4 1
github.com/clawinfra/evoclaw/internal/orchestrator/orchestrator.go:1042.49,1047.29 4 1
github.com/clawinfra/evoclaw/internal/orchestrator/orchestrator.go:1047.29,1060.3 3 1
github.com/clawinfra/evoclaw/internal/orchestrator/orchestrator.go:1061.2,1061.15 1 1
