mode: set
github.com/clawinfra/evoclaw/internal/orchestrator/orchestrator.go:123.65,136.2 2 1
github.com/clawinfra/evoclaw/internal/orchestrator/orchestrator.go:139.52,144.2 4 1
github.com/clawinfra/evoclaw/internal/orchestrator/orchestrator.go:147.58,152.2 4 1
github.com/clawinfra/evoclaw/internal/orchestrator/orchestrator.go:155.62,160.2 4 1
github.com/clawinfra/evoclaw/internal/orchestrator/orchestrator.go:163.38,171.35 2 1
github.com/clawinfra/evoclaw/internal/orchestrator/orchestrator.go:171.35,173.41 2 1
github.com/clawinfra/evoclaw/internal/orchestrator/orchestrator.go:173.41,175.4 1 0
github.com/clawinfra/evoclaw/internal/orchestrator/orchestrator.go:179.2,179.35 1 1
github.com/clawinfra/evoclaw/internal/orchestrator/orchestrator.go:179.35,190.3 2 1
github.com/clawinfra/evoclaw/internal/orchestrator/orchestrator.go:193.2,197.32 3 1
github.com/clawinfra/evoclaw/internal/orchestrator/orchestrator.go:197.32,199.3 1 1
github.com/clawinfra/evoclaw/internal/orchestrator/orchestrator.go:202.2,202.29 1 1
github.com/clawinfra/evoclaw/internal/orchestrator/orchestrator.go:202.29,204.3 1 1
github.com/clawinfra/evoclaw/internal/orchestrator/orchestrator.go:206.2,207.12 2 1
github.com/clawinfra/evoclaw/internal/orchestrator/orchestrator.go:211.37,215.35 3 1
github.com/clawinfra/evoclaw/internal/orchestrator/orchestrator.go:215.35,216.35 1 1
github.com/clawinfra/evoclaw/internal/orchestrator/orchestrator.go:216.35,218.4 1 1
github.com/clawinfra/evoclaw/internal/orchestrator/orchestrator.go:221.2,221.12 1 1
github.com/clawinfra/evoclaw/internal/orchestrator/orchestrator.go:225.48,226.6 1 1
github.com/clawinfra/evoclaw/internal/orchestrator/orchestrator.go:226.6,227.10 1 1
github.com/clawinfra/evoclaw/internal/orchestrator/orchestrator.go:228.23,229.10 1 1
github.com/clawinfra/evoclaw/internal/orchestrator/orchestrator.go:230.30,232.18 2 1
github.com/clawinfra/evoclaw/internal/orchestrator/orchestrator.go:238.40,239.6 1 1
github.com/clawinfra/evoclaw/internal/orchestrator/orchestrator.go:239.6,240.10 1 1
github.com/clawinfra/evoclaw/internal/orchestrator/orchestrator.go:241.23,242.10 1 1
github.com/clawinfra/evoclaw/internal/orchestrator/orchestrator.go:243.25,244.24 1 1
github.com/clawinfra/evoclaw/internal/orchestrator/orchestrator.go:250.40,251.6 1 1
github.com/clawinfra/evoclaw/internal/orchestrator/orchestrator.go:251.6,252.10 1 1
github.com/clawinfra/evoclaw/internal/orchestrator/orchestrator.go:253.23,254.10 1 1
github.com/clawinfra/evoclaw/internal/orchestrator/orchestrator.go:255.27,260.11 4 1
github.com/clawinfra/evoclaw/internal/orchestrator/orchestrator.go:260.11,262.13 2 1
github.com/clawinfra/evoclaw/internal/orchestrator/orchestrator.go:265.4,265.47 1 1
github.com/clawinfra/evoclaw/internal/orchestrator/orchestrator.go:265.47,270.5 1 0
github.com/clawinfra/evoclaw/internal/orchestrator/orchestrator.go:276.51,285.19 3 1
github.com/clawinfra/evoclaw/internal/orchestrator/orchestrator.go:285.19,288.3 2 1
github.com/clawinfra/evoclaw/internal/orchestrator/orchestrator.go:290.2,294.9 4 1
github.com/clawinfra/evoclaw/internal/orchestrator/orchestrator.go:294.9,297.3 2 0
github.com/clawinfra/evoclaw/internal/orchestrator/orchestrator.go:300.2,303.42 2 1
github.com/clawinfra/evoclaw/internal/orchestrator/orchestrator.go:307.56,311.27 1 1
github.com/clawinfra/evoclaw/internal/orchestrator/orchestrator.go:311.27,313.3 1 1
github.com/clawinfra/evoclaw/internal/orchestrator/orchestrator.go:314.2,314.11 1 1
github.com/clawinfra/evoclaw/internal/orchestrator/orchestrator.go:318.75,323.27 1 1
github.com/clawinfra/evoclaw/internal/orchestrator/orchestrator.go:323.27,325.3 1 1
github.com/clawinfra/evoclaw/internal/orchestrator/orchestrator.go:326.2,326.37 1 1
github.com/clawinfra/evoclaw/internal/orchestrator/orchestrator.go:330.87,339.15 7 1
github.com/clawinfra/evoclaw/internal/orchestrator/orchestrator.go:339.15,343.3 3 1
github.com/clawinfra/evoclaw/internal/orchestrator/orchestrator.go:346.2,358.21 3 1
github.com/clawinfra/evoclaw/internal/orchestrator/orchestrator.go:358.21,361.3 2 1
github.com/clawinfra/evoclaw/internal/orchestrator/orchestrator.go:364.2,365.16 2 1
github.com/clawinfra/evoclaw/internal/orchestrator/orchestrator.go:365.16,372.3 6 1
github.com/clawinfra/evoclaw/internal/orchestrator/orchestrator.go:374.2,390.24 10 1
github.com/clawinfra/evoclaw/internal/orchestrator/orchestrator.go:390.24,399.36 3 1
github.com/clawinfra/evoclaw/internal/orchestrator/orchestrator.go:399.36,401.4 1 0
github.com/clawinfra/evoclaw/internal/orchestrator/orchestrator.go:403.3,403.46 1 1
github.com/clawinfra/evoclaw/internal/orchestrator/orchestrator.go:407.2,420.3 2 1
github.com/clawinfra/evoclaw/internal/orchestrator/orchestrator.go:424.65,428.32 1 1
github.com/clawinfra/evoclaw/internal/orchestrator/orchestrator.go:428.32,430.3 1 1
github.com/clawinfra/evoclaw/internal/orchestrator/orchestrator.go:431.2,431.12 1 1
github.com/clawinfra/evoclaw/internal/orchestrator/orchestrator.go:435.40,439.6 3 1
github.com/clawinfra/evoclaw/internal/orchestrator/orchestrator.go:439.6,440.10 1 1
github.com/clawinfra/evoclaw/internal/orchestrator/orchestrator.go:441.23,442.10 1 1
github.com/clawinfra/evoclaw/internal/orchestrator/orchestrator.go:443.19,444.22 1 1
github.com/clawinfra/evoclaw/internal/orchestrator/orchestrator.go:450.41,451.24 1 1
github.com/clawinfra/evoclaw/internal/orchestrator/orchestrator.go:451.24,453.3 1 1
github.com/clawinfra/evoclaw/internal/orchestrator/orchestrator.go:455.2,458.33 3 1
github.com/clawinfra/evoclaw/internal/orchestrator/orchestrator.go:458.33,464.70 5 1
github.com/clawinfra/evoclaw/internal/orchestrator/orchestrator.go:464.70,465.12 1 1
github.com/clawinfra/evoclaw/internal/orchestrator/orchestrator.go:468.3,477.36 3 1
github.com/clawinfra/evoclaw/internal/orchestrator/orchestrator.go:477.36,479.4 1 0
github.com/clawinfra/evoclaw/internal/orchestrator/orchestrator.go:482.3,495.52 4 1
github.com/clawinfra/evoclaw/internal/orchestrator/orchestrator.go:495.52,508.4 5 1
github.com/clawinfra/evoclaw/internal/orchestrator/orchestrator.go:513.79,514.15 1 1
github.com/clawinfra/evoclaw/internal/orchestrator/orchestrator.go:514.15,518.3 3 1
github.com/clawinfra/evoclaw/internal/orchestrator/orchestrator.go:520.2,524.16 3 1
github.com/clawinfra/evoclaw/internal/orchestrator/orchestrator.go:524.16,527.3 2 0
github.com/clawinfra/evoclaw/internal/orchestrator/orchestrator.go:530.2,536.64 4 1
github.com/clawinfra/evoclaw/internal/orchestrator/orchestrator.go:540.79,545.9 4 1
github.com/clawinfra/evoclaw/internal/orchestrator/orchestrator.go:545.9,547.3 1 1
github.com/clawinfra/evoclaw/internal/orchestrator/orchestrator.go:549.2,553.16 4 1
github.com/clawinfra/evoclaw/internal/orchestrator/orchestrator.go:569.49,574.29 4 1
github.com/clawinfra/evoclaw/internal/orchestrator/orchestrator.go:574.29,587.3 3 1
github.com/clawinfra/evoclaw/internal/orchestrator/orchestrator.go:588.2,588.15 1 1
